Log file open, 08/22/18 14:59:13
LogWindows: Failed to load 'aqProf.dll' (GetLastError=126)
LogWindows: File 'aqProf.dll' does not exist
LogWindows: Failed to load 'VSPerf140.dll' (GetLastError=126)
LogWindows: File 'VSPerf140.dll' does not exist
LogWindows: Failed to load 'VtuneApi.dll' (GetLastError=126)
LogWindows: File 'VtuneApi.dll' does not exist
LogWindows: Failed to load 'VtuneApi32e.dll' (GetLastError=126)
LogWindows: File 'VtuneApi32e.dll' does not exist
LogInit: Display: Running engine for game: BuildingEscape
LogPlatformFile: Not using cached read wrapper
LogTaskGraph: Started task graph with 5 named threads and 35 total threads with 3 sets of task threads.
LogStats: Stats thread started at 0.386086
LogD3D11RHI: Loaded GFSDK_Aftermath_Lib.x64.dll
LogICUInternationalization: Display: ICU TimeZone Detection - Raw Offset: +2:00, Platform Override: ''
LogPluginManager: Mounting plugin Paper2D
LogPluginManager: Mounting plugin AISupport
LogPluginManager: Mounting plugin LightPropagationVolume
LogPluginManager: Mounting plugin CLionSourceCodeAccess
LogPluginManager: Mounting plugin CodeLiteSourceCodeAccess
LogPluginManager: Mounting plugin GitSourceControl
LogPluginManager: Mounting plugin KDevelopSourceCodeAccess
LogPluginManager: Mounting plugin NullSourceCodeAccess
LogPluginManager: Mounting plugin PerforceSourceControl
LogPluginManager: Mounting plugin SubversionSourceControl
LogPluginManager: Mounting plugin UObjectPlugin
LogPluginManager: Mounting plugin VisualStudioCodeSourceCodeAccess
LogPluginManager: Mounting plugin VisualStudioSourceCodeAccess
LogPluginManager: Mounting plugin XCodeSourceCodeAccess
LogPluginManager: Mounting plugin AssetManagerEditor
LogPluginManager: Mounting plugin CryptoKeys
LogPluginManager: Mounting plugin DataValidation
LogPluginManager: Mounting plugin FacialAnimation
LogPluginManager: Mounting plugin GameplayTagsEditor
LogPluginManager: Mounting plugin MacGraphicsSwitching
LogPluginManager: Mounting plugin MeshEditor
LogPluginManager: Mounting plugin MobileLauncherProfileWizard
LogPluginManager: Mounting plugin PluginBrowser
LogPluginManager: Mounting plugin SpeedTreeImporter
LogPluginManager: Mounting plugin DatasmithContent
LogPluginManager: Mounting plugin AlembicImporter
LogPluginManager: Mounting plugin AppleImageUtils
LogPluginManager: Mounting plugin AppleVision
LogPluginManager: Mounting plugin BackChannel
LogPluginManager: Mounting plugin CharacterAI
LogPluginManager: Mounting plugin GeometryCache
LogPluginManager: Mounting plugin HTML5Networking
LogPluginManager: Mounting plugin ProxyLODPlugin
LogPluginManager: Mounting plugin MagicLeap
LogPluginManager: Mounting plugin MagicLeapEmulator
LogPluginManager: Mounting plugin MagicLeapMedia
LogPluginManager: Mounting plugin AndroidMedia
LogPluginManager: Mounting plugin AvfMedia
LogPluginManager: Mounting plugin ImgMedia
LogPluginManager: Mounting plugin LinearTimecode
LogPluginManager: Mounting plugin MediaCompositing
LogPluginManager: Mounting plugin MediaPlayerEditor
LogPluginManager: Mounting plugin WmfMedia
LogPluginManager: Mounting plugin TcpMessaging
LogPluginManager: Mounting plugin UdpMessaging
LogPluginManager: Mounting plugin ActorSequence
LogPluginManager: Mounting plugin LevelSequenceEditor
LogPluginManager: Mounting plugin MatineeToLevelSequence
LogPluginManager: Mounting plugin NetcodeUnitTest
LogPluginManager: Mounting plugin NUTUnrealEngine4
LogPluginManager: Mounting plugin OnlineSubsystemGooglePlay
LogPluginManager: Mounting plugin OnlineSubsystemIOS
LogPluginManager: Mounting plugin OnlineSubsystem
LogPluginManager: Mounting plugin OnlineSubsystemNull
LogPluginManager: Mounting plugin OnlineSubsystemUtils
LogPluginManager: Mounting plugin LauncherChunkInstaller
LogPluginManager: Mounting plugin AndroidDeviceProfileSelector
LogPluginManager: Mounting plugin AndroidMoviePlayer
LogPluginManager: Mounting plugin AndroidPermission
LogPluginManager: Mounting plugin AppleMoviePlayer
LogPluginManager: Mounting plugin ArchVisCharacter
LogPluginManager: Mounting plugin AudioCapture
LogPluginManager: Mounting plugin CableComponent
LogPluginManager: Mounting plugin CustomMeshComponent
LogPluginManager: Mounting plugin EditableMesh
LogPluginManager: Mounting plugin ExampleDeviceProfileSelector
LogPluginManager: Mounting plugin GoogleCloudMessaging
LogPluginManager: Mounting plugin ImmediatePhysics
LogPluginManager: Mounting plugin IOSDeviceProfileSelector
LogPluginManager: Mounting plugin LinuxDeviceProfileSelector
LogPluginManager: Mounting plugin LocationServicesBPLibrary
LogPluginManager: Mounting plugin MobilePatchingUtils
LogPluginManager: Mounting plugin OculusVR
LogPluginManager: Plugin shader directory ../../../Engine/Plugins/Runtime/Oculus/OculusVR/Shaders found
LogPluginManager: Mapping shader source directory ../../../Engine/Plugins/Runtime/Oculus/OculusVR/Shaders to virtual directory /Plugin/OculusVR
LogPluginManager: Mounting plugin PhysXVehicles
LogPluginManager: Mounting plugin ProceduralMeshComponent
LogPluginManager: Mounting plugin RuntimePhysXCooking
LogPluginManager: Mounting plugin SteamVR
LogPluginManager: Mounting plugin WindowsMoviePlayer
LogStreaming: Display: Took  0.052s to configure plugins.
LogInit: Using libcurl 7.55.1-DEV
LogInit:  - built for x86_64-pc-win32
LogInit:  - supports SSL with OpenSSL/1.0.2h
LogInit:  - supports HTTP deflate (compression) using libz 1.2.8
LogInit:  - other features:
LogInit:      CURL_VERSION_SSL
LogInit:      CURL_VERSION_LIBZ
LogInit:      CURL_VERSION_IPV6
LogInit:      CURL_VERSION_ASYNCHDNS
LogInit:      CURL_VERSION_LARGEFILE
LogInit:      CURL_VERSION_IDN
LogInit:  CurlRequestOptions (configurable via config and command line):
LogInit:  - bVerifyPeer = false  - Libcurl will NOT verify peer certificate
LogInit:  - bUseHttpProxy = false  - Libcurl will NOT use HTTP proxy
LogInit:  - bDontReuseConnections = false  - Libcurl will reuse connections
LogInit:  - CertBundlePath = nullptr  - Libcurl will use whatever was configured at build time.
LogInit:  - MaxHostConnections = 16  - Libcurl will limit the number of connections to a host
LogInit:  - LocalHostAddr = Default
LogInit:  - BufferSize = 65536
LogInit: WinSock: version 1.1 (2.2), MaxSocks=32767, MaxUdp=65467
LogInit: Build: ++UE4+Release-4.20-CL-4212847
LogInit: Engine Version: 4.20.0-4212847+++UE4+Release-4.20
LogInit: Compatible Engine Version: 4.20.0-4212847+++UE4+Release-4.20
LogInit: Net CL: 4212847
LogInit: OS: Windows 10 (), CPU: Intel(R) Core(TM) i7-8700K CPU @ 3.70GHz, GPU: NVIDIA GeForce GTX 1080
LogInit: Compiled (64-bit): Jul 14 2018 09:51:14
LogInit: Compiled with Visual C++: 19.13.26129.00
LogInit: Build Configuration: Development
LogInit: Branch Name: ++UE4+Release-4.20
LogInit: Command Line:  
LogInit: Base Directory: D:/Tools/Engines/Unreal/UE_4.20/Engine/Binaries/Win64/
LogInit: Installed Engine Build: 1
LogDevObjectVersion: Number of dev versions registered: 20
LogDevObjectVersion:   Dev-Blueprints (B0D832E4-1F89-4F0D-ACCF-7EB736FD4AA2): 10
LogDevObjectVersion:   Dev-Build (E1C64328-A22C-4D53-A36C-8E866417BD8C): 0
LogDevObjectVersion:   Dev-Core (375EC13C-06E4-48FB-B500-84F0262A717E): 2
LogDevObjectVersion:   Dev-Editor (E4B068ED-F494-42E9-A231-DA0B2E46BB41): 24
LogDevObjectVersion:   Dev-Framework (CFFC743F-43B0-4480-9391-14DF171D2073): 34
LogDevObjectVersion:   Dev-Mobile (B02B49B5-BB20-44E9-A304-32B752E40360): 2
LogDevObjectVersion:   Dev-Networking (A4E4105C-59A1-49B5-A7C5-40C4547EDFEE): 0
LogDevObjectVersion:   Dev-Online (39C831C9-5AE6-47DC-9A44-9C173E1C8E7C): 0
LogDevObjectVersion:   Dev-Physics (78F01B33-EBEA-4F98-B9B4-84EACCB95AA2): 0
LogDevObjectVersion:   Dev-Platform (6631380F-2D4D-43E0-8009-CF276956A95A): 0
LogDevObjectVersion:   Dev-Rendering (12F88B9F-8875-4AFC-A67C-D90C383ABD29): 26
LogDevObjectVersion:   Dev-Sequencer (7B5AE74C-D270-4C10-A958-57980B212A5A): 9
LogDevObjectVersion:   Dev-VR (D7296918-1DD6-4BDD-9DE2-64A83CC13884): 2
LogDevObjectVersion:   Dev-LoadTimes (C2A15278-BFE7-4AFE-6C17-90FF531DF755): 1
LogDevObjectVersion:   Private-Geometry (6EACA3D4-40EC-4CC1-B786-8BED09428FC5): 3
LogDevObjectVersion:   Dev-AnimPhys (29E575DD-E0A3-4627-9D10-D276232CDCEA): 17
LogDevObjectVersion:   Dev-ReflectionCapture (6B266CEC-1EC7-4B8F-A30B-E4D90942FC07): 1
LogDevObjectVersion:   Dev-Automation (0DF73D61-A23F-47EA-B727-89E90C41499A): 1
LogDevObjectVersion:   FortniteMain (601D1886-AC64-4F84-AA16-D3DE0DEAC7D6): 12
LogDevObjectVersion:   Dev-Enterprise (9DFFBCD6-494F-0158-E221-12823C92A888): 1
LogStreaming: Display: Took  0.001s to delete old logs.
LogInit: Presizing for max 8388607 objects, including 0 objects not considered by GC, pre-allocating 0 bytes for permanent pool.
LogInit: Object subsystem initialized
[2018.08.22-12.59.14:051][  0]LogInit: Selected Device Profile: [Windows]
[2018.08.22-12.59.14:051][  0]LogInit: Applying CVar settings loaded from the selected device profile: [Windows]
[2018.08.22-12.59.14:061][  0]LogHAL: Display: Platform has ~ 16 GB [17128759296 / 17179869184 / 16], which maps to Larger [LargestMinGB=32, LargerMinGB=12, DefaultMinGB=8, SmallerMinGB=6, SmallestMinGB=0)
[2018.08.22-12.59.14:061][  0]LogInit: Setting Device Profile CVar: [[r.Vulkan.UseRealUBs:1]]
[2018.08.22-12.59.14:061][  0]LogInit: Going up to parent DeviceProfile []
[2018.08.22-12.59.14:061][  0]LogInit: Computer: DESKTOP-G8IDVO9
[2018.08.22-12.59.14:061][  0]LogInit: User: kchin
[2018.08.22-12.59.14:061][  0]LogInit: CPU Page size=4096, Cores=6
[2018.08.22-12.59.14:061][  0]LogInit: High frequency timer resolution =3.609384 MHz
[2018.08.22-12.59.14:061][  0]LogMemory: Memory total: Physical=16.0GB (16GB approx)
[2018.08.22-12.59.14:061][  0]LogMemory: Platform Memory Stats for Windows
[2018.08.22-12.59.14:061][  0]LogMemory: Process Physical Memory: 101.14 MB used, 101.14 MB peak
[2018.08.22-12.59.14:061][  0]LogMemory: Process Virtual Memory: 85.98 MB used, 85.98 MB peak
[2018.08.22-12.59.14:061][  0]LogMemory: Physical Memory: 7996.68 MB used,  8338.58 MB free, 16335.26 MB total
[2018.08.22-12.59.14:062][  0]LogMemory: Virtual Memory: 4651.26 MB used,  8338.58 MB free, 134217728.00 MB total
[2018.08.22-12.59.14:075][  0]LogInit: Using OS detected language (en-GB).
[2018.08.22-12.59.14:075][  0]LogInit: Using OS detected locale (en-ZA).
[2018.08.22-12.59.14:076][  0]LogTextLocalizationManager: No specific localization for 'en-GB' exists, so the 'en' localization will be used.
[2018.08.22-12.59.14:361][  0]LogStreaming: Display: Took  0.286s to InitEngineTextLocalization.
[2018.08.22-12.59.14:361][  0]LogInit: Setting process to per monitor DPI aware
[2018.08.22-12.59.14:381][  0]LogSlate: New Slate User Created.  User Index 0, Is Virtual User: 0
[2018.08.22-12.59.14:381][  0]LogSlate: Slate User Registered.  User Index 0, Is Virtual User: 0
[2018.08.22-12.59.14:528][  0]LogHMD: Failed to initialize OpenVR with code 110
[2018.08.22-12.59.14:528][  0]LogD3D11RHI: D3D11 adapters:
[2018.08.22-12.59.14:578][  0]LogD3D11RHI:    0. 'NVIDIA GeForce GTX 1080' (Feature Level 11_0)
[2018.08.22-12.59.14:578][  0]LogD3D11RHI:       8079/0/8167 MB DedicatedVideo/DedicatedSystem/SharedSystem, Outputs:2, VendorId:0x10de
[2018.08.22-12.59.14:580][  0]LogD3D11RHI:    1. 'Microsoft Basic Render Driver' (Feature Level 11_0)
[2018.08.22-12.59.14:580][  0]LogD3D11RHI:       0/0/8167 MB DedicatedVideo/DedicatedSystem/SharedSystem, Outputs:0, VendorId:0x1414
[2018.08.22-12.59.14:580][  0]LogD3D11RHI: Chosen D3D11 Adapter: 0
[2018.08.22-12.59.14:586][  0]LogD3D11RHI: Creating new Direct3DDevice
[2018.08.22-12.59.14:586][  0]LogD3D11RHI:     GPU DeviceId: 0x1b80 (for the marketing name, search the web for "GPU Device Id")
[2018.08.22-12.59.14:586][  0]LogWindows: EnumDisplayDevices:
[2018.08.22-12.59.14:586][  0]LogWindows:    0. 'NVIDIA GeForce GTX 1080' (P:1 D:1)
[2018.08.22-12.59.14:586][  0]LogWindows:    1. 'NVIDIA GeForce GTX 1080' (P:0 D:1)
[2018.08.22-12.59.14:586][  0]LogWindows:    2. 'NVIDIA GeForce GTX 1080' (P:0 D:0)
[2018.08.22-12.59.14:587][  0]LogWindows:    3. 'NVIDIA GeForce GTX 1080' (P:0 D:0)
[2018.08.22-12.59.14:587][  0]LogWindows: DebugString: FoundDriverCount:4 
[2018.08.22-12.59.14:587][  0]LogD3D11RHI:     Adapter Name: NVIDIA GeForce GTX 1080
[2018.08.22-12.59.14:587][  0]LogD3D11RHI:   Driver Version: 398.82 (internal:24.21.13.9882, unified:398.82)
[2018.08.22-12.59.14:587][  0]LogD3D11RHI:      Driver Date: 7-30-2018
[2018.08.22-12.59.14:587][  0]LogRHI: Texture pool is 5655 MB (70% of 8079 MB)
[2018.08.22-12.59.14:617][  0]LogD3D11RHI: Async texture creation enabled
[2018.08.22-12.59.14:633][  0]LogD3D11RHI: GPU Timing Frequency: 1000.000000 (Debug: 2 2)
[2018.08.22-12.59.14:682][  0]LogShaderCompilers: Guid format shader working directory is -23 characters bigger than the processId version (../../../../../../../GithubRepositories/BuildingEscape/BuildingEscape/Intermediate/Shaders/WorkingDirectory/4140/).
[2018.08.22-12.59.14:682][  0]LogShaderCompilers: Cleaned the shader compiler working directory 'C:/Users/kchin/AppData/Local/Temp/UnrealShaderWorkingDir/5545794E4EE8C9028444018D8BC4DEF2/'.
[2018.08.22-12.59.14:881][  0]LogTemp: Display: Loaded TP AllDesktopTargetPlatform
[2018.08.22-12.59.14:891][  0]LogTemp: Display: Loaded TP MacClientTargetPlatform
[2018.08.22-12.59.14:900][  0]LogTemp: Display: Loaded TP MacNoEditorTargetPlatform
[2018.08.22-12.59.14:909][  0]LogTemp: Display: Loaded TP MacServerTargetPlatform
[2018.08.22-12.59.14:918][  0]LogTemp: Display: Loaded TP MacTargetPlatform
[2018.08.22-12.59.14:927][  0]LogTemp: Display: Loaded TP WindowsClientTargetPlatform
[2018.08.22-12.59.14:937][  0]LogTemp: Display: Loaded TP WindowsNoEditorTargetPlatform
[2018.08.22-12.59.14:946][  0]LogTemp: Display: Loaded TP WindowsServerTargetPlatform
[2018.08.22-12.59.14:950][  0]LogTemp: Display: Loaded TP WindowsTargetPlatform
[2018.08.22-12.59.15:009][  0]LogTemp: Display: Loaded TP AndroidTargetPlatform
[2018.08.22-12.59.15:009][  0]LogTemp: Display: Loaded TP AndroidTargetPlatform
[2018.08.22-12.59.15:009][  0]LogTemp: Display: Loaded TP AndroidTargetPlatform
[2018.08.22-12.59.15:009][  0]LogTemp: Display: Loaded TP AndroidTargetPlatform
[2018.08.22-12.59.15:009][  0]LogTemp: Display: Loaded TP AndroidTargetPlatform
[2018.08.22-12.59.15:009][  0]LogTemp: Display: Loaded TP AndroidTargetPlatform
[2018.08.22-12.59.15:009][  0]LogTemp: Display: Loaded TP AndroidTargetPlatform
[2018.08.22-12.59.15:009][  0]LogTemp: Display: Loaded TP AndroidTargetPlatform
[2018.08.22-12.59.15:009][  0]LogTemp: Display: Loaded TP AndroidTargetPlatform
[2018.08.22-12.59.15:009][  0]LogTemp: Display: Loaded TP AndroidTargetPlatform
[2018.08.22-12.59.15:009][  0]LogTemp: Display: Loaded TP AndroidTargetPlatform
[2018.08.22-12.59.15:009][  0]LogTemp: Display: Loaded TP AndroidTargetPlatform
[2018.08.22-12.59.15:009][  0]LogTemp: Display: Loaded TP AndroidTargetPlatform
[2018.08.22-12.59.15:009][  0]LogTemp: Display: Loaded TP AndroidTargetPlatform
[2018.08.22-12.59.15:009][  0]LogTemp: Display: Loaded TP AndroidTargetPlatform
[2018.08.22-12.59.15:009][  0]LogTemp: Display: Loaded TP AndroidTargetPlatform
[2018.08.22-12.59.15:009][  0]LogTemp: Display: Loaded TP AndroidTargetPlatform
[2018.08.22-12.59.15:009][  0]LogTemp: Display: Loaded TP AndroidTargetPlatform
[2018.08.22-12.59.15:010][  0]LogTemp: Display: Loaded TP HTML5TargetPlatform
[2018.08.22-12.59.15:063][  0]LogTemp: Display: Loaded TP IOSTargetPlatform
[2018.08.22-12.59.15:063][  0]LogTemp: Display: Loaded TP IOSTargetPlatform
[2018.08.22-12.59.15:080][  0]LogTemp: Display: Loaded TP TVOSTargetPlatform
[2018.08.22-12.59.15:080][  0]LogTemp: Display: Loaded TP TVOSTargetPlatform
[2018.08.22-12.59.15:089][  0]LogTemp: Display: Loaded TP LinuxClientTargetPlatform
[2018.08.22-12.59.15:099][  0]LogTemp: Display: Loaded TP LinuxNoEditorTargetPlatform
[2018.08.22-12.59.15:110][  0]LogTemp: Display: Loaded TP LinuxServerTargetPlatform
[2018.08.22-12.59.15:118][  0]LogTemp: Display: Loaded TP LinuxTargetPlatform
[2018.08.22-12.59.15:126][  0]LogTemp: Display: Loaded TP LuminTargetPlatform
[2018.08.22-12.59.15:126][  0]LogTargetPlatformManager: Display: Building Assets For Windows
[2018.08.22-12.59.15:157][  0]LogXGEController: Cannot use XGE Controller as Incredibuild is not installed on this machine.
[2018.08.22-12.59.15:157][  0]LogShaderCompilers: Cannot use XGE Shader Compiler as Incredibuild is not installed on this machine.
[2018.08.22-12.59.15:157][  0]LogShaderCompilers: Display: Using Local Shader Compiler.
[2018.08.22-12.59.15:673][  0]LogDerivedDataCache: Display: Max Cache Size: 512 MB
[2018.08.22-12.59.15:728][  0]LogDerivedDataCache: Loaded boot cache 0.06s 71MB C:/Users/kchin/AppData/Local/UnrealEngine/4.20/DerivedDataCache/Boot.ddc.
[2018.08.22-12.59.15:728][  0]LogDerivedDataCache: Display: Loaded Boot cache: C:/Users/kchin/AppData/Local/UnrealEngine/4.20/DerivedDataCache/Boot.ddc
[2018.08.22-12.59.15:728][  0]LogDerivedDataCache: FDerivedDataBackendGraph:  Pak pak cache file ../../../../../../../GithubRepositories/BuildingEscape/BuildingEscape/DerivedDataCache/DDC.ddp not found, will not use a pak cache.
[2018.08.22-12.59.15:728][  0]LogDerivedDataCache: Unable to find inner node Pak for hierarchical cache Hierarchy.
[2018.08.22-12.59.15:729][  0]LogDerivedDataCache: FDerivedDataBackendGraph:  CompressedPak pak cache file ../../../../../../../GithubRepositories/BuildingEscape/BuildingEscape/DerivedDataCache/Compressed.ddp not found, will not use a pak cache.
[2018.08.22-12.59.15:729][  0]LogDerivedDataCache: Unable to find inner node CompressedPak for hierarchical cache Hierarchy.
[2018.08.22-12.59.15:738][  0]LogDerivedDataCache: Display: Pak cache opened for reading ../../../Engine/DerivedDataCache/Compressed.ddp.
[2018.08.22-12.59.15:751][  0]LogDerivedDataCache: Using Local data cache path C:/Users/kchin/AppData/Local/UnrealEngine/Common/DerivedDataCache: Writable
[2018.08.22-12.59.15:751][  0]LogDerivedDataCache: Shared data cache path not found in *engine.ini, will not use an Shared cache.
[2018.08.22-12.59.15:751][  0]LogDerivedDataCache: Unable to find inner node Shared for hierarchical cache Hierarchy.
[2018.08.22-12.59.15:764][  0]LogMaterial: Verifying Global Shaders for PCD3D_SM5
[2018.08.22-12.59.15:765][  0]LogSlate: Using FreeType 2.6.0
[2018.08.22-12.59.15:765][  0]LogSlate: SlateFontServices - WITH_FREETYPE: 1, WITH_HARFBUZZ: 1
[2018.08.22-12.59.15:827][  0]LogAssetRegistry: FAssetRegistry took 0.0251 seconds to start up
[2018.08.22-12.59.16:064][  0]LogInit: Selected Device Profile: [Windows]
[2018.08.22-12.59.16:158][  0]LogSimplygon: Simplygon DLL not present - disabling.
[2018.08.22-12.59.16:160][  0]LogMeshReduction: Using SimplygonSwarm for distributed automatic mesh merging
[2018.08.22-12.59.16:160][  0]LogMeshReduction: Using ProxyLODMeshReduction for automatic mesh merging
[2018.08.22-12.59.16:160][  0]LogMeshReduction: Using QuadricMeshReduction for automatic static mesh reduction
[2018.08.22-12.59.16:160][  0]LogMeshReduction: No automatic skeletal mesh reduction module available
[2018.08.22-12.59.16:182][  0]LogNetVersion: BuildingEscape 1.0.0, NetCL: 4212847, EngineNetVer: 5, GameNetVer: 0 (Checksum: 3323102585)
[2018.08.22-12.59.16:579][  0]LogPackageLocalizationCache: Processed 11 localized package path(s) for 2 prioritized culture(s) in 0.072732 seconds
[2018.08.22-12.59.16:585][  0]LogUObjectArray: 38425 objects as part of root set at end of initial load.
[2018.08.22-12.59.16:585][  0]LogUObjectAllocator: 6690864 out of 0 bytes used by permanent object pool.
[2018.08.22-12.59.16:585][  0]LogUObjectArray: CloseDisregardForGC: 0/0 objects in disregard for GC pool
[2018.08.22-12.59.17:204][  0]LogTcpMessaging: Initializing TcpMessaging bridge
[2018.08.22-12.59.17:216][  0]LogUdpMessaging: Initializing bridge on interface 0.0.0.0:0 to multicast group 230.0.0.1:6666.
[2018.08.22-12.59.17:363][  0]SourceControl: Source control is disabled
[2018.08.22-12.59.17:364][  0]SourceControl: Source control is disabled
[2018.08.22-12.59.17:364][  0]SourceControl: Source control is disabled
[2018.08.22-12.59.17:365][  0]SourceControl: Source control is disabled
[2018.08.22-12.59.17:509][  0]LogAndroidPermission: UAndroidPermissionCallbackProxy::GetInstance
[2018.08.22-12.59.17:559][  0]LogOcInput: OculusInput pre-init called
[2018.08.22-12.59.17:604][  0]LogEngine: Initializing Engine...
[2018.08.22-12.59.17:605][  0]LogHMD: Failed to initialize OpenVR with code 110
[2018.08.22-12.59.17:606][  0]LogStats: UGameplayTagsManager::ConstructGameplayTagTree: ImportINI prefixes -  0.000 s
[2018.08.22-12.59.17:606][  0]LogStats: UGameplayTagsManager::ConstructGameplayTagTree: Construct from data asset -  0.000 s
[2018.08.22-12.59.17:606][  0]LogStats: UGameplayTagsManager::ConstructGameplayTagTree: ImportINI -  0.000 s
[2018.08.22-12.59.17:606][  0]LogStats: UGameplayTagsManager::ConstructGameplayTagTree: GameplayTagTreeChangedEvent.Broadcast -  0.000 s
[2018.08.22-12.59.17:768][  0]LogInit: Initializing FReadOnlyCVARCache
[2018.08.22-12.59.17:775][  0]LogAIModule: Creating AISystem for world Untitled
[2018.08.22-12.59.17:837][  0]LogInit: XAudio2 using 'Speakers (Realtek High Definition Audio)' : 2 channels at 48 kHz using 32 bits per sample (channel mask 0x3)
[2018.08.22-12.59.17:853][  0]LogInit: FAudioDevice initialized.
[2018.08.22-12.59.17:854][  0]LogNetVersion: Set ProjectVersion to 1.0.0.0. Version Checksum will be recalculated on next use.
[2018.08.22-12.59.17:921][  0]LogDerivedDataCache: Saved boot cache 0.07s 71MB C:/Users/kchin/AppData/Local/UnrealEngine/4.20/DerivedDataCache/Boot.ddc.
[2018.08.22-12.59.17:924][  0]LogInit: Texture streaming: Enabled
[2018.08.22-12.59.17:933][  0]LogEngineSessionManager: EngineSessionManager initialized
[2018.08.22-12.59.17:941][  0]LogInit: Transaction tracking system initialized
[2018.08.22-12.59.17:953][  0]BlueprintLog: New page: Editor Load
[2018.08.22-12.59.18:007][  0]LocalizationService: Localization service is disabled
[2018.08.22-12.59.18:188][  0]LogCook: Display: Max memory allowance for cook 16384mb min free memory 0mb
[2018.08.22-12.59.18:188][  0]LogCook: Display: Mobile HDR setting 1
[2018.08.22-12.59.18:188][  0]LogGameplayTags: Display: UGameplayTagsManager::DoneAddingNativeTags. DelegateIsBound: 0
[2018.08.22-12.59.18:188][  0]LogStats: UGameplayTagsManager::ConstructGameplayTagTree: ImportINI prefixes -  0.000 s
[2018.08.22-12.59.18:188][  0]LogStats: UGameplayTagsManager::ConstructGameplayTagTree: Construct from data asset -  0.000 s
[2018.08.22-12.59.18:188][  0]LogStats: UGameplayTagsManager::ConstructGameplayTagTree: ImportINI -  0.000 s
[2018.08.22-12.59.18:188][  0]LogStats: UGameplayTagsManager::ConstructGameplayTagTree: GameplayTagTreeChangedEvent.Broadcast -  0.000 s
[2018.08.22-12.59.18:264][  0]LogFileCache: Scanning file cache for directory 'D:/GithubRepositories/BuildingEscape/BuildingEscape/Content/' took 0.01s
[2018.08.22-12.59.18:264][  0]SourceControl: Source control is disabled
[2018.08.22-12.59.18:264][  0]Cmd: MAP LOAD FILE="../../../../../../../GithubRepositories/BuildingEscape/BuildingEscape/Content/Maps/NewMap.umap" TEMPLATE=0 SHOWPROGRESS=1 FEATURELEVEL=3
[2018.08.22-12.59.18:264][  0]LightingResults: New page: Lighting Build
[2018.08.22-12.59.18:266][  0]MapCheck: New page: Map Check
[2018.08.22-12.59.18:266][  0]LightingResults: New page: Lighting Build
[2018.08.22-12.59.18:442][  0]LogAIModule: Creating AISystem for world NewMap
[2018.08.22-12.59.18:450][  0]LogEditorServer: Finished looking for orphan Actors (0.000 secs)
[2018.08.22-12.59.18:471][  0]Cmd: MAP CHECKDEP NOCLEARLOG
[2018.08.22-12.59.18:508][  0]MapCheck: Map check complete: 0 Error(s), 0 Warning(s), took 36,337ms to complete.
[2018.08.22-12.59.18:508][  0]LogFileHelpers: Loading map 'NewMap' took 0.244
[2018.08.22-12.59.18:617][  0]LogSlate: Updating window title bar state: overlay mode, drag disabled, window buttons hidden, title bar hidden
[2018.08.22-12.59.18:622][  0]LogSlate: Updating window title bar state: overlay mode, drag disabled, window buttons hidden, title bar hidden
[2018.08.22-12.59.18:627][  0]LogSlate: Updating window title bar state: overlay mode, drag disabled, window buttons hidden, title bar hidden
[2018.08.22-12.59.18:633][  0]LogSlate: Updating window title bar state: overlay mode, drag disabled, window buttons hidden, title bar hidden
[2018.08.22-12.59.18:636][  0]LogCollectionManager: Loaded 0 collections in 0.000585 seconds
[2018.08.22-12.59.18:681][  0]LogFileCache: Scanning file cache for directory 'D:/GithubRepositories/BuildingEscape/BuildingEscape/Saved/Collections/' took 0.01s
[2018.08.22-12.59.18:681][  0]LogFileCache: Scanning file cache for directory 'D:/GithubRepositories/BuildingEscape/BuildingEscape/Content/Developers/kchin/Collections/' took 0.01s
[2018.08.22-12.59.18:681][  0]LogFileCache: Scanning file cache for directory 'D:/GithubRepositories/BuildingEscape/BuildingEscape/Content/Collections/' took 0.01s
[2018.08.22-12.59.18:681][  0]LogCollectionManager: Rebuilt the GUID cache for 0 collections in 0.000000 seconds
[2018.08.22-12.59.18:688][  0]LogContentBrowser: Native class hierarchy populated in 0.0071 seconds. Added 2574 classes and 607 folders.
[2018.08.22-12.59.18:692][  0]LogContentBrowser: Native class hierarchy updated for 'WidgetCarousel' in 0.0002 seconds. Added 0 classes and 0 folders.
[2018.08.22-12.59.18:723][  0]LogContentBrowser: Native class hierarchy updated for 'AddContentDialog' in 0.0002 seconds. Added 0 classes and 0 folders.
[2018.08.22-12.59.18:734][  0]LogSlate: Took 0.000140 seconds to synchronously load lazily loaded font '../../../Engine/Content/Slate/Fonts/Roboto-Regular.ttf' (155K)
[2018.08.22-12.59.18:737][  0]LogSlate: Took 0.000120 seconds to synchronously load lazily loaded font '../../../Engine/Content/Slate/Fonts/Roboto-Bold.ttf' (160K)
[2018.08.22-12.59.18:738][  0]LogSlate: Took 0.000202 seconds to synchronously load lazily loaded font '../../../Engine/Content/Editor/Slate/Fonts/FontAwesome.ttf' (139K)
[2018.08.22-12.59.18:789][  0]LogRenderer: Reallocating scene render targets to support 1192x688 Format 10 NumSamples 1 (Frame:1).
[2018.08.22-12.59.18:936][  0]LogContentBrowser: Native class hierarchy updated for 'HierarchicalLODOutliner' in 0.0002 seconds. Added 0 classes and 0 folders.
[2018.08.22-12.59.18:936][  0]LogLoad: (Engine Initialization) Total time: 6.24 seconds
[2018.08.22-12.59.18:936][  0]LogLoad: (Engine Initialization) Total Blueprint compile time: 0.00 seconds
[2018.08.22-12.59.18:970][  0]LogAssetRegistry: Asset discovery search completed in 3.1647 seconds
[2018.08.22-12.59.18:971][  0]LogCollectionManager: Rebuilt the object cache for 0 collections in 0.000000 seconds (found 0 objects)
[2018.08.22-12.59.18:971][  0]LogCollectionManager: Fixed up redirectors for 0 collections in 0.000040 seconds (updated 0 objects)
[2018.08.22-12.59.18:973][  0]LogContentStreaming: Texture pool size now 3000 MB
[2018.08.22-12.59.18:993][  0]LogSlate: Took 0.000201 seconds to synchronously load lazily loaded font '../../../Engine/Content/Slate/Fonts/Roboto-Light.ttf' (167K)
[2018.08.22-13.21.57:816][475]LogEditorViewport: Clicking on Actor (LMB): StaticMeshActor (SM_Chair)
[2018.08.22-13.22.07:366][616]LogSlate: FSceneViewport::OnFocusLost() reason 0
[2018.08.22-13.22.09:053][818]LogSlate: Took 0.000159 seconds to synchronously load lazily loaded font '../../../Engine/Content/Slate/Fonts/Roboto-Italic.ttf' (157K)
[2018.08.22-13.22.10:470][984]LogSlate: Took 0.000149 seconds to synchronously load lazily loaded font '../../../Engine/Content/Slate/Fonts/Roboto-Light.ttf' (167K)
[2018.08.22-13.22.10:520][984]LogSlate: Took 0.000142 seconds to synchronously load lazily loaded font '../../../Engine/Content/Slate/Fonts/Roboto-BoldCondensed.ttf' (158K)
[2018.08.22-13.22.14:428][984]LogSlate: Window 'Add C++ Component' being destroyed
[2018.08.22-13.22.14:433][984]LogUObjectGlobals: Warning: Failed to find object 'Class None.'
[2018.08.22-13.25.06:287][474]LogEditorViewport: Clicking on Actor (LMB): StaticMeshActor (SM_Chair)
[2018.08.22-13.25.07:732][643]LogSlate: FSceneViewport::OnFocusLost() reason 0
[2018.08.22-14.09.39:843][648]LogEditorViewport: Clicking on Actor (LMB): StaticMeshActor (Floor)
[2018.08.22-14.09.42:166][753]LogSlate: FSceneViewport::OnFocusLost() reason 0
[2018.08.22-14.10.11:850][250]LogAssetEditorManager: Opening Asset editor for Class /Script/BuildingEscape.PositionReport
[2018.08.22-14.11.23:560][537]LogWindowsTextInputMethodSystem: Display: IME system now deactivated.
[2018.08.22-14.11.23:560][537]LogWindowsTextInputMethodSystem: Display: IME system now deactivated.
[2018.08.22-14.11.23:745][537]LogAssetEditorManager: Opening Asset editor for Class /Script/BuildingEscape.PositionReport
[2018.08.22-14.12.22:372][957]Candidate modules for hot reload:
[2018.08.22-14.12.22:372][957]  BuildingEscape
[2018.08.22-14.12.22:372][957]Launching UnrealBuildTool... [D:/Tools/Engines/Unreal/UE_4.20/Engine/Binaries/DotNET/UnrealBuildTool.exe  -ModuleWithSuffix=BuildingEscape,7739 Win64 Development -TargetType=Editor -Project="../../../../../../../GithubRepositories/BuildingEscape/BuildingEscape/BuildingEscape.uproject" -canskiplink "D:/GithubRepositories/BuildingEscape/BuildingEscape/BuildingEscape.uproject" ]
[2018.08.22-14.12.22:373][957]Warning: Starting HotReload took  0.0s.
[2018.08.22-14.12.46:776][462]CompilerResultsLog: New page: Compilation - 22 Aug 2018, 6:12:46 PM
[2018.08.22-14.12.46:776][462]CompilerResultsLog: Using 'git status' to determine working set for adaptive non-unity build.
[2018.08.22-14.12.46:776][462]CompilerResultsLog: Creating makefile for hot reloading BuildingEscapeEditor (ini files are newer than UBTMakefile)
[2018.08.22-14.12.46:776][462]CompilerResultsLog: Compiling game modules for hot reload
[2018.08.22-14.12.46:777][462]CompilerResultsLog: Using Visual Studio 2017 14.14.26428 toolchain (C:\Program Files (x86)\Microsoft Visual Studio\2017\Community\VC\Tools\MSVC\14.14.26428) and Windows 10.0.16299.0 SDK (C:\Program Files (x86)\Windows Kits\10).
[2018.08.22-14.12.46:777][462]CompilerResultsLog: Building 7 actions with 12 processes...
[2018.08.22-14.12.46:777][462]CompilerResultsLog:   SharedPCH.Engine.cpp
[2018.08.22-14.12.46:777][462]CompilerResultsLog:   BuildingEscape.cpp
[2018.08.22-14.12.46:777][462]CompilerResultsLog:   BuildingEscape.init.gen.cpp
[2018.08.22-14.12.46:777][462]CompilerResultsLog:   PositionReport.cpp
[2018.08.22-14.12.46:777][462]CompilerResultsLog:   PositionReport.gen.cpp
[2018.08.22-14.12.46:777][462]CompilerResultsLog:   UE4Editor-BuildingEscape-7739.lib
[2018.08.22-14.12.46:777][462]CompilerResultsLog:      Creating library D:\GithubRepositories\BuildingEscape\BuildingEscape\Intermediate\Build\Win64\UE4Editor\Development\BuildingEscape\UE4Editor-BuildingEscape-7739.lib and object D:\GithubRepositories\BuildingEscape\BuildingEscape\Intermediate\Build\Win64\UE4Editor\Development\BuildingEscape\UE4Editor-BuildingEscape-7739.exp
[2018.08.22-14.12.46:777][462]CompilerResultsLog:   UE4Editor-BuildingEscape-7739.dll
[2018.08.22-14.12.46:777][462]CompilerResultsLog:      Creating library D:\GithubRepositories\BuildingEscape\BuildingEscape\Intermediate\Build\Win64\UE4Editor\Development\BuildingEscape\UE4Editor-BuildingEscape-7739.suppressed.lib and object D:\GithubRepositories\BuildingEscape\BuildingEscape\Intermediate\Build\Win64\UE4Editor\Development\BuildingEscape\UE4Editor-BuildingEscape-7739.suppressed.exp
[2018.08.22-14.12.46:777][462]CompilerResultsLog: Total build time: 23,98 seconds (Parallel executor: 20,51 seconds)
[2018.08.22-14.12.46:777][462]LogMainFrame: MainFrame: Module compiling took 24.416 seconds
[2018.08.22-14.12.46:836][462]LogContentBrowser: Native class hierarchy updated for 'BuildingEscape' in 0.0007 seconds. Added 1 classes and 2 folders.
[2018.08.22-14.12.46:837][462]Display: HotReload successful (0 functions remapped  0 scriptstructs remapped)
[2018.08.22-14.12.47:182][462]LogContentBrowser: Native class hierarchy populated in 0.0095 seconds. Added 2574 classes and 607 folders.
[2018.08.22-14.12.47:182][462]Display: HotReload took 24.8s.
[2018.08.22-14.12.55:786][627]LogTemp: Repeating last play command: Selected Viewport
[2018.08.22-14.12.55:800][627]LogPlayLevel: PlayLevel: No blueprints needed recompiling
[2018.08.22-14.12.55:814][627]PIE: New page: PIE session: NewMap (22 Aug 2018, 6:12:55 PM)
[2018.08.22-14.12.55:815][627]LogPlayLevel: Creating play world package: /Game/Maps/UEDPIE_0_NewMap
[2018.08.22-14.12.55:825][627]LogPlayLevel: PIE: StaticDuplicateObject took: (0.010264s)
[2018.08.22-14.12.55:827][627]LogAIModule: Creating AISystem for world NewMap
[2018.08.22-14.12.55:827][627]LogPlayLevel: PIE: World Init took: (0.001737s)
[2018.08.22-14.12.55:827][627]LogPlayLevel: PIE: Created PIE world by copying editor world from /Game/Maps/NewMap.NewMap to /Game/Maps/UEDPIE_0_NewMap.NewMap (0.012336s)
[2018.08.22-14.12.55:859][627]LogInit: XAudio2 using 'Speakers (Realtek High Definition Audio)' : 2 channels at 48 kHz using 32 bits per sample (channel mask 0x3)
[2018.08.22-14.12.55:872][627]LogInit: FAudioDevice initialized.
[2018.08.22-14.12.55:924][627]LogLoad: Game class is 'GameModeBase'
[2018.08.22-14.12.55:937][627]LogWorld: Bringing World /Game/Maps/UEDPIE_0_NewMap.NewMap up for play (max tick rate 0) at 2018.08.22-16.12.55
[2018.08.22-14.12.55:938][627]LogWorld: Bringing up level for play took: 0.002734
[2018.08.22-14.12.55:967][627]LogContentBrowser: Native class hierarchy updated for 'MovieSceneCapture' in 0.0003 seconds. Added 10 classes and 0 folders.
[2018.08.22-14.12.55:968][627]LogTemp: Warning: Position Report Reporting For Duty!
[2018.08.22-14.12.55:969][627]PIE: Play in editor start time for /Game/Maps/UEDPIE_0_NewMap -0,086
[2018.08.22-14.13.07:577][414]LogSlate: Took 0.010328 seconds to synchronously load lazily loaded font '../../../Engine/Content/Slate/Fonts/DroidSansMono.ttf' (77K)
[2018.08.22-14.13.25:025][386]LogSlate: Updating window title bar state: overlay mode, drag disabled, window buttons hidden, title bar hidden
[2018.08.22-14.13.25:060][386]LogPlayLevel: Display: Shutting down PIE online subsystems
[2018.08.22-14.13.25:080][386]LogSlate: Updating window title bar state: overlay mode, drag disabled, window buttons hidden, title bar hidden
[2018.08.22-14.13.25:132][392]LogPlayLevel: Display: Destroying online subsystem :Context_7
[2018.08.22-14.14.44:388][917]Candidate modules for hot reload:
[2018.08.22-14.14.44:388][917]  BuildingEscape
[2018.08.22-14.14.44:388][917]Launching UnrealBuildTool... [D:/Tools/Engines/Unreal/UE_4.20/Engine/Binaries/DotNET/UnrealBuildTool.exe  -ModuleWithSuffix=BuildingEscape,2312 Win64 Development -TargetType=Editor -Project="../../../../../../../GithubRepositories/BuildingEscape/BuildingEscape/BuildingEscape.uproject" -canskiplink "D:/GithubRepositories/BuildingEscape/BuildingEscape/BuildingEscape.uproject" ]
[2018.08.22-14.14.44:389][917]Warning: Starting HotReload took  0.0s.
[2018.08.22-14.14.48:907][460]CompilerResultsLog: New page: Compilation - 22 Aug 2018, 6:14:48 PM
[2018.08.22-14.14.48:907][460]CompilerResultsLog: Using 'git status' to determine working set for adaptive non-unity build.
[2018.08.22-14.14.48:907][460]CompilerResultsLog: Creating makefile for hot reloading BuildingEscapeEditor (modules to compile have changed)
[2018.08.22-14.14.48:907][460]CompilerResultsLog: Compiling game modules for hot reload
[2018.08.22-14.14.48:907][460]CompilerResultsLog: Using Visual Studio 2017 14.14.26428 toolchain (C:\Program Files (x86)\Microsoft Visual Studio\2017\Community\VC\Tools\MSVC\14.14.26428) and Windows 10.0.16299.0 SDK (C:\Program Files (x86)\Windows Kits\10).
[2018.08.22-14.14.48:907][460]CompilerResultsLog: Building 3 actions with 12 processes...
[2018.08.22-14.14.48:907][460]CompilerResultsLog:   PositionReport.cpp
[2018.08.22-14.14.48:907][460]CompilerResultsLog:   UE4Editor-BuildingEscape-2312.lib
[2018.08.22-14.14.48:907][460]CompilerResultsLog:      Creating library D:\GithubRepositories\BuildingEscape\BuildingEscape\Intermediate\Build\Win64\UE4Editor\Development\BuildingEscape\UE4Editor-BuildingEscape-2312.lib and object D:\GithubRepositories\BuildingEscape\BuildingEscape\Intermediate\Build\Win64\UE4Editor\Development\BuildingEscape\UE4Editor-BuildingEscape-2312.exp
[2018.08.22-14.14.48:908][460]CompilerResultsLog:   UE4Editor-BuildingEscape-2312.dll
[2018.08.22-14.14.48:908][460]CompilerResultsLog:      Creating library D:\GithubRepositories\BuildingEscape\BuildingEscape\Intermediate\Build\Win64\UE4Editor\Development\BuildingEscape\UE4Editor-BuildingEscape-2312.suppressed.lib and object D:\GithubRepositories\BuildingEscape\BuildingEscape\Intermediate\Build\Win64\UE4Editor\Development\BuildingEscape\UE4Editor-BuildingEscape-2312.suppressed.exp
[2018.08.22-14.14.48:908][460]CompilerResultsLog: Total build time: 4,32 seconds (Parallel executor: 0,96 seconds)
[2018.08.22-14.14.48:908][460]LogMainFrame: MainFrame: Module compiling took 4.529 seconds
[2018.08.22-14.14.48:941][460]LogContentBrowser: Native class hierarchy updated for 'BuildingEscape' in 0.0003 seconds. Added 1 classes and 2 folders.
[2018.08.22-14.14.48:943][460]Display: HotReload successful (0 functions remapped  0 scriptstructs remapped)
[2018.08.22-14.14.48:985][460]LogContentBrowser: Native class hierarchy populated in 0.0070 seconds. Added 2574 classes and 607 folders.
[2018.08.22-14.14.48:986][460]Display: HotReload took  4.6s.
[2018.08.22-14.15.02:807][118]LogTemp: Repeating last play command: Selected Viewport
[2018.08.22-14.15.02:819][118]LogPlayLevel: PlayLevel: No blueprints needed recompiling
[2018.08.22-14.15.02:819][118]PIE: New page: PIE session: NewMap (22 Aug 2018, 6:15:02 PM)
[2018.08.22-14.15.02:819][118]LogPlayLevel: Creating play world package: /Game/Maps/UEDPIE_0_NewMap
[2018.08.22-14.15.02:821][118]LogPlayLevel: PIE: StaticDuplicateObject took: (0.001872s)
[2018.08.22-14.15.02:822][118]LogAIModule: Creating AISystem for world NewMap
[2018.08.22-14.15.02:823][118]LogPlayLevel: PIE: World Init took: (0.001246s)
[2018.08.22-14.15.02:823][118]LogPlayLevel: PIE: Created PIE world by copying editor world from /Game/Maps/NewMap.NewMap to /Game/Maps/UEDPIE_0_NewMap.NewMap (0.003652s)
[2018.08.22-14.15.02:853][118]LogInit: XAudio2 using 'Speakers (Realtek High Definition Audio)' : 2 channels at 48 kHz using 32 bits per sample (channel mask 0x3)
[2018.08.22-14.15.02:867][118]LogInit: FAudioDevice initialized.
[2018.08.22-14.15.02:894][118]LogLoad: Game class is 'GameModeBase'
[2018.08.22-14.15.02:895][118]LogWorld: Bringing World /Game/Maps/UEDPIE_0_NewMap.NewMap up for play (max tick rate 0) at 2018.08.22-16.15.02
[2018.08.22-14.15.02:895][118]LogWorld: Bringing up level for play took: 0.000555
[2018.08.22-14.15.02:906][118]LogTemp: Warning: Position Report Reporting For Duty on Chair!
[2018.08.22-14.15.02:907][118]PIE: Play in editor start time for /Game/Maps/UEDPIE_0_NewMap 0,852
[2018.08.22-14.15.09:335][873]LogSlate: Updating window title bar state: overlay mode, drag disabled, window buttons hidden, title bar hidden
[2018.08.22-14.15.09:366][873]LogPlayLevel: Display: Shutting down PIE online subsystems
[2018.08.22-14.15.09:410][873]LogSlate: Updating window title bar state: overlay mode, drag disabled, window buttons hidden, title bar hidden
[2018.08.22-14.15.09:442][876]LogPlayLevel: Display: Destroying online subsystem :Context_8
[2018.08.22-14.15.13:597][373]LogEditorViewport: Clicking on Actor (LMB): StaticMeshActor (SM_Chair)
[2018.08.22-14.15.19:274][ 45]LogSlate: FSceneViewport::OnFocusLost() reason 0
[2018.08.22-14.16.21:145][304]LogEditorViewport: Clicking on Actor (LMB): BP_Sky_Sphere_C (Sky Sphere)
[2018.08.22-14.16.22:608][476]LogEditorViewport: Clicking on Actor (LMB): StaticMeshActor (Floor)
[2018.08.22-14.16.24:070][647]LogEditorViewport: Clicking on Actor (LMB): StaticMeshActor (SM_Chair)
[2018.08.22-14.16.26:558][942]LogSlate: FSceneViewport::OnFocusLost() reason 0
[2018.08.22-14.16.42:130][141]LogEditorViewport: Clicking on Actor (LMB): StaticMeshActor (SM_Rock)
[2018.08.22-14.16.47:364][602]LogSlate: FSceneViewport::OnFocusLost() reason 2
[2018.08.22-14.16.53:125][292]LogSlate: FSceneViewport::OnFocusLost() reason 2
[2018.08.22-14.16.59:397][ 44]LogSlate: FSceneViewport::OnFocusLost() reason 0
[2018.08.22-14.17.00:979][233]LogEditorViewport: Clicking on Actor (LMB): StaticMeshActor (SM_Chair)
[2018.08.22-14.17.02:439][404]LogEditorViewport: Clicking on Actor (LMB): StaticMeshActor (SM_Rock)
[2018.08.22-14.17.03:603][540]LogSlate: FSceneViewport::OnFocusLost() reason 0
[2018.08.22-14.17.03:695][551]LogTemp: Repeating last play command: Selected Viewport
[2018.08.22-14.17.03:707][551]LogPlayLevel: PlayLevel: No blueprints needed recompiling
[2018.08.22-14.17.03:707][551]PIE: New page: PIE session: NewMap (22 Aug 2018, 6:17:03 PM)
[2018.08.22-14.17.03:707][551]LogPlayLevel: Creating play world package: /Game/Maps/UEDPIE_0_NewMap
[2018.08.22-14.17.03:713][551]LogPlayLevel: PIE: StaticDuplicateObject took: (0.005600s)
[2018.08.22-14.17.03:714][551]LogAIModule: Creating AISystem for world NewMap
[2018.08.22-14.17.03:714][551]LogPlayLevel: PIE: World Init took: (0.001063s)
[2018.08.22-14.17.03:714][551]LogPlayLevel: PIE: Created PIE world by copying editor world from /Game/Maps/NewMap.NewMap to /Game/Maps/UEDPIE_0_NewMap.NewMap (0.007106s)
[2018.08.22-14.17.03:746][551]LogInit: XAudio2 using 'Speakers (Realtek High Definition Audio)' : 2 channels at 48 kHz using 32 bits per sample (channel mask 0x3)
[2018.08.22-14.17.03:760][551]LogInit: FAudioDevice initialized.
[2018.08.22-14.17.03:793][551]LogLoad: Game class is 'GameModeBase'
[2018.08.22-14.17.03:794][551]LogWorld: Bringing World /Game/Maps/UEDPIE_0_NewMap.NewMap up for play (max tick rate 0) at 2018.08.22-16.17.03
[2018.08.22-14.17.03:795][551]LogWorld: Bringing up level for play took: 0.000578
[2018.08.22-14.17.03:806][551]LogTemp: Warning: Position Report Reporting For Duty on Chair!
[2018.08.22-14.17.03:806][551]LogTemp: Warning: Position Report Reporting For Duty on Chair!
[2018.08.22-14.17.03:807][551]LogTemp: Warning: Position Report Reporting For Duty on Chair!
[2018.08.22-14.17.03:807][551]PIE: Play in editor start time for /Game/Maps/UEDPIE_0_NewMap -0,248
[2018.08.22-14.17.07:473][988]LogSlate: Updating window title bar state: overlay mode, drag disabled, window buttons hidden, title bar hidden
[2018.08.22-14.17.07:505][988]LogPlayLevel: Display: Shutting down PIE online subsystems
[2018.08.22-14.17.07:528][988]LogSlate: Updating window title bar state: overlay mode, drag disabled, window buttons hidden, title bar hidden
[2018.08.22-14.17.07:578][992]LogPlayLevel: Display: Destroying online subsystem :Context_9
[2018.08.22-14.17.08:789][137]LogEditorViewport: Clicking on Actor (LMB): StaticMeshActor (SM_Chair)
[2018.08.22-14.17.10:038][283]LogSlate: FSceneViewport::OnFocusLost() reason 0
[2018.08.22-14.17.12:388][557]Cmd: OBJ SAVEPACKAGE PACKAGE="/Game/Maps/NewMap" FILE="../../../../../../../GithubRepositories/BuildingEscape/BuildingEscape/Content/Maps/NewMap.umap" SILENT=true AUTOSAVING=false KEEPDIRTY=false
[2018.08.22-14.17.12:438][557]LogSavePackage: Moving '../../../../../../../GithubRepositories/BuildingEscape/BuildingEscape/Saved/NewMap9A2DD87843251D6D9A27AB95C666A2E8.tmp' to '../../../../../../../GithubRepositories/BuildingEscape/BuildingEscape/Content/Maps/NewMap.umap'
[2018.08.22-14.17.12:461][557]Cmd: OBJ SAVEPACKAGE PACKAGE="/Game/Maps/NewMap_BuiltData" FILE="../../../../../../../GithubRepositories/BuildingEscape/BuildingEscape/Content/Maps/NewMap_BuiltData.uasset" SILENT=true
[2018.08.22-14.17.12:480][557]LogSavePackage: Moving '../../../../../../../GithubRepositories/BuildingEscape/BuildingEscape/Saved/NewMap_BuiltData7D8F05234EC5FA9EF28D598481A270F0.tmp' to '../../../../../../../GithubRepositories/BuildingEscape/BuildingEscape/Content/Maps/NewMap_BuiltData.uasset'
[2018.08.22-14.17.13:214][644]LogSlate: FSceneViewport::OnFocusLost() reason 0
[2018.08.22-14.17.17:380][128]LogEditorViewport: Clicking on Actor (LMB): StaticMeshActor (SM_Rock)
[2018.08.22-14.17.38:998][718]LogEditorViewport: Clicking on Actor (LMB): BP_Sky_Sphere_C (Sky Sphere)
[2018.08.22-14.17.39:858][818]LogEditorViewport: Clicking on Actor (LMB): BP_Sky_Sphere_C (Sky Sphere)
[2018.08.22-14.17.40:556][899]LogSlate: FSceneViewport::OnFocusLost() reason 2
[2018.08.22-14.17.40:559][899]Cmd: OBJ SAVEPACKAGE PACKAGE="/Game/Maps/NewMap" FILE="../../../../../../../GithubRepositories/BuildingEscape/BuildingEscape/Content/Maps/NewMap.umap" SILENT=true AUTOSAVING=false KEEPDIRTY=false
[2018.08.22-14.17.40:604][899]LogSavePackage: Moving '../../../../../../../GithubRepositories/BuildingEscape/BuildingEscape/Saved/NewMap47DEAC6347F2F180035648A263207DA7.tmp' to '../../../../../../../GithubRepositories/BuildingEscape/BuildingEscape/Content/Maps/NewMap.umap'
[2018.08.22-14.17.40:624][899]Cmd: OBJ SAVEPACKAGE PACKAGE="/Game/Maps/NewMap_BuiltData" FILE="../../../../../../../GithubRepositories/BuildingEscape/BuildingEscape/Content/Maps/NewMap_BuiltData.uasset" SILENT=true
[2018.08.22-14.17.40:635][899]LogSavePackage: Moving '../../../../../../../GithubRepositories/BuildingEscape/BuildingEscape/Saved/NewMap_BuiltData5DC770D04AF5ECC624CDFA82AA9A9803.tmp' to '../../../../../../../GithubRepositories/BuildingEscape/BuildingEscape/Content/Maps/NewMap_BuiltData.uasset'
[2018.08.22-14.17.43:174][199]LogSlate: FSceneViewport::OnFocusLost() reason 0
[2018.08.22-14.17.43:314][208]LogSlate: Window 'BuildingEscape - Unreal Editor' being destroyed
[2018.08.22-14.17.43:315][208]LogWindowsTextInputMethodSystem: Display: IME system now deactivated.
[2018.08.22-14.17.43:485][209]Cmd: QUIT_EDITOR
[2018.08.22-14.17.44:298][209]LogExit: Preparing to exit.
[2018.08.22-14.17.44:577][209]LogExit: Editor shut down
[2018.08.22-14.17.44:578][209]LogExit: Transaction tracking system shut down
[2018.08.22-14.17.45:315][209]LogExit: Object subsystem successfully closed.
[2018.08.22-14.17.45:333][209]LogShaderCompilers: Display: Shaders left to compile 0
[2018.08.22-14.17.45:336][209]LogD3D11RHI: Shutdown
[2018.08.22-14.17.45:336][209]LogD3D11RHI: CleanupD3DDevice
[2018.08.22-14.17.45:339][209]LogD3D11RHI: ~FD3D11DynamicRHI
[2018.08.22-14.17.45:348][209]LogModuleManager: Shutting down and abandoning module BuildingEscape (618)
[2018.08.22-14.17.45:348][209]LogModuleManager: Shutting down and abandoning module MovieSceneCapture (617)
[2018.08.22-14.17.45:348][209]LogModuleManager: Shutting down and abandoning module Voice (615)
[2018.08.22-14.17.45:348][209]LogModuleManager: Shutting down and abandoning module HierarchicalLODOutliner (612)
[2018.08.22-14.17.45:348][209]LogModuleManager: Shutting down and abandoning module AddContentDialog (610)
[2018.08.22-14.17.45:349][209]LogModuleManager: Shutting down and abandoning module WidgetCarousel (609)
[2018.08.22-14.17.45:349][209]LogModuleManager: Shutting down and abandoning module EditorWidgets (606)
[2018.08.22-14.17.45:349][209]LogModuleManager: Shutting down and abandoning module CollectionManager (604)
[2018.08.22-14.17.45:349][209]LogModuleManager: Shutting down and abandoning module SceneOutliner (602)
[2018.08.22-14.17.45:349][209]LogModuleManager: Shutting down and abandoning module StatsViewer (600)
[2018.08.22-14.17.45:349][209]LogModuleManager: Shutting down and abandoning module FoliageEdit (598)
[2018.08.22-14.17.45:349][209]LogModuleManager: Shutting down and abandoning module LandscapeEditor (596)
[2018.08.22-14.17.45:349][209]LogModuleManager: Shutting down and abandoning module MeshPaintMode (594)
[2018.08.22-14.17.45:349][209]LogModuleManager: Shutting down and abandoning module SceneDepthPickerMode (592)
[2018.08.22-14.17.45:349][209]LogModuleManager: Shutting down and abandoning module ActorPickerMode (590)
[2018.08.22-14.17.45:349][209]LogModuleManager: Shutting down and abandoning module GeometryMode (588)
[2018.08.22-14.17.45:349][209]LogModuleManager: Shutting down and abandoning module TextureAlignMode (586)
[2018.08.22-14.17.45:349][209]LogModuleManager: Shutting down and abandoning module BspMode (584)
[2018.08.22-14.17.45:349][209]LogModuleManager: Shutting down and abandoning module PIEPreviewDeviceProfileSelector (582)
[2018.08.22-14.17.45:349][209]LogModuleManager: Shutting down and abandoning module SequenceRecorderSections (580)
[2018.08.22-14.17.45:349][209]LogModuleManager: Shutting down and abandoning module AutomationWorker (578)
[2018.08.22-14.17.45:349][209]LogModuleManager: Shutting down and abandoning module AudioCaptureEditor (576)
[2018.08.22-14.17.45:349][209]LogModuleManager: Shutting down and abandoning module SequenceRecorder (575)
[2018.08.22-14.17.45:349][209]LogModuleManager: Shutting down and abandoning module MatineeToLevelSequence (572)
[2018.08.22-14.17.45:349][209]LogModuleManager: Shutting down and abandoning module LevelSequenceEditor (570)
[2018.08.22-14.17.45:349][209]LogModuleManager: Shutting down and abandoning module PlacementMode (569)
[2018.08.22-14.17.45:350][209]LogModuleManager: Shutting down and abandoning module MaterialEditor (568)
[2018.08.22-14.17.45:350][209]LogModuleManager: Shutting down and abandoning module WmfMediaFactory (564)
[2018.08.22-14.17.45:350][209]LogModuleManager: Shutting down and abandoning module WmfMediaEditor (562)
[2018.08.22-14.17.45:350][209]LogModuleManager: Shutting down and abandoning module MediaPlayerEditor (560)
[2018.08.22-14.17.45:350][209]LogModuleManager: Shutting down and abandoning module OpenExrWrapper (558)
[2018.08.22-14.17.45:350][209]LogModuleManager: Shutting down and abandoning module ImgMediaFactory (556)
[2018.08.22-14.17.45:350][209]LogModuleManager: Shutting down and abandoning module ImgMediaEditor (554)
[2018.08.22-14.17.45:350][209]LogModuleManager: Shutting down and abandoning module AvfMediaFactory (552)
[2018.08.22-14.17.45:350][209]LogModuleManager: Shutting down and abandoning module AvfMediaEditor (550)
[2018.08.22-14.17.45:350][209]LogModuleManager: Shutting down and abandoning module AndroidMediaFactory (548)
[2018.08.22-14.17.45:350][209]LogModuleManager: Shutting down and abandoning module AndroidMediaEditor (546)
[2018.08.22-14.17.45:350][209]LogModuleManager: Shutting down and abandoning module MagicLeapCameraPreviewFactory (544)
[2018.08.22-14.17.45:350][209]LogModuleManager: Shutting down and abandoning module MagicLeapMediaFactory (542)
[2018.08.22-14.17.45:350][209]LogModuleManager: Shutting down and abandoning module MagicLeapMediaEditor (540)
[2018.08.22-14.17.45:350][209]LogModuleManager: Shutting down and abandoning module CharacterAI (538)
[2018.08.22-14.17.45:350][209]LogModuleManager: Shutting down and abandoning module SmartSnapping (536)
[2018.08.22-14.17.45:350][209]LogModuleManager: Shutting down and abandoning module SessionServices (534)
[2018.08.22-14.17.45:350][209]LogModuleManager: Shutting down and abandoning module ViewportSnapping (532)
[2018.08.22-14.17.45:350][209]LogModuleManager: Shutting down and abandoning module ViewportInteraction (530)
[2018.08.22-14.17.45:350][209]LogModuleManager: Shutting down and abandoning module ClothPainter (528)
[2018.08.22-14.17.45:350][209]LogModuleManager: Shutting down and abandoning module SkeletalMeshEditor (527)
[2018.08.22-14.17.45:350][209]LogModuleManager: Shutting down and abandoning module LogVisualizer (524)
[2018.08.22-14.17.45:350][209]LogModuleManager: Shutting down and abandoning module IntroTutorials (522)
[2018.08.22-14.17.45:350][209]LogModuleManager: Shutting down and abandoning module GameProjectGeneration (521)
[2018.08.22-14.17.45:350][209]LogModuleManager: Shutting down and abandoning module LuminPlatformEditor (518)
[2018.08.22-14.17.45:350][209]LogModuleManager: Shutting down and abandoning module IOSPlatformEditor (516)
[2018.08.22-14.17.45:350][209]LogModuleManager: Shutting down and abandoning module HTML5PlatformEditor (514)
[2018.08.22-14.17.45:350][209]LogModuleManager: Shutting down and abandoning module AndroidPlatformEditor (512)
[2018.08.22-14.17.45:350][209]LogModuleManager: Shutting down and abandoning module AndroidDeviceDetection (511)
[2018.08.22-14.17.46:644][209]LogModuleManager: Shutting down and abandoning module WindowsPlatformEditor (508)
[2018.08.22-14.17.46:644][209]LogModuleManager: Shutting down and abandoning module LuminRuntimeSettings (506)
[2018.08.22-14.17.46:644][209]LogModuleManager: Shutting down and abandoning module IOSRuntimeSettings (504)
[2018.08.22-14.17.46:644][209]LogModuleManager: Shutting down and abandoning module AndroidRuntimeSettings (502)
[2018.08.22-14.17.46:644][209]LogModuleManager: Shutting down and abandoning module InputBindingEditor (500)
[2018.08.22-14.17.46:644][209]LogModuleManager: Shutting down and abandoning module MergeActors (498)
[2018.08.22-14.17.46:644][209]LogModuleManager: Shutting down and abandoning module LocalizationDashboard (496)
[2018.08.22-14.17.46:644][209]LogModuleManager: Shutting down and abandoning module LocalizationService (495)
[2018.08.22-14.17.46:644][209]LogModuleManager: Shutting down and abandoning module HardwareTargeting (492)
[2018.08.22-14.17.46:644][209]LogModuleManager: Shutting down and abandoning module DeviceProfileEditor (490)
[2018.08.22-14.17.46:644][209]LogModuleManager: Shutting down and abandoning module UndoHistory (488)
[2018.08.22-14.17.46:644][209]LogModuleManager: Shutting down and abandoning module XmlParser (486)
[2018.08.22-14.17.46:645][209]LogModuleManager: Shutting down and abandoning module Blutility (484)
[2018.08.22-14.17.46:645][209]LogModuleManager: Shutting down and abandoning module ProjectSettingsViewer (482)
[2018.08.22-14.17.46:645][209]LogModuleManager: Shutting down and abandoning module ProjectTargetPlatformEditor (481)
[2018.08.22-14.17.46:645][209]LogModuleManager: Shutting down and abandoning module EditorSettingsViewer (478)
[2018.08.22-14.17.46:645][209]LogModuleManager: Shutting down and abandoning module SettingsEditor (476)
[2018.08.22-14.17.46:645][209]LogModuleManager: Shutting down and abandoning module ProjectLauncher (474)
[2018.08.22-14.17.46:645][209]LogModuleManager: Shutting down and abandoning module SessionFrontend (472)
[2018.08.22-14.17.46:645][209]LogModuleManager: Shutting down and abandoning module ProfilerClient (470)
[2018.08.22-14.17.46:645][209]LogModuleManager: Shutting down and abandoning module DeviceManager (468)
[2018.08.22-14.17.46:645][209]LogModuleManager: Shutting down and abandoning module TargetDeviceServices (467)
[2018.08.22-14.17.46:708][209]LogModuleManager: Shutting down and abandoning module AutomationController (464)
[2018.08.22-14.17.46:708][209]LogModuleManager: Shutting down and abandoning module AutomationWindow (462)
[2018.08.22-14.17.46:708][209]LogModuleManager: Shutting down and abandoning module Layers (460)
[2018.08.22-14.17.46:708][209]LogModuleManager: Shutting down and abandoning module ComponentVisualizers (458)
[2018.08.22-14.17.46:708][209]LogModuleManager: Shutting down and abandoning module DetailCustomizations (456)
[2018.08.22-14.17.46:708][209]LogModuleManager: Shutting down and abandoning module PackagesDialog (454)
[2018.08.22-14.17.46:708][209]LogModuleManager: Shutting down and abandoning module Persona (452)
[2018.08.22-14.17.46:708][209]LogModuleManager: Shutting down and abandoning module AdvancedPreviewScene (451)
[2018.08.22-14.17.46:708][209]LogModuleManager: Shutting down and abandoning module AnimGraph (449)
[2018.08.22-14.17.46:708][209]LogModuleManager: Shutting down and abandoning module Kismet (446)
[2018.08.22-14.17.46:708][209]LogModuleManager: Shutting down and abandoning module GraphEditor (444)
[2018.08.22-14.17.46:708][209]LogModuleManager: Shutting down and abandoning module ClassViewer (442)
[2018.08.22-14.17.46:710][209]LogModuleManager: Shutting down and abandoning module Toolbox (440)
[2018.08.22-14.17.46:710][209]LogModuleManager: Shutting down and abandoning module DesktopPlatform (439)
[2018.08.22-14.17.46:710][209]LogModuleManager: Shutting down and abandoning module ModuleUI (436)
[2018.08.22-14.17.46:710][209]LogModuleManager: Shutting down and abandoning module MovieSceneTools (434)
[2018.08.22-14.17.46:710][209]LogModuleManager: Shutting down and abandoning module OutputLog (432)
[2018.08.22-14.17.46:710][209]LogModuleManager: Shutting down and abandoning module GammaUI (430)
[2018.08.22-14.17.46:710][209]LogModuleManager: Shutting down and abandoning module Documentation (428)
[2018.08.22-14.17.46:710][209]LogModuleManager: Shutting down and abandoning module MovieSceneTracks (426)
[2018.08.22-14.17.46:710][209]LogModuleManager: Shutting down and abandoning module MovieScene (424)
[2018.08.22-14.17.46:710][209]LogModuleManager: Shutting down and abandoning module StreamingPauseRendering (422)
[2018.08.22-14.17.46:710][209]LogModuleManager: Shutting down and abandoning module LauncherPlatform (420)
[2018.08.22-14.17.46:710][209]LogModuleManager: Shutting down and abandoning module AnalyticsET (418)
[2018.08.22-14.17.46:710][209]LogModuleManager: Shutting down and abandoning module PortalServices (416)
[2018.08.22-14.17.46:710][209]LogModuleManager: Shutting down and abandoning module PortalRpc (414)
[2018.08.22-14.17.46:710][209]LogModuleManager: Shutting down and abandoning module MessagingRpc (412)
[2018.08.22-14.17.46:710][209]LogModuleManager: Shutting down and abandoning module AIModule (410)
[2018.08.22-14.17.46:710][209]LogModuleManager: Shutting down and abandoning module GameplayDebugger (409)
[2018.08.22-14.17.46:710][209]LogModuleManager: Shutting down and abandoning module AITestSuite (407)
[2018.08.22-14.17.46:710][209]LogModuleManager: Shutting down and abandoning module NavigationSystem (405)
[2018.08.22-14.17.46:710][209]LogModuleManager: Shutting down and abandoning module ProfilerService (402)
[2018.08.22-14.17.46:861][209]LogModuleManager: Shutting down and abandoning module TaskGraph (400)
[2018.08.22-14.17.46:861][209]LogModuleManager: Shutting down and abandoning module SteamVRController (398)
[2018.08.22-14.17.46:861][209]LogModuleManager: Shutting down and abandoning module ProceduralMeshComponentEditor (396)
[2018.08.22-14.17.46:861][209]LogModuleManager: Shutting down and abandoning module ProceduralMeshComponent (394)
[2018.08.22-14.17.46:861][209]LogModuleManager: Shutting down and abandoning module OculusInput (392)
[2018.08.22-14.17.46:861][209]LogModuleManager: Shutting down and abandoning module MobilePatchingUtils (390)
[2018.08.22-14.17.46:861][209]LogModuleManager: Shutting down and abandoning module EditableMesh (388)
[2018.08.22-14.17.46:861][209]LogModuleManager: Shutting down and abandoning module CustomMeshComponent (386)
[2018.08.22-14.17.46:861][209]LogModuleManager: Shutting down and abandoning module CableComponent (384)
[2018.08.22-14.17.46:861][209]LogModuleManager: Shutting down and abandoning module AudioCapture (382)
[2018.08.22-14.17.46:861][209]LogModuleManager: Shutting down and abandoning module ArchVisCharacter (380)
[2018.08.22-14.17.46:861][209]LogModuleManager: Shutting down and abandoning module AndroidPermission (378)
[2018.08.22-14.17.46:861][209]LogModuleManager: Shutting down and abandoning module NUTUnrealEngine4 (376)
[2018.08.22-14.17.46:861][209]LogModuleManager: Shutting down and abandoning module NetcodeUnitTest (374)
[2018.08.22-14.17.46:861][209]LogModuleManager: Shutting down and abandoning module MediaCompositingEditor (372)
[2018.08.22-14.17.46:861][209]LogModuleManager: Shutting down and abandoning module MediaCompositing (370)
[2018.08.22-14.17.46:861][209]LogModuleManager: Shutting down and abandoning module LinearTimecode (368)
[2018.08.22-14.17.46:861][209]LogModuleManager: Shutting down and abandoning module ImgMedia (366)
[2018.08.22-14.17.46:864][209]LogModuleManager: Shutting down and abandoning module HTML5Networking (364)
[2018.08.22-14.17.46:864][209]LogModuleManager: Shutting down and abandoning module GeometryCacheTracks (362)
[2018.08.22-14.17.46:864][209]LogModuleManager: Shutting down and abandoning module GeometryCacheSequencer (360)
[2018.08.22-14.17.46:864][209]LogModuleManager: Shutting down and abandoning module BackChannel (358)
[2018.08.22-14.17.46:864][209]LogModuleManager: Shutting down and abandoning module AppleVision (356)
[2018.08.22-14.17.46:864][209]LogModuleManager: Shutting down and abandoning module AppleImageUtils (354)
[2018.08.22-14.17.46:864][209]LogModuleManager: Shutting down and abandoning module AlembicImporter (352)
[2018.08.22-14.17.46:864][209]LogModuleManager: Shutting down and abandoning module AlembicLibrary (351)
[2018.08.22-14.17.46:864][209]LogModuleManager: Shutting down and abandoning module GeometryCache (350)
[2018.08.22-14.17.46:864][209]LogModuleManager: Shutting down and abandoning module GeometryCacheEd (349)
[2018.08.22-14.17.46:864][209]LogModuleManager: Shutting down and abandoning module DatasmithContentEditor (344)
[2018.08.22-14.17.46:864][209]LogModuleManager: Shutting down and abandoning module DatasmithContent (342)
[2018.08.22-14.17.46:864][209]LogModuleManager: Shutting down and abandoning module SpeedTreeImporter (340)
[2018.08.22-14.17.46:864][209]LogModuleManager: Shutting down and abandoning module PluginBrowser (338)
[2018.08.22-14.17.46:864][209]LogModuleManager: Shutting down and abandoning module MobileLauncherProfileWizard (336)
[2018.08.22-14.17.46:865][209]LogModuleManager: Shutting down and abandoning module PolygonModeling (334)
[2018.08.22-14.17.46:865][209]LogModuleManager: Shutting down and abandoning module MeshEditor (332)
[2018.08.22-14.17.46:865][209]LogModuleManager: Shutting down and abandoning module CryptoKeysOpenSSL (330)
[2018.08.22-14.17.46:865][209]LogModuleManager: Shutting down and abandoning module CryptoKeys (328)
[2018.08.22-14.17.46:865][209]LogModuleManager: Shutting down and abandoning module VisualStudioSourceCodeAccess (326)
[2018.08.22-14.17.46:865][209]LogModuleManager: Shutting down and abandoning module VisualStudioCodeSourceCodeAccess (324)
[2018.08.22-14.17.46:865][209]LogModuleManager: Shutting down and abandoning module UObjectPlugin (322)
[2018.08.22-14.17.46:865][209]LogModuleManager: Shutting down and abandoning module SubversionSourceControl (320)
[2018.08.22-14.17.46:865][209]LogModuleManager: Shutting down and abandoning module PerforceSourceControl (318)
[2018.08.22-14.17.46:865][209]LogModuleManager: Shutting down and abandoning module GitSourceControl (316)
[2018.08.22-14.17.46:865][209]LogModuleManager: Shutting down and abandoning module SourceControl (315)
[2018.08.22-14.17.46:865][209]LogModuleManager: Shutting down and abandoning module CLionSourceCodeAccess (312)
[2018.08.22-14.17.46:865][209]LogModuleManager: Shutting down and abandoning module LightPropagationVolumeEditor (310)
[2018.08.22-14.17.46:865][209]LogModuleManager: Shutting down and abandoning module PaperTiledImporter (308)
[2018.08.22-14.17.46:865][209]LogModuleManager: Shutting down and abandoning module PaperSpriteSheetImporter (306)
[2018.08.22-14.17.46:865][209]LogModuleManager: Shutting down and abandoning module Paper2DEditor (304)
[2018.08.22-14.17.46:865][209]LogModuleManager: Shutting down and abandoning module MeshPaint (303)
[2018.08.22-14.17.46:865][209]LogModuleManager: Shutting down and abandoning module RuntimePhysXCooking (298)
[2018.08.22-14.17.46:865][209]LogModuleManager: Shutting down and abandoning module PhysXVehiclesEditor (296)
[2018.08.22-14.17.46:865][209]LogModuleManager: Shutting down and abandoning module PhysXVehicles (294)
[2018.08.22-14.17.46:865][209]LogModuleManager: Shutting down and abandoning module OculusEditor (292)
[2018.08.22-14.17.46:865][209]LogModuleManager: Shutting down and abandoning module LocationServicesBPLibrary (290)
[2018.08.22-14.17.46:865][209]LogModuleManager: Shutting down and abandoning module ImmediatePhysicsEditor (288)
[2018.08.22-14.17.46:865][209]LogModuleManager: Shutting down and abandoning module ImmediatePhysics (286)
[2018.08.22-14.17.46:865][209]LogModuleManager: Shutting down and abandoning module ActorSequence (284)
[2018.08.22-14.17.46:865][209]LogModuleManager: Shutting down and abandoning module UdpMessaging (282)
[2018.08.22-14.17.46:966][209]LogModuleManager: Shutting down and abandoning module TcpMessaging (280)
[2018.08.22-14.17.47:066][209]LogModuleManager: Shutting down and abandoning module MagicLeapAudio (278)
[2018.08.22-14.17.47:066][209]LogModuleManager: Shutting down and abandoning module GameplayTagsEditor (276)
[2018.08.22-14.17.47:066][209]LogModuleManager: Shutting down and abandoning module FacialAnimationEditor (274)
[2018.08.22-14.17.47:066][209]LogModuleManager: Shutting down and abandoning module FacialAnimation (272)
[2018.08.22-14.17.47:066][209]LogModuleManager: Shutting down and abandoning module DataValidation (270)
[2018.08.22-14.17.47:066][209]LogModuleManager: Shutting down and abandoning module AssetManagerEditor (268)
[2018.08.22-14.17.47:066][209]LogModuleManager: Shutting down and abandoning module LevelEditor (267)
[2018.08.22-14.17.47:067][209]LogModuleManager: Shutting down and abandoning module PixelInspectorModule (266)
[2018.08.22-14.17.47:067][209]LogModuleManager: Shutting down and abandoning module CommonMenuExtensions (264)
[2018.08.22-14.17.47:067][209]LogModuleManager: Shutting down and abandoning module MainFrame (262)
[2018.08.22-14.17.47:067][209]LogModuleManager: Shutting down and abandoning module HotReload (261)
[2018.08.22-14.17.47:067][209]LogModuleManager: Shutting down and abandoning module ContentBrowser (257)
[2018.08.22-14.17.47:068][209]LogModuleManager: Shutting down and abandoning module TreeMap (255)
[2018.08.22-14.17.47:068][209]LogModuleManager: Shutting down and abandoning module LightPropagationVolumeRuntime (252)
[2018.08.22-14.17.47:068][209]LogModuleManager: Shutting down and abandoning module AISupportModule (250)
[2018.08.22-14.17.47:068][209]LogModuleManager: Shutting down and abandoning module Paper2D (248)
[2018.08.22-14.17.47:068][209]LogModuleManager: Shutting down and abandoning module WindowsMoviePlayer (246)
[2018.08.22-14.17.47:068][209]LogModuleManager: Shutting down and abandoning module WmfMedia (244)
[2018.08.22-14.17.47:069][209]LogModuleManager: Shutting down and abandoning module Media (243)
[2018.08.22-14.17.47:075][209]LogModuleManager: Shutting down and abandoning module PacketHandler (240)
[2018.08.22-14.17.47:075][209]LogModuleManager: Shutting down and abandoning module ClothingSystemEditor (238)
[2018.08.22-14.17.47:075][209]LogModuleManager: Shutting down and abandoning module ClothingSystemRuntime (236)
[2018.08.22-14.17.47:075][209]LogModuleManager: Shutting down and abandoning module MediaAssets (234)
[2018.08.22-14.17.47:075][209]LogModuleManager: Shutting down and abandoning module Overlay (232)
[2018.08.22-14.17.47:075][209]LogModuleManager: Shutting down and abandoning module OverlayEditor (231)
[2018.08.22-14.17.47:075][209]LogModuleManager: Shutting down and abandoning module VREditor (228)
[2018.08.22-14.17.47:075][209]LogModuleManager: Shutting down and abandoning module StringTableEditor (226)
[2018.08.22-14.17.47:075][209]LogModuleManager: Shutting down and abandoning module GameplayTasksEditor (224)
[2018.08.22-14.17.47:075][209]LogModuleManager: Shutting down and abandoning module BehaviorTreeEditor (222)
[2018.08.22-14.17.47:075][209]LogModuleManager: Shutting down and abandoning module FunctionalTesting (220)
[2018.08.22-14.17.47:075][209]LogModuleManager: Shutting down and abandoning module CollisionAnalyzer (218)
[2018.08.22-14.17.47:075][209]LogModuleManager: Shutting down and abandoning module WorkspaceMenuStructure (217)
[2018.08.22-14.17.47:075][209]LogModuleManager: Shutting down and abandoning module UMG (214)
[2018.08.22-14.17.47:075][209]LogModuleManager: Shutting down and abandoning module UMGEditor (213)
[2018.08.22-14.17.47:075][209]LogModuleManager: Shutting down and abandoning module Sequencer (212)
[2018.08.22-14.17.47:075][209]LogModuleManager: Shutting down and abandoning module MessageLog (209)
[2018.08.22-14.17.47:075][209]LogModuleManager: Shutting down and abandoning module SlateReflector (204)
[2018.08.22-14.17.47:075][209]LogModuleManager: Shutting down and abandoning module Slate (202)
[2018.08.22-14.17.47:075][209]LogModuleManager: Shutting down and abandoning module EditorStyle (200)
[2018.08.22-14.17.47:077][209]LogModuleManager: Shutting down and abandoning module MRMesh (198)
[2018.08.22-14.17.47:077][209]LogModuleManager: Shutting down and abandoning module SourceCodeAccess (196)
[2018.08.22-14.17.47:077][209]LogModuleManager: Shutting down and abandoning module HeadMountedDisplay (194)
[2018.08.22-14.17.47:077][209]LogModuleManager: Shutting down and abandoning module XAudio2 (192)
[2018.08.22-14.17.47:077][209]LogModuleManager: Shutting down and abandoning module Networking (190)
[2018.08.22-14.17.47:077][209]LogModuleManager: Shutting down and abandoning module Core (188)
[2018.08.22-14.17.47:077][209]LogModuleManager: Shutting down and abandoning module LevelSequence (186)
[2018.08.22-14.17.47:077][209]LogModuleManager: Shutting down and abandoning module KismetCompiler (184)
[2018.08.22-14.17.47:077][209]LogModuleManager: Shutting down and abandoning module MeshUtilities (182)
[2018.08.22-14.17.47:077][209]LogModuleManager: Shutting down and abandoning module MeshMergeUtilities (181)
[2018.08.22-14.17.47:077][209]LogModuleManager: Shutting down and abandoning module MeshReductionInterface (180)
[2018.08.22-14.17.47:077][209]LogModuleManager: Shutting down and abandoning module SimplygonSwarm (179)
[2018.08.22-14.17.47:077][209]LogModuleManager: Shutting down and abandoning module ProxyLODMeshReduction (177)
[2018.08.22-14.17.47:078][209]LogModuleManager: Shutting down and abandoning module SimplygonMeshReduction (175)
[2018.08.22-14.17.47:078][209]LogModuleManager: Shutting down and abandoning module QuadricMeshReduction (173)
[2018.08.22-14.17.47:078][209]LogModuleManager: Shutting down and abandoning module MaterialBaking (169)
[2018.08.22-14.17.47:078][209]LogModuleManager: Shutting down and abandoning module DirectoryWatcher (165)
[2018.08.22-14.17.47:078][209]LogModuleManager: Shutting down and abandoning module DerivedDataCache (162)
[2018.08.22-14.17.47:090][209]LogDerivedDataCache: Shutdown
[2018.08.22-14.17.47:090][209]LogModuleManager: Shutting down and abandoning module XGEController (160)
[2018.08.22-14.17.47:090][209]LogModuleManager: Shutting down and abandoning module TargetPlatform (158)
[2018.08.22-14.17.47:090][209]LogModuleManager: Shutting down and abandoning module VulkanShaderFormat (157)
[2018.08.22-14.17.47:090][209]LogModuleManager: Shutting down and abandoning module ShaderFormatVectorVM (155)
[2018.08.22-14.17.47:090][209]LogModuleManager: Shutting down and abandoning module ShaderFormatOpenGL (153)
[2018.08.22-14.17.47:090][209]LogModuleManager: Shutting down and abandoning module ShaderFormatD3D (151)
[2018.08.22-14.17.47:090][209]LogModuleManager: Shutting down and abandoning module MetalShaderFormat (149)
[2018.08.22-14.17.47:091][209]LogModuleManager: Shutting down and abandoning module TextureFormatUncompressed (147)
[2018.08.22-14.17.47:091][209]LogModuleManager: Shutting down and abandoning module TextureFormatPVR (145)
[2018.08.22-14.17.47:091][209]LogModuleManager: Shutting down and abandoning module TextureFormatDXT (143)
[2018.08.22-14.17.47:091][209]LogModuleManager: Shutting down and abandoning module TextureFormatIntelISPCTexComp (141)
[2018.08.22-14.17.47:091][209]LogModuleManager: Shutting down and abandoning module TextureFormatASTC (139)
[2018.08.22-14.17.47:091][209]LogModuleManager: Shutting down and abandoning module ImageWrapper (138)
[2018.08.22-14.17.47:091][209]LogModuleManager: Shutting down and abandoning module TextureFormatAndroid (135)
[2018.08.22-14.17.47:091][209]LogModuleManager: Shutting down and abandoning module AudioFormatOpus (133)
[2018.08.22-14.17.47:091][209]LogModuleManager: Shutting down and abandoning module AudioFormatOgg (131)
[2018.08.22-14.17.47:091][209]LogModuleManager: Shutting down and abandoning module AudioFormatADPCM (129)
[2018.08.22-14.17.47:091][209]LogModuleManager: Shutting down and abandoning module LuminTargetPlatform (127)
[2018.08.22-14.17.47:091][209]LogModuleManager: Shutting down and abandoning module LinuxTargetPlatform (125)
[2018.08.22-14.17.47:091][209]LogModuleManager: Shutting down and abandoning module LinuxServerTargetPlatform (123)
[2018.08.22-14.17.47:091][209]LogModuleManager: Shutting down and abandoning module LinuxNoEditorTargetPlatform (121)
[2018.08.22-14.17.47:091][209]LogModuleManager: Shutting down and abandoning module LinuxClientTargetPlatform (119)
[2018.08.22-14.17.47:091][209]LogModuleManager: Shutting down and abandoning module TVOSTargetPlatform (117)
[2018.08.22-14.17.47:098][209]LogModuleManager: Shutting down and abandoning module Messaging (115)
[2018.08.22-14.17.47:098][209]LogModuleManager: Shutting down and abandoning module IOSTargetPlatform (113)
[2018.08.22-14.17.47:101][209]LogModuleManager: Shutting down and abandoning module HTML5TargetPlatform (111)
[2018.08.22-14.17.47:101][209]LogModuleManager: Shutting down and abandoning module AndroidTargetPlatform (109)
[2018.08.22-14.17.47:128][209]LogModuleManager: Shutting down and abandoning module WindowsTargetPlatform (107)
[2018.08.22-14.17.47:128][209]LogModuleManager: Shutting down and abandoning module WindowsServerTargetPlatform (105)
[2018.08.22-14.17.47:128][209]LogModuleManager: Shutting down and abandoning module WindowsNoEditorTargetPlatform (103)
[2018.08.22-14.17.47:128][209]LogModuleManager: Shutting down and abandoning module WindowsClientTargetPlatform (101)
[2018.08.22-14.17.47:128][209]LogModuleManager: Shutting down and abandoning module MacTargetPlatform (99)
[2018.08.22-14.17.47:128][209]LogModuleManager: Shutting down and abandoning module MacServerTargetPlatform (97)
[2018.08.22-14.17.47:128][209]LogModuleManager: Shutting down and abandoning module MacNoEditorTargetPlatform (95)
[2018.08.22-14.17.47:128][209]LogModuleManager: Shutting down and abandoning module MacClientTargetPlatform (93)
[2018.08.22-14.17.47:128][209]LogModuleManager: Shutting down and abandoning module AllDesktopTargetPlatform (91)
[2018.08.22-14.17.47:128][209]LogModuleManager: Shutting down and abandoning module InputCore (88)
[2018.08.22-14.17.47:128][209]LogModuleManager: Shutting down and abandoning module Settings (86)
[2018.08.22-14.17.47:128][209]LogModuleManager: Shutting down and abandoning module PhysXCooking (84)
[2018.08.22-14.17.47:128][209]LogModuleManager: Shutting down and abandoning module SteamVR (82)
[2018.08.22-14.17.47:128][209]LogModuleManager: Shutting down and abandoning module OculusHMD (80)
[2018.08.22-14.17.47:128][209]LogModuleManager: Shutting down and abandoning module ExampleDeviceProfileSelector (78)
[2018.08.22-14.17.47:128][209]LogModuleManager: Shutting down and abandoning module LauncherChunkInstaller (76)
[2018.08.22-14.17.47:128][209]LogModuleManager: Shutting down and abandoning module OnlineBlueprintSupport (74)
[2018.08.22-14.17.47:128][209]LogModuleManager: Shutting down and abandoning module OnlineSubsystem (70)
[2018.08.22-14.17.47:129][209]LogModuleManager: Shutting down and abandoning module XMPP (65)
[2018.08.22-14.17.47:129][209]LogModuleManager: Shutting down and abandoning module WebSockets (64)
[2018.08.22-14.17.47:134][209]LogModuleManager: Shutting down and abandoning module HTTP (61)
[2018.08.22-14.17.47:134][209]LogHttp: Display: Http module shutting down, but needs to wait on 1 outstanding Http requests:
[2018.08.22-14.17.47:134][209]LogHttp: Display: 	verb=[POST] url=[https://datarouter.ol.epicgames.com/datarouter/api/v1/public/data?SessionID=%7B6B30B964-4C16-7B10-CFA4-FFBDD8493D8D%7D&AppID=UEEditor.Rocket.Release&AppVersion=4.20.0-4212847%2B%2B%2BUE4%2BRelease-4.20&UserID=e6cdddeb4d1fe6585cdfa0b018a9346f%7Cac78c61df7a74771a3495830ed0875c9%7C2173f9d3-495d-4a1f-bcf2-54c0729477a4&AppEnvironment=datacollector-binary&UploadType=eteventstream] status=Processing
[2018.08.22-14.17.47:139][209]LogModuleManager: Shutting down and abandoning module SSL (60)
[2018.08.22-14.17.47:140][209]LogModuleManager: Shutting down and abandoning module MagicLeapEmulator (56)
[2018.08.22-14.17.47:140][209]LogModuleManager: Shutting down and abandoning module MagicLeapPrivileges (54)
[2018.08.22-14.17.47:140][209]LogModuleManager: Shutting down and abandoning module MagicLeapIdentity (52)
[2018.08.22-14.17.47:140][209]LogModuleManager: Shutting down and abandoning module MagicLeapHelperVulkan (50)
[2018.08.22-14.17.47:140][209]LogModuleManager: Shutting down and abandoning module MagicLeapHelperOpenGL (48)
[2018.08.22-14.17.47:140][209]LogModuleManager: Shutting down and abandoning module MagicLeapSecureStorage (46)
[2018.08.22-14.17.47:140][209]LogModuleManager: Shutting down and abandoning module MagicLeapGestures (44)
[2018.08.22-14.17.47:140][209]LogModuleManager: Shutting down and abandoning module MagicLeapEyeTracker (42)
[2018.08.22-14.17.47:140][209]LogModuleManager: Shutting down and abandoning module MagicLeapController (40)
[2018.08.22-14.17.47:140][209]LogSlate: Slate User Destroyed.  User Index 0, Is Virtual User: 0
[2018.08.22-14.17.47:140][209]LogModuleManager: Shutting down and abandoning module MagicLeap (38)
[2018.08.22-14.17.47:140][209]LogModuleManager: Shutting down and abandoning module AnimationModifiers (36)
[2018.08.22-14.17.47:140][209]LogModuleManager: Shutting down and abandoning module PropertyEditor (35)
[2018.08.22-14.17.47:140][209]LogModuleManager: Shutting down and abandoning module AudioEditor (32)
[2018.08.22-14.17.47:140][209]LogModuleManager: Shutting down and abandoning module TextureCompressor (30)
[2018.08.22-14.17.47:141][209]LogModuleManager: Shutting down and abandoning module ShaderCore (28)
[2018.08.22-14.17.47:141][209]LogModuleManager: Shutting down and abandoning module Landscape (26)
[2018.08.22-14.17.47:141][209]LogModuleManager: Shutting down and abandoning module SlateRHIRenderer (24)
[2018.08.22-14.17.47:141][209]LogModuleManager: Shutting down and abandoning module OpenGLDrv (22)
[2018.08.22-14.17.47:141][209]LogModuleManager: Shutting down and abandoning module D3D11RHI (20)
[2018.08.22-14.17.47:141][209]LogModuleManager: Shutting down and abandoning module AnimGraphRuntime (18)
[2018.08.22-14.17.47:141][209]LogModuleManager: Shutting down and abandoning module Renderer (16)
[2018.08.22-14.17.47:141][209]LogModuleManager: Shutting down and abandoning module Engine (14)
[2018.08.22-14.17.47:141][209]LogModuleManager: Shutting down and abandoning module CoreUObject (12)
[2018.08.22-14.17.47:141][209]LogModuleManager: Shutting down and abandoning module NetworkFile (10)
[2018.08.22-14.17.47:141][209]LogModuleManager: Shutting down and abandoning module CookedIterativeFile (8)
[2018.08.22-14.17.47:141][209]LogModuleManager: Shutting down and abandoning module StreamingFile (6)
[2018.08.22-14.17.47:141][209]LogModuleManager: Shutting down and abandoning module SandboxFile (4)
[2018.08.22-14.17.47:141][209]LogModuleManager: Shutting down and abandoning module PakFile (2)
[2018.08.22-14.17.47:148][209]LogExit: Exiting.
[2018.08.22-14.17.47:166][209]Log file closed, 08/22/18 16:17:47
