Log file open, 09/04/18 12:51:19
LogWindows: Failed to load 'aqProf.dll' (GetLastError=126)
LogWindows: File 'aqProf.dll' does not exist
LogWindows: Failed to load 'VSPerf140.dll' (GetLastError=126)
LogWindows: File 'VSPerf140.dll' does not exist
LogWindows: Failed to load 'VtuneApi.dll' (GetLastError=126)
LogWindows: File 'VtuneApi.dll' does not exist
LogWindows: Failed to load 'VtuneApi32e.dll' (GetLastError=126)
LogWindows: File 'VtuneApi32e.dll' does not exist
LogInit: Display: Running engine for game: BuildingEscape
LogPlatformFile: Not using cached read wrapper
LogTaskGraph: Started task graph with 5 named threads and 35 total threads with 3 sets of task threads.
LogStats: Stats thread started at 0.396145
LogD3D11RHI: Loaded GFSDK_Aftermath_Lib.x64.dll
LogICUInternationalization: Display: ICU TimeZone Detection - Raw Offset: +2:00, Platform Override: ''
LogPluginManager: Mounting plugin Paper2D
LogPluginManager: Mounting plugin AISupport
LogPluginManager: Mounting plugin LightPropagationVolume
LogPluginManager: Mounting plugin CLionSourceCodeAccess
LogPluginManager: Mounting plugin CodeLiteSourceCodeAccess
LogPluginManager: Mounting plugin GitSourceControl
LogPluginManager: Mounting plugin KDevelopSourceCodeAccess
LogPluginManager: Mounting plugin NullSourceCodeAccess
LogPluginManager: Mounting plugin PerforceSourceControl
LogPluginManager: Mounting plugin SubversionSourceControl
LogPluginManager: Mounting plugin UObjectPlugin
LogPluginManager: Mounting plugin VisualStudioCodeSourceCodeAccess
LogPluginManager: Mounting plugin VisualStudioSourceCodeAccess
LogPluginManager: Mounting plugin XCodeSourceCodeAccess
LogPluginManager: Mounting plugin AssetManagerEditor
LogPluginManager: Mounting plugin CryptoKeys
LogPluginManager: Mounting plugin DataValidation
LogPluginManager: Mounting plugin FacialAnimation
LogPluginManager: Mounting plugin GameplayTagsEditor
LogPluginManager: Mounting plugin MacGraphicsSwitching
LogPluginManager: Mounting plugin MeshEditor
LogPluginManager: Mounting plugin MobileLauncherProfileWizard
LogPluginManager: Mounting plugin PluginBrowser
LogPluginManager: Mounting plugin SpeedTreeImporter
LogPluginManager: Mounting plugin DatasmithContent
LogPluginManager: Mounting plugin AlembicImporter
LogPluginManager: Mounting plugin AppleImageUtils
LogPluginManager: Mounting plugin AppleVision
LogPluginManager: Mounting plugin BackChannel
LogPluginManager: Mounting plugin CharacterAI
LogPluginManager: Mounting plugin GeometryCache
LogPluginManager: Mounting plugin HTML5Networking
LogPluginManager: Mounting plugin ProxyLODPlugin
LogPluginManager: Mounting plugin MagicLeap
LogPluginManager: Mounting plugin MagicLeapEmulator
LogPluginManager: Mounting plugin MagicLeapMedia
LogPluginManager: Mounting plugin AndroidMedia
LogPluginManager: Mounting plugin AvfMedia
LogPluginManager: Mounting plugin ImgMedia
LogPluginManager: Mounting plugin LinearTimecode
LogPluginManager: Mounting plugin MediaCompositing
LogPluginManager: Mounting plugin MediaPlayerEditor
LogPluginManager: Mounting plugin WmfMedia
LogPluginManager: Mounting plugin TcpMessaging
LogPluginManager: Mounting plugin UdpMessaging
LogPluginManager: Mounting plugin ActorSequence
LogPluginManager: Mounting plugin LevelSequenceEditor
LogPluginManager: Mounting plugin MatineeToLevelSequence
LogPluginManager: Mounting plugin NetcodeUnitTest
LogPluginManager: Mounting plugin NUTUnrealEngine4
LogPluginManager: Mounting plugin OnlineSubsystemGooglePlay
LogPluginManager: Mounting plugin OnlineSubsystemIOS
LogPluginManager: Mounting plugin OnlineSubsystem
LogPluginManager: Mounting plugin OnlineSubsystemNull
LogPluginManager: Mounting plugin OnlineSubsystemUtils
LogPluginManager: Mounting plugin LauncherChunkInstaller
LogPluginManager: Mounting plugin AndroidDeviceProfileSelector
LogPluginManager: Mounting plugin AndroidMoviePlayer
LogPluginManager: Mounting plugin AndroidPermission
LogPluginManager: Mounting plugin AppleMoviePlayer
LogPluginManager: Mounting plugin ArchVisCharacter
LogPluginManager: Mounting plugin AudioCapture
LogPluginManager: Mounting plugin CableComponent
LogPluginManager: Mounting plugin CustomMeshComponent
LogPluginManager: Mounting plugin EditableMesh
LogPluginManager: Mounting plugin ExampleDeviceProfileSelector
LogPluginManager: Mounting plugin GoogleCloudMessaging
LogPluginManager: Mounting plugin ImmediatePhysics
LogPluginManager: Mounting plugin IOSDeviceProfileSelector
LogPluginManager: Mounting plugin LinuxDeviceProfileSelector
LogPluginManager: Mounting plugin LocationServicesBPLibrary
LogPluginManager: Mounting plugin MobilePatchingUtils
LogPluginManager: Mounting plugin OculusVR
LogPluginManager: Plugin shader directory ../../../Engine/Plugins/Runtime/Oculus/OculusVR/Shaders found
LogPluginManager: Mapping shader source directory ../../../Engine/Plugins/Runtime/Oculus/OculusVR/Shaders to virtual directory /Plugin/OculusVR
LogPluginManager: Mounting plugin PhysXVehicles
LogPluginManager: Mounting plugin ProceduralMeshComponent
LogPluginManager: Mounting plugin RuntimePhysXCooking
LogPluginManager: Mounting plugin SteamVR
LogPluginManager: Mounting plugin WindowsMoviePlayer
LogStreaming: Display: Took  0.065s to configure plugins.
LogInit: Using libcurl 7.55.1-DEV
LogInit:  - built for x86_64-pc-win32
LogInit:  - supports SSL with OpenSSL/1.0.2h
LogInit:  - supports HTTP deflate (compression) using libz 1.2.8
LogInit:  - other features:
LogInit:      CURL_VERSION_SSL
LogInit:      CURL_VERSION_LIBZ
LogInit:      CURL_VERSION_IPV6
LogInit:      CURL_VERSION_ASYNCHDNS
LogInit:      CURL_VERSION_LARGEFILE
LogInit:      CURL_VERSION_IDN
LogInit:  CurlRequestOptions (configurable via config and command line):
LogInit:  - bVerifyPeer = false  - Libcurl will NOT verify peer certificate
LogInit:  - bUseHttpProxy = false  - Libcurl will NOT use HTTP proxy
LogInit:  - bDontReuseConnections = false  - Libcurl will reuse connections
LogInit:  - CertBundlePath = nullptr  - Libcurl will use whatever was configured at build time.
LogInit:  - MaxHostConnections = 16  - Libcurl will limit the number of connections to a host
LogInit:  - LocalHostAddr = Default
LogInit:  - BufferSize = 65536
LogInit: WinSock: version 1.1 (2.2), MaxSocks=32767, MaxUdp=65467
LogInit: Build: ++UE4+Release-4.20-CL-4212847
LogInit: Engine Version: 4.20.0-4212847+++UE4+Release-4.20
LogInit: Compatible Engine Version: 4.20.0-4212847+++UE4+Release-4.20
LogInit: Net CL: 4212847
LogInit: OS: Windows 10 (), CPU: Intel(R) Core(TM) i7-8700K CPU @ 3.70GHz, GPU: NVIDIA GeForce GTX 1080
LogInit: Compiled (64-bit): Jul 14 2018 09:51:14
LogInit: Compiled with Visual C++: 19.13.26129.00
LogInit: Build Configuration: Development
LogInit: Branch Name: ++UE4+Release-4.20
LogInit: Command Line:  
LogInit: Base Directory: D:/Tools/Engines/Unreal/UE_4.20/Engine/Binaries/Win64/
LogInit: Installed Engine Build: 1
LogDevObjectVersion: Number of dev versions registered: 20
LogDevObjectVersion:   Dev-Blueprints (B0D832E4-1F89-4F0D-ACCF-7EB736FD4AA2): 10
LogDevObjectVersion:   Dev-Build (E1C64328-A22C-4D53-A36C-8E866417BD8C): 0
LogDevObjectVersion:   Dev-Core (375EC13C-06E4-48FB-B500-84F0262A717E): 2
LogDevObjectVersion:   Dev-Editor (E4B068ED-F494-42E9-A231-DA0B2E46BB41): 24
LogDevObjectVersion:   Dev-Framework (CFFC743F-43B0-4480-9391-14DF171D2073): 34
LogDevObjectVersion:   Dev-Mobile (B02B49B5-BB20-44E9-A304-32B752E40360): 2
LogDevObjectVersion:   Dev-Networking (A4E4105C-59A1-49B5-A7C5-40C4547EDFEE): 0
LogDevObjectVersion:   Dev-Online (39C831C9-5AE6-47DC-9A44-9C173E1C8E7C): 0
LogDevObjectVersion:   Dev-Physics (78F01B33-EBEA-4F98-B9B4-84EACCB95AA2): 0
LogDevObjectVersion:   Dev-Platform (6631380F-2D4D-43E0-8009-CF276956A95A): 0
LogDevObjectVersion:   Dev-Rendering (12F88B9F-8875-4AFC-A67C-D90C383ABD29): 26
LogDevObjectVersion:   Dev-Sequencer (7B5AE74C-D270-4C10-A958-57980B212A5A): 9
LogDevObjectVersion:   Dev-VR (D7296918-1DD6-4BDD-9DE2-64A83CC13884): 2
LogDevObjectVersion:   Dev-LoadTimes (C2A15278-BFE7-4AFE-6C17-90FF531DF755): 1
LogDevObjectVersion:   Private-Geometry (6EACA3D4-40EC-4CC1-B786-8BED09428FC5): 3
LogDevObjectVersion:   Dev-AnimPhys (29E575DD-E0A3-4627-9D10-D276232CDCEA): 17
LogDevObjectVersion:   Dev-ReflectionCapture (6B266CEC-1EC7-4B8F-A30B-E4D90942FC07): 1
LogDevObjectVersion:   Dev-Automation (0DF73D61-A23F-47EA-B727-89E90C41499A): 1
LogDevObjectVersion:   FortniteMain (601D1886-AC64-4F84-AA16-D3DE0DEAC7D6): 12
LogDevObjectVersion:   Dev-Enterprise (9DFFBCD6-494F-0158-E221-12823C92A888): 1
LogStreaming: Display: Took  0.000s to delete old logs.
LogInit: Presizing for max 8388607 objects, including 0 objects not considered by GC, pre-allocating 0 bytes for permanent pool.
LogInit: Object subsystem initialized
[2018.09.04-10.51.20:194][  0]LogInit: Selected Device Profile: [Windows]
[2018.09.04-10.51.20:194][  0]LogInit: Applying CVar settings loaded from the selected device profile: [Windows]
[2018.09.04-10.51.20:203][  0]LogHAL: Display: Platform has ~ 16 GB [17128759296 / 17179869184 / 16], which maps to Larger [LargestMinGB=32, LargerMinGB=12, DefaultMinGB=8, SmallerMinGB=6, SmallestMinGB=0)
[2018.09.04-10.51.20:203][  0]LogInit: Setting Device Profile CVar: [[r.Vulkan.UseRealUBs:1]]
[2018.09.04-10.51.20:203][  0]LogInit: Going up to parent DeviceProfile []
[2018.09.04-10.51.20:203][  0]LogInit: Computer: DESKTOP-G8IDVO9
[2018.09.04-10.51.20:203][  0]LogInit: User: kchin
[2018.09.04-10.51.20:203][  0]LogInit: CPU Page size=4096, Cores=6
[2018.09.04-10.51.20:203][  0]LogInit: High frequency timer resolution =3.609384 MHz
[2018.09.04-10.51.20:203][  0]LogMemory: Memory total: Physical=16.0GB (16GB approx)
[2018.09.04-10.51.20:203][  0]LogMemory: Platform Memory Stats for Windows
[2018.09.04-10.51.20:203][  0]LogMemory: Process Physical Memory: 100.85 MB used, 100.85 MB peak
[2018.09.04-10.51.20:203][  0]LogMemory: Process Virtual Memory: 85.88 MB used, 85.88 MB peak
[2018.09.04-10.51.20:203][  0]LogMemory: Physical Memory: 6378.38 MB used,  9956.88 MB free, 16335.26 MB total
[2018.09.04-10.51.20:203][  0]LogMemory: Virtual Memory: 4651.26 MB used,  9956.88 MB free, 134217728.00 MB total
[2018.09.04-10.51.20:217][  0]LogInit: Using OS detected language (en-GB).
[2018.09.04-10.51.20:217][  0]LogInit: Using OS detected locale (en-ZA).
[2018.09.04-10.51.20:218][  0]LogTextLocalizationManager: No specific localization for 'en-GB' exists, so the 'en' localization will be used.
[2018.09.04-10.51.20:520][  0]LogStreaming: Display: Took  0.303s to InitEngineTextLocalization.
[2018.09.04-10.51.20:520][  0]LogInit: Setting process to per monitor DPI aware
[2018.09.04-10.51.20:544][  0]LogSlate: New Slate User Created.  User Index 0, Is Virtual User: 0
[2018.09.04-10.51.20:544][  0]LogSlate: Slate User Registered.  User Index 0, Is Virtual User: 0
[2018.09.04-10.51.20:688][  0]LogHMD: Failed to initialize OpenVR with code 110
[2018.09.04-10.51.20:688][  0]LogD3D11RHI: D3D11 adapters:
[2018.09.04-10.51.20:735][  0]LogD3D11RHI:    0. 'NVIDIA GeForce GTX 1080' (Feature Level 11_0)
[2018.09.04-10.51.20:735][  0]LogD3D11RHI:       8079/0/8167 MB DedicatedVideo/DedicatedSystem/SharedSystem, Outputs:2, VendorId:0x10de
[2018.09.04-10.51.20:737][  0]LogD3D11RHI:    1. 'Microsoft Basic Render Driver' (Feature Level 11_0)
[2018.09.04-10.51.20:737][  0]LogD3D11RHI:       0/0/8167 MB DedicatedVideo/DedicatedSystem/SharedSystem, Outputs:0, VendorId:0x1414
[2018.09.04-10.51.20:737][  0]LogD3D11RHI: Chosen D3D11 Adapter: 0
[2018.09.04-10.51.20:742][  0]LogD3D11RHI: Creating new Direct3DDevice
[2018.09.04-10.51.20:742][  0]LogD3D11RHI:     GPU DeviceId: 0x1b80 (for the marketing name, search the web for "GPU Device Id")
[2018.09.04-10.51.20:742][  0]LogWindows: EnumDisplayDevices:
[2018.09.04-10.51.20:742][  0]LogWindows:    0. 'NVIDIA GeForce GTX 1080' (P:1 D:1)
[2018.09.04-10.51.20:743][  0]LogWindows:    1. 'NVIDIA GeForce GTX 1080' (P:0 D:1)
[2018.09.04-10.51.20:743][  0]LogWindows:    2. 'NVIDIA GeForce GTX 1080' (P:0 D:0)
[2018.09.04-10.51.20:743][  0]LogWindows:    3. 'NVIDIA GeForce GTX 1080' (P:0 D:0)
[2018.09.04-10.51.20:743][  0]LogWindows: DebugString: FoundDriverCount:4 
[2018.09.04-10.51.20:743][  0]LogD3D11RHI:     Adapter Name: NVIDIA GeForce GTX 1080
[2018.09.04-10.51.20:743][  0]LogD3D11RHI:   Driver Version: 398.82 (internal:24.21.13.9882, unified:398.82)
[2018.09.04-10.51.20:743][  0]LogD3D11RHI:      Driver Date: 7-30-2018
[2018.09.04-10.51.20:743][  0]LogRHI: Texture pool is 5655 MB (70% of 8079 MB)
[2018.09.04-10.51.20:781][  0]LogD3D11RHI: Async texture creation enabled
[2018.09.04-10.51.20:797][  0]LogD3D11RHI: GPU Timing Frequency: 1000.000000 (Debug: 2 2)
[2018.09.04-10.51.20:846][  0]LogShaderCompilers: Guid format shader working directory is -24 characters bigger than the processId version (../../../../../../../GithubRepositories/BuildingEscape/BuildingEscape/Intermediate/Shaders/WorkingDirectory/12720/).
[2018.09.04-10.51.20:846][  0]LogShaderCompilers: Cleaned the shader compiler working directory 'C:/Users/kchin/AppData/Local/Temp/UnrealShaderWorkingDir/95297B38429D5AE0E594EFB4ED120B8B/'.
[2018.09.04-10.51.21:062][  0]LogTemp: Display: Loaded TP AllDesktopTargetPlatform
[2018.09.04-10.51.21:073][  0]LogTemp: Display: Loaded TP MacClientTargetPlatform
[2018.09.04-10.51.21:082][  0]LogTemp: Display: Loaded TP MacNoEditorTargetPlatform
[2018.09.04-10.51.21:093][  0]LogTemp: Display: Loaded TP MacServerTargetPlatform
[2018.09.04-10.51.21:105][  0]LogTemp: Display: Loaded TP MacTargetPlatform
[2018.09.04-10.51.21:114][  0]LogTemp: Display: Loaded TP WindowsClientTargetPlatform
[2018.09.04-10.51.21:125][  0]LogTemp: Display: Loaded TP WindowsNoEditorTargetPlatform
[2018.09.04-10.51.21:135][  0]LogTemp: Display: Loaded TP WindowsServerTargetPlatform
[2018.09.04-10.51.21:139][  0]LogTemp: Display: Loaded TP WindowsTargetPlatform
[2018.09.04-10.51.21:196][  0]LogTemp: Display: Loaded TP AndroidTargetPlatform
[2018.09.04-10.51.21:196][  0]LogTemp: Display: Loaded TP AndroidTargetPlatform
[2018.09.04-10.51.21:196][  0]LogTemp: Display: Loaded TP AndroidTargetPlatform
[2018.09.04-10.51.21:196][  0]LogTemp: Display: Loaded TP AndroidTargetPlatform
[2018.09.04-10.51.21:196][  0]LogTemp: Display: Loaded TP AndroidTargetPlatform
[2018.09.04-10.51.21:196][  0]LogTemp: Display: Loaded TP AndroidTargetPlatform
[2018.09.04-10.51.21:196][  0]LogTemp: Display: Loaded TP AndroidTargetPlatform
[2018.09.04-10.51.21:196][  0]LogTemp: Display: Loaded TP AndroidTargetPlatform
[2018.09.04-10.51.21:196][  0]LogTemp: Display: Loaded TP AndroidTargetPlatform
[2018.09.04-10.51.21:196][  0]LogTemp: Display: Loaded TP AndroidTargetPlatform
[2018.09.04-10.51.21:196][  0]LogTemp: Display: Loaded TP AndroidTargetPlatform
[2018.09.04-10.51.21:196][  0]LogTemp: Display: Loaded TP AndroidTargetPlatform
[2018.09.04-10.51.21:196][  0]LogTemp: Display: Loaded TP AndroidTargetPlatform
[2018.09.04-10.51.21:196][  0]LogTemp: Display: Loaded TP AndroidTargetPlatform
[2018.09.04-10.51.21:196][  0]LogTemp: Display: Loaded TP AndroidTargetPlatform
[2018.09.04-10.51.21:196][  0]LogTemp: Display: Loaded TP AndroidTargetPlatform
[2018.09.04-10.51.21:196][  0]LogTemp: Display: Loaded TP AndroidTargetPlatform
[2018.09.04-10.51.21:196][  0]LogTemp: Display: Loaded TP AndroidTargetPlatform
[2018.09.04-10.51.21:197][  0]LogTemp: Display: Loaded TP HTML5TargetPlatform
[2018.09.04-10.51.21:248][  0]LogTemp: Display: Loaded TP IOSTargetPlatform
[2018.09.04-10.51.21:248][  0]LogTemp: Display: Loaded TP IOSTargetPlatform
[2018.09.04-10.51.21:266][  0]LogTemp: Display: Loaded TP TVOSTargetPlatform
[2018.09.04-10.51.21:266][  0]LogTemp: Display: Loaded TP TVOSTargetPlatform
[2018.09.04-10.51.21:275][  0]LogTemp: Display: Loaded TP LinuxClientTargetPlatform
[2018.09.04-10.51.21:284][  0]LogTemp: Display: Loaded TP LinuxNoEditorTargetPlatform
[2018.09.04-10.51.21:293][  0]LogTemp: Display: Loaded TP LinuxServerTargetPlatform
[2018.09.04-10.51.21:303][  0]LogTemp: Display: Loaded TP LinuxTargetPlatform
[2018.09.04-10.51.21:309][  0]LogTemp: Display: Loaded TP LuminTargetPlatform
[2018.09.04-10.51.21:309][  0]LogTargetPlatformManager: Display: Building Assets For Windows
[2018.09.04-10.51.21:346][  0]LogXGEController: Cleaning working directory: C:/Users/kchin/AppData/Local/Temp/UnrealXGEWorkingDir/
[2018.09.04-10.51.21:346][  0]LogXGEController: Cannot use XGE Controller as Incredibuild is not installed on this machine.
[2018.09.04-10.51.21:346][  0]LogShaderCompilers: Cannot use XGE Shader Compiler as Incredibuild is not installed on this machine.
[2018.09.04-10.51.21:346][  0]LogShaderCompilers: Display: Using Local Shader Compiler.
[2018.09.04-10.51.21:919][  0]LogDerivedDataCache: Display: Max Cache Size: 512 MB
[2018.09.04-10.51.21:963][  0]LogDerivedDataCache: Loaded boot cache 0.04s 71MB C:/Users/kchin/AppData/Local/UnrealEngine/4.20/DerivedDataCache/Boot.ddc.
[2018.09.04-10.51.21:964][  0]LogDerivedDataCache: Display: Loaded Boot cache: C:/Users/kchin/AppData/Local/UnrealEngine/4.20/DerivedDataCache/Boot.ddc
[2018.09.04-10.51.21:964][  0]LogDerivedDataCache: FDerivedDataBackendGraph:  Pak pak cache file ../../../../../../../GithubRepositories/BuildingEscape/BuildingEscape/DerivedDataCache/DDC.ddp not found, will not use a pak cache.
[2018.09.04-10.51.21:964][  0]LogDerivedDataCache: Unable to find inner node Pak for hierarchical cache Hierarchy.
[2018.09.04-10.51.21:964][  0]LogDerivedDataCache: FDerivedDataBackendGraph:  CompressedPak pak cache file ../../../../../../../GithubRepositories/BuildingEscape/BuildingEscape/DerivedDataCache/Compressed.ddp not found, will not use a pak cache.
[2018.09.04-10.51.21:964][  0]LogDerivedDataCache: Unable to find inner node CompressedPak for hierarchical cache Hierarchy.
[2018.09.04-10.51.21:977][  0]LogDerivedDataCache: Display: Pak cache opened for reading ../../../Engine/DerivedDataCache/Compressed.ddp.
[2018.09.04-10.51.21:989][  0]LogDerivedDataCache: Using Local data cache path C:/Users/kchin/AppData/Local/UnrealEngine/Common/DerivedDataCache: Writable
[2018.09.04-10.51.21:989][  0]LogDerivedDataCache: Shared data cache path not found in *engine.ini, will not use an Shared cache.
[2018.09.04-10.51.21:989][  0]LogDerivedDataCache: Unable to find inner node Shared for hierarchical cache Hierarchy.
[2018.09.04-10.51.22:003][  0]LogMaterial: Verifying Global Shaders for PCD3D_SM5
[2018.09.04-10.51.22:005][  0]LogSlate: Using FreeType 2.6.0
[2018.09.04-10.51.22:005][  0]LogSlate: SlateFontServices - WITH_FREETYPE: 1, WITH_HARFBUZZ: 1
[2018.09.04-10.51.22:067][  0]LogAssetRegistry: FAssetRegistry took 0.0253 seconds to start up
[2018.09.04-10.51.22:331][  0]LogInit: Selected Device Profile: [Windows]
[2018.09.04-10.51.22:432][  0]LogSimplygon: Simplygon DLL not present - disabling.
[2018.09.04-10.51.22:434][  0]LogMeshReduction: Using SimplygonSwarm for distributed automatic mesh merging
[2018.09.04-10.51.22:434][  0]LogMeshReduction: Using ProxyLODMeshReduction for automatic mesh merging
[2018.09.04-10.51.22:434][  0]LogMeshReduction: Using QuadricMeshReduction for automatic static mesh reduction
[2018.09.04-10.51.22:434][  0]LogMeshReduction: No automatic skeletal mesh reduction module available
[2018.09.04-10.51.22:467][  0]LogNetVersion: BuildingEscape 1.0.0, NetCL: 4212847, EngineNetVer: 5, GameNetVer: 0 (Checksum: 3323102585)
[2018.09.04-10.51.22:849][  0]LogPackageLocalizationCache: Processed 11 localized package path(s) for 2 prioritized culture(s) in 0.068947 seconds
[2018.09.04-10.51.22:854][  0]LogUObjectArray: 38425 objects as part of root set at end of initial load.
[2018.09.04-10.51.22:854][  0]LogUObjectAllocator: 6690864 out of 0 bytes used by permanent object pool.
[2018.09.04-10.51.22:854][  0]LogUObjectArray: CloseDisregardForGC: 0/0 objects in disregard for GC pool
[2018.09.04-10.51.23:482][  0]LogTcpMessaging: Initializing TcpMessaging bridge
[2018.09.04-10.51.23:495][  0]LogUdpMessaging: Initializing bridge on interface 0.0.0.0:0 to multicast group 230.0.0.1:6666.
[2018.09.04-10.51.23:620][  0]SourceControl: Source control is disabled
[2018.09.04-10.51.23:620][  0]SourceControl: Source control is disabled
[2018.09.04-10.51.23:621][  0]SourceControl: Source control is disabled
[2018.09.04-10.51.23:622][  0]SourceControl: Source control is disabled
[2018.09.04-10.51.23:759][  0]LogAndroidPermission: UAndroidPermissionCallbackProxy::GetInstance
[2018.09.04-10.51.23:809][  0]LogOcInput: OculusInput pre-init called
[2018.09.04-10.51.23:853][  0]LogEngine: Initializing Engine...
[2018.09.04-10.51.23:854][  0]LogHMD: Failed to initialize OpenVR with code 110
[2018.09.04-10.51.23:854][  0]LogStats: UGameplayTagsManager::ConstructGameplayTagTree: ImportINI prefixes -  0.000 s
[2018.09.04-10.51.23:854][  0]LogStats: UGameplayTagsManager::ConstructGameplayTagTree: Construct from data asset -  0.000 s
[2018.09.04-10.51.23:855][  0]LogStats: UGameplayTagsManager::ConstructGameplayTagTree: ImportINI -  0.000 s
[2018.09.04-10.51.23:855][  0]LogStats: UGameplayTagsManager::ConstructGameplayTagTree: GameplayTagTreeChangedEvent.Broadcast -  0.000 s
[2018.09.04-10.51.24:020][  0]LogInit: Initializing FReadOnlyCVARCache
[2018.09.04-10.51.24:028][  0]LogAIModule: Creating AISystem for world Untitled
[2018.09.04-10.51.24:093][  0]LogInit: XAudio2 using 'Speakers (Realtek High Definition Audio)' : 2 channels at 48 kHz using 32 bits per sample (channel mask 0x3)
[2018.09.04-10.51.24:110][  0]LogInit: FAudioDevice initialized.
[2018.09.04-10.51.24:110][  0]LogNetVersion: Set ProjectVersion to 1.0.0.0. Version Checksum will be recalculated on next use.
[2018.09.04-10.51.24:175][  0]LogDerivedDataCache: Saved boot cache 0.07s 71MB C:/Users/kchin/AppData/Local/UnrealEngine/4.20/DerivedDataCache/Boot.ddc.
[2018.09.04-10.51.24:178][  0]LogInit: Texture streaming: Enabled
[2018.09.04-10.51.24:188][  0]LogEngineSessionManager: EngineSessionManager initialized
[2018.09.04-10.51.24:188][  0]LogEngineSessionManager: EngineSessionManager sent abnormal shutdown report. Type=Crashed, SessionId={0CFD6D02-4358-40C4-EE01-9C8520486038}
[2018.09.04-10.51.24:198][  0]LogInit: Transaction tracking system initialized
[2018.09.04-10.51.24:209][  0]BlueprintLog: New page: Editor Load
[2018.09.04-10.51.24:251][  0]LocalizationService: Localization service is disabled
[2018.09.04-10.51.24:433][  0]LogCook: Display: Max memory allowance for cook 16384mb min free memory 0mb
[2018.09.04-10.51.24:433][  0]LogCook: Display: Mobile HDR setting 1
[2018.09.04-10.51.24:433][  0]LogGameplayTags: Display: UGameplayTagsManager::DoneAddingNativeTags. DelegateIsBound: 0
[2018.09.04-10.51.24:433][  0]LogStats: UGameplayTagsManager::ConstructGameplayTagTree: ImportINI prefixes -  0.000 s
[2018.09.04-10.51.24:433][  0]LogStats: UGameplayTagsManager::ConstructGameplayTagTree: Construct from data asset -  0.000 s
[2018.09.04-10.51.24:433][  0]LogStats: UGameplayTagsManager::ConstructGameplayTagTree: ImportINI -  0.000 s
[2018.09.04-10.51.24:433][  0]LogStats: UGameplayTagsManager::ConstructGameplayTagTree: GameplayTagTreeChangedEvent.Broadcast -  0.000 s
[2018.09.04-10.51.24:502][  0]LogFileCache: Scanning file cache for directory 'D:/GithubRepositories/BuildingEscape/BuildingEscape/Content/' took 0.01s
[2018.09.04-10.51.24:502][  0]SourceControl: Source control is disabled
[2018.09.04-10.51.24:502][  0]Cmd: MAP LOAD FILE="../../../../../../../GithubRepositories/BuildingEscape/BuildingEscape/Content/Maps/NewMap.umap" TEMPLATE=0 SHOWPROGRESS=1 FEATURELEVEL=3
[2018.09.04-10.51.24:503][  0]LightingResults: New page: Lighting Build
[2018.09.04-10.51.24:504][  0]MapCheck: New page: Map Check
[2018.09.04-10.51.24:504][  0]LightingResults: New page: Lighting Build
[2018.09.04-10.51.24:697][  0]LogAIModule: Creating AISystem for world NewMap
[2018.09.04-10.51.24:701][  0]LogEditorServer: Finished looking for orphan Actors (0.000 secs)
[2018.09.04-10.51.24:721][  0]Cmd: MAP CHECKDEP NOCLEARLOG
[2018.09.04-10.51.24:762][  0]MapCheck: Map check complete: 0 Error(s), 0 Warning(s), took 40,133ms to complete.
[2018.09.04-10.51.24:762][  0]LogFileHelpers: Loading map 'NewMap' took 0.260
[2018.09.04-10.51.24:856][  0]LogSlate: Updating window title bar state: overlay mode, drag disabled, window buttons hidden, title bar hidden
[2018.09.04-10.51.24:861][  0]LogSlate: Updating window title bar state: overlay mode, drag disabled, window buttons hidden, title bar hidden
[2018.09.04-10.51.24:865][  0]LogSlate: Updating window title bar state: overlay mode, drag disabled, window buttons hidden, title bar hidden
[2018.09.04-10.51.24:870][  0]LogSlate: Updating window title bar state: overlay mode, drag disabled, window buttons hidden, title bar hidden
[2018.09.04-10.51.24:873][  0]LogCollectionManager: Loaded 0 collections in 0.000652 seconds
[2018.09.04-10.51.24:916][  0]LogFileCache: Scanning file cache for directory 'D:/GithubRepositories/BuildingEscape/BuildingEscape/Saved/Collections/' took 0.01s
[2018.09.04-10.51.24:916][  0]LogFileCache: Scanning file cache for directory 'D:/GithubRepositories/BuildingEscape/BuildingEscape/Content/Developers/kchin/Collections/' took 0.01s
[2018.09.04-10.51.24:916][  0]LogFileCache: Scanning file cache for directory 'D:/GithubRepositories/BuildingEscape/BuildingEscape/Content/Collections/' took 0.01s
[2018.09.04-10.51.24:916][  0]LogCollectionManager: Rebuilt the GUID cache for 0 collections in 0.000000 seconds
[2018.09.04-10.51.24:923][  0]LogContentBrowser: Native class hierarchy populated in 0.0070 seconds. Added 2575 classes and 607 folders.
[2018.09.04-10.51.24:927][  0]LogContentBrowser: Native class hierarchy updated for 'WidgetCarousel' in 0.0002 seconds. Added 0 classes and 0 folders.
[2018.09.04-10.51.24:954][  0]LogContentBrowser: Native class hierarchy updated for 'AddContentDialog' in 0.0002 seconds. Added 0 classes and 0 folders.
[2018.09.04-10.51.24:966][  0]LogSlate: Took 0.000130 seconds to synchronously load lazily loaded font '../../../Engine/Content/Slate/Fonts/Roboto-Regular.ttf' (155K)
[2018.09.04-10.51.24:969][  0]LogSlate: Took 0.000123 seconds to synchronously load lazily loaded font '../../../Engine/Content/Slate/Fonts/Roboto-Bold.ttf' (160K)
[2018.09.04-10.51.24:970][  0]LogSlate: Took 0.000149 seconds to synchronously load lazily loaded font '../../../Engine/Content/Editor/Slate/Fonts/FontAwesome.ttf' (139K)
[2018.09.04-10.51.24:972][  0]LogSlate: Took 0.000117 seconds to synchronously load lazily loaded font '../../../Engine/Content/Slate/Fonts/DroidSansMono.ttf' (77K)
[2018.09.04-10.51.25:042][  0]LogRenderer: Reallocating scene render targets to support 1192x652 Format 10 NumSamples 1 (Frame:1).
[2018.09.04-10.51.25:144][  0]LogContentBrowser: Native class hierarchy updated for 'HierarchicalLODOutliner' in 0.0002 seconds. Added 0 classes and 0 folders.
[2018.09.04-10.51.25:144][  0]LogLoad: (Engine Initialization) Total time: 6.37 seconds
[2018.09.04-10.51.25:145][  0]LogLoad: (Engine Initialization) Total Blueprint compile time: 0.00 seconds
[2018.09.04-10.51.25:176][  0]LogAssetRegistry: Asset discovery search completed in 3.1305 seconds
[2018.09.04-10.51.25:177][  0]LogCollectionManager: Rebuilt the object cache for 0 collections in 0.000000 seconds (found 0 objects)
[2018.09.04-10.51.25:177][  0]LogCollectionManager: Fixed up redirectors for 0 collections in 0.000139 seconds (updated 0 objects)
[2018.09.04-10.51.25:179][  0]LogContentStreaming: Texture pool size now 3000 MB
[2018.09.04-10.51.25:194][  0]LogSlate: Took 0.000144 seconds to synchronously load lazily loaded font '../../../Engine/Content/Slate/Fonts/Roboto-Light.ttf' (167K)
[2018.09.04-10.51.34:053][166]LogSlate: FSceneViewport::OnFocusLost() reason 0
[2018.09.04-10.51.34:944][267]LogSlate: Took 0.000178 seconds to synchronously load lazily loaded font '../../../Engine/Content/Slate/Fonts/Roboto-Italic.ttf' (157K)
[2018.09.04-10.51.49:047][951]LogSlate: Took 0.000137 seconds to synchronously load lazily loaded font '../../../Engine/Content/Slate/Fonts/Roboto-Light.ttf' (167K)
[2018.09.04-10.51.49:053][951]LogAssetEditorManager: Opening Asset editor for Class /Script/BuildingEscape.OpenDoor
[2018.09.04-10.51.57:771][ 63]LogVSAccessor: Warning: Visual Studio is open but could not be queried - it may be blocked by a modal operation
[2018.09.04-10.52.05:938][261]LogEditorViewport: Clicking on Actor (LMB): TriggerVolume (TriggerVolume)
[2018.09.04-10.52.08:449][548]LogSlate: FSceneViewport::OnFocusLost() reason 0
[2018.09.04-10.52.17:589][631]LogSlate: FSceneViewport::OnFocusLost() reason 2
[2018.09.04-10.52.17:594][631]Cmd: OBJ SAVEPACKAGE PACKAGE="/Game/Maps/NewMap" FILE="../../../../../../../GithubRepositories/BuildingEscape/BuildingEscape/Content/Maps/NewMap.umap" SILENT=true AUTOSAVING=false KEEPDIRTY=false
[2018.09.04-10.52.17:647][631]LogSavePackage: Moving '../../../../../../../GithubRepositories/BuildingEscape/BuildingEscape/Saved/NewMap470015EE4398CD5E4CDFC6A75129A12D.tmp' to '../../../../../../../GithubRepositories/BuildingEscape/BuildingEscape/Content/Maps/NewMap.umap'
[2018.09.04-10.52.17:663][631]Cmd: OBJ SAVEPACKAGE PACKAGE="/Game/Maps/NewMap_BuiltData" FILE="../../../../../../../GithubRepositories/BuildingEscape/BuildingEscape/Content/Maps/NewMap_BuiltData.uasset" SILENT=true
[2018.09.04-10.52.17:771][631]LogSavePackage: Moving '../../../../../../../GithubRepositories/BuildingEscape/BuildingEscape/Saved/NewMap_BuiltData1E12AD044CC0F1173DBC859514C93A2A.tmp' to '../../../../../../../GithubRepositories/BuildingEscape/BuildingEscape/Content/Maps/NewMap_BuiltData.uasset'
[2018.09.04-10.53.12:226][896]LogHotReload: New module detected: UE4Editor-BuildingEscape-6020.dll
[2018.09.04-10.53.12:570][898]LogHotReload: Starting Hot-Reload from IDE
[2018.09.04-10.53.12:619][898]LogContentBrowser: Native class hierarchy updated for 'BuildingEscape' in 0.0003 seconds. Added 2 classes and 2 folders.
[2018.09.04-10.53.12:621][898]Display: HotReload successful (0 functions remapped  0 scriptstructs remapped)
[2018.09.04-10.53.12:772][898]LogContentBrowser: Native class hierarchy populated in 0.0067 seconds. Added 2575 classes and 607 folders.
[2018.09.04-10.53.12:782][898]Display: HotReload took  0.2s.
[2018.09.04-10.53.17:379][240]LogTemp: Repeating last play command: Selected Viewport
[2018.09.04-10.53.17:387][240]LogPlayLevel: PlayLevel: No blueprints needed recompiling
[2018.09.04-10.53.17:399][240]PIE: New page: PIE session: NewMap (04 Sep 2018, 2:53:17 PM)
[2018.09.04-10.53.17:399][240]LogPlayLevel: Creating play world package: /Game/Maps/UEDPIE_0_NewMap
[2018.09.04-10.53.17:402][240]LogPlayLevel: PIE: StaticDuplicateObject took: (0.002387s)
[2018.09.04-10.53.17:402][240]LogAIModule: Creating AISystem for world NewMap
[2018.09.04-10.53.17:402][240]LogPlayLevel: PIE: World Init took: (0.000663s)
[2018.09.04-10.53.17:402][240]LogPlayLevel: PIE: Created PIE world by copying editor world from /Game/Maps/NewMap.NewMap to /Game/Maps/UEDPIE_0_NewMap.NewMap (0.003389s)
[2018.09.04-10.53.17:433][240]LogInit: XAudio2 using 'Speakers (Realtek High Definition Audio)' : 2 channels at 48 kHz using 32 bits per sample (channel mask 0x3)
[2018.09.04-10.53.17:446][240]LogInit: FAudioDevice initialized.
[2018.09.04-10.53.17:487][240]LogLoad: Game class is 'GameModeBase'
[2018.09.04-10.53.17:489][240]LogWorld: Bringing World /Game/Maps/UEDPIE_0_NewMap.NewMap up for play (max tick rate 0) at 2018.09.04-12.53.17
[2018.09.04-10.53.17:489][240]LogWorld: Bringing up level for play took: 0.000877
[2018.09.04-10.53.17:515][240]LogContentBrowser: Native class hierarchy updated for 'MovieSceneCapture' in 0.0003 seconds. Added 10 classes and 0 folders.
[2018.09.04-10.53.17:516][240]LogTemp: Warning: SM_Chair_17 is at X=463.000 Y=838.000 Z=32.516
[2018.09.04-10.53.17:516][240]PIE: Play in editor start time for /Game/Maps/UEDPIE_0_NewMap 0,378
[2018.09.04-10.53.22:712][853]LogSlate: Updating window title bar state: overlay mode, drag disabled, window buttons hidden, title bar hidden
[2018.09.04-10.53.22:743][853]LogPlayLevel: Display: Shutting down PIE online subsystems
[2018.09.04-10.53.22:767][853]LogSlate: Updating window title bar state: overlay mode, drag disabled, window buttons hidden, title bar hidden
[2018.09.04-10.53.22:811][857]LogPlayLevel: Display: Destroying online subsystem :Context_3
[2018.09.04-10.53.31:479][ 22]LogSlate: FSceneViewport::OnFocusLost() reason 0
[2018.09.04-10.53.31:713][ 22]LogTemp: Repeating last play command: Selected Viewport
[2018.09.04-10.53.31:722][ 22]LogPlayLevel: PlayLevel: No blueprints needed recompiling
[2018.09.04-10.53.31:722][ 22]PIE: New page: PIE session: NewMap (04 Sep 2018, 2:53:31 PM)
[2018.09.04-10.53.31:722][ 22]LogPlayLevel: Creating play world package: /Game/Maps/UEDPIE_0_NewMap
[2018.09.04-10.53.31:725][ 22]LogPlayLevel: PIE: StaticDuplicateObject took: (0.002365s)
[2018.09.04-10.53.31:726][ 22]LogAIModule: Creating AISystem for world NewMap
[2018.09.04-10.53.31:726][ 22]LogPlayLevel: PIE: World Init took: (0.000687s)
[2018.09.04-10.53.31:726][ 22]LogPlayLevel: PIE: Created PIE world by copying editor world from /Game/Maps/NewMap.NewMap to /Game/Maps/UEDPIE_0_NewMap.NewMap (0.003415s)
[2018.09.04-10.53.31:754][ 22]LogInit: XAudio2 using 'Speakers (Realtek High Definition Audio)' : 2 channels at 48 kHz using 32 bits per sample (channel mask 0x3)
[2018.09.04-10.53.31:767][ 22]LogInit: FAudioDevice initialized.
[2018.09.04-10.53.31:797][ 22]LogLoad: Game class is 'GameModeBase'
[2018.09.04-10.53.31:799][ 22]LogWorld: Bringing World /Game/Maps/UEDPIE_0_NewMap.NewMap up for play (max tick rate 0) at 2018.09.04-12.53.31
[2018.09.04-10.53.31:799][ 22]LogWorld: Bringing up level for play took: 0.000775
[2018.09.04-10.53.31:811][ 22]LogTemp: Warning: SM_Chair_17 is at X=463.000 Y=838.000 Z=32.516
[2018.09.04-10.53.31:812][ 22]PIE: Play in editor start time for /Game/Maps/UEDPIE_0_NewMap 0,674
[2018.09.04-10.53.37:103][644]LogEditorViewport: Clicking on Actor (LMB): StaticMeshActor (SM_Door)
[2018.09.04-10.53.39:545][897]LogSlate: FSceneViewport::OnFocusLost() reason 0
[2018.09.04-10.54.01:485][406]LogSlate: FSceneViewport::OnFocusLost() reason 0
[2018.09.04-10.54.01:545][413]LogSlate: Updating window title bar state: overlay mode, drag disabled, window buttons hidden, title bar hidden
[2018.09.04-10.54.01:574][413]LogPlayLevel: Display: Shutting down PIE online subsystems
[2018.09.04-10.54.01:596][413]LogSlate: Updating window title bar state: overlay mode, drag disabled, window buttons hidden, title bar hidden
[2018.09.04-10.54.01:650][419]LogPlayLevel: Display: Destroying online subsystem :Context_4
[2018.09.04-10.54.14:118][735]LogEditorViewport: Clicking on Actor (LMB): StaticMeshActor (SM_Door)
[2018.09.04-10.54.16:412][992]LogSlate: FSceneViewport::OnFocusLost() reason 0
[2018.09.04-10.54.19:211][318]LogEditorViewport: Clicking on Actor (LMB): TriggerVolume (TriggerVolume)
[2018.09.04-10.54.34:066][ 37]LogSlate: FSceneViewport::OnFocusLost() reason 0
[2018.09.04-10.54.34:174][ 50]LogTemp: Repeating last play command: Selected Viewport
[2018.09.04-10.54.34:180][ 50]LogPlayLevel: PlayLevel: No blueprints needed recompiling
[2018.09.04-10.54.34:180][ 50]PIE: New page: PIE session: NewMap (04 Sep 2018, 2:54:34 PM)
[2018.09.04-10.54.34:180][ 50]LogPlayLevel: Creating play world package: /Game/Maps/UEDPIE_0_NewMap
[2018.09.04-10.54.34:182][ 50]LogPlayLevel: PIE: StaticDuplicateObject took: (0.002174s)
[2018.09.04-10.54.34:183][ 50]LogAIModule: Creating AISystem for world NewMap
[2018.09.04-10.54.34:183][ 50]LogPlayLevel: PIE: World Init took: (0.000587s)
[2018.09.04-10.54.34:183][ 50]LogPlayLevel: PIE: Created PIE world by copying editor world from /Game/Maps/NewMap.NewMap to /Game/Maps/UEDPIE_0_NewMap.NewMap (0.003051s)
[2018.09.04-10.54.34:216][ 50]LogInit: XAudio2 using 'Speakers (Realtek High Definition Audio)' : 2 channels at 48 kHz using 32 bits per sample (channel mask 0x3)
[2018.09.04-10.54.34:230][ 50]LogInit: FAudioDevice initialized.
[2018.09.04-10.54.34:263][ 50]LogLoad: Game class is 'GameModeBase'
[2018.09.04-10.54.34:265][ 50]LogWorld: Bringing World /Game/Maps/UEDPIE_0_NewMap.NewMap up for play (max tick rate 0) at 2018.09.04-12.54.34
[2018.09.04-10.54.34:265][ 50]LogWorld: Bringing up level for play took: 0.000801
[2018.09.04-10.54.34:276][ 50]LogTemp: Warning: SM_Chair_17 is at X=463.000 Y=838.000 Z=32.516
[2018.09.04-10.54.34:277][ 50]PIE: Play in editor start time for /Game/Maps/UEDPIE_0_NewMap -0,861
[2018.09.04-10.54.41:008][768]LogSlate: FSceneViewport::OnFocusLost() reason 0
[2018.09.04-10.54.42:920][966]LogEditorViewport: Clicking on Actor (LMB): StaticMeshActor (SM_Door)
[2018.09.04-10.54.43:616][ 40]LogEditorViewport: Clicking on Actor (LMB): StaticMeshActor (SM_Door)
[2018.09.04-10.54.44:782][176]LogSlate: FSceneViewport::OnFocusLost() reason 0
[2018.09.04-10.55.01:304][148]LogSlate: Updating window title bar state: overlay mode, drag disabled, window buttons hidden, title bar hidden
[2018.09.04-10.55.01:337][148]LogPlayLevel: Display: Shutting down PIE online subsystems
[2018.09.04-10.55.01:357][148]LogSlate: Updating window title bar state: overlay mode, drag disabled, window buttons hidden, title bar hidden
[2018.09.04-10.55.01:408][152]LogPlayLevel: Display: Destroying online subsystem :Context_5
[2018.09.04-10.55.10:051][245]LogEditorViewport: Clicking on Actor (LMB): TriggerVolume (TriggerVolume)
[2018.09.04-10.55.27:445][323]LogSlate: FSceneViewport::OnFocusLost() reason 0
[2018.09.04-10.55.27:561][337]LogTemp: Repeating last play command: Selected Viewport
[2018.09.04-10.55.27:567][337]LogPlayLevel: PlayLevel: No blueprints needed recompiling
[2018.09.04-10.55.27:567][337]PIE: New page: PIE session: NewMap (04 Sep 2018, 2:55:27 PM)
[2018.09.04-10.55.27:567][337]LogPlayLevel: Creating play world package: /Game/Maps/UEDPIE_0_NewMap
[2018.09.04-10.55.27:569][337]LogPlayLevel: PIE: StaticDuplicateObject took: (0.002059s)
[2018.09.04-10.55.27:570][337]LogAIModule: Creating AISystem for world NewMap
[2018.09.04-10.55.27:570][337]LogPlayLevel: PIE: World Init took: (0.000600s)
[2018.09.04-10.55.27:570][337]LogPlayLevel: PIE: Created PIE world by copying editor world from /Game/Maps/NewMap.NewMap to /Game/Maps/UEDPIE_0_NewMap.NewMap (0.002948s)
[2018.09.04-10.55.27:599][337]LogInit: XAudio2 using 'Speakers (Realtek High Definition Audio)' : 2 channels at 48 kHz using 32 bits per sample (channel mask 0x3)
[2018.09.04-10.55.27:612][337]LogInit: FAudioDevice initialized.
[2018.09.04-10.55.27:641][337]LogLoad: Game class is 'GameModeBase'
[2018.09.04-10.55.27:643][337]LogWorld: Bringing World /Game/Maps/UEDPIE_0_NewMap.NewMap up for play (max tick rate 0) at 2018.09.04-12.55.27
[2018.09.04-10.55.27:643][337]LogWorld: Bringing up level for play took: 0.000910
[2018.09.04-10.55.27:654][337]LogTemp: Warning: SM_Chair_17 is at X=463.000 Y=838.000 Z=32.516
[2018.09.04-10.55.27:655][337]PIE: Play in editor start time for /Game/Maps/UEDPIE_0_NewMap 0,517
[2018.09.04-10.55.31:002][554]LogSlate: FSceneViewport::OnFocusLost() reason 0
[2018.09.04-10.55.33:801][777]LogSlate: FSceneViewport::OnFocusLost() reason 0
[2018.09.04-10.55.37:616][ 37]LogSlate: FSceneViewport::OnFocusLost() reason 0
[2018.09.04-10.55.39:471][231]LogSlate: FSceneViewport::OnFocusLost() reason 2
[2018.09.04-10.55.46:184][908]LogSlate: FSceneViewport::OnFocusLost() reason 0
[2018.09.04-10.55.50:523][187]LogSlate: FSceneViewport::OnFocusLost() reason 0
[2018.09.04-10.55.51:444][271]LogSlate: FSceneViewport::OnFocusLost() reason 0
[2018.09.04-10.55.51:545][283]LogSlate: Updating window title bar state: overlay mode, drag disabled, window buttons hidden, title bar hidden
[2018.09.04-10.55.51:577][283]LogPlayLevel: Display: Shutting down PIE online subsystems
[2018.09.04-10.55.51:598][283]LogSlate: Updating window title bar state: overlay mode, drag disabled, window buttons hidden, title bar hidden
[2018.09.04-10.55.51:645][288]LogPlayLevel: Display: Destroying online subsystem :Context_6
[2018.09.04-10.55.56:691][890]LogSlate: FSceneViewport::OnFocusLost() reason 0
[2018.09.04-10.55.56:791][902]LogTemp: Repeating last play command: Selected Viewport
[2018.09.04-10.55.56:800][902]LogPlayLevel: PlayLevel: No blueprints needed recompiling
[2018.09.04-10.55.56:800][902]PIE: New page: PIE session: NewMap (04 Sep 2018, 2:55:56 PM)
[2018.09.04-10.55.56:800][902]LogPlayLevel: Creating play world package: /Game/Maps/UEDPIE_0_NewMap
[2018.09.04-10.55.56:802][902]LogPlayLevel: PIE: StaticDuplicateObject took: (0.002226s)
[2018.09.04-10.55.56:803][902]LogAIModule: Creating AISystem for world NewMap
[2018.09.04-10.55.56:803][902]LogPlayLevel: PIE: World Init took: (0.000638s)
[2018.09.04-10.55.56:803][902]LogPlayLevel: PIE: Created PIE world by copying editor world from /Game/Maps/NewMap.NewMap to /Game/Maps/UEDPIE_0_NewMap.NewMap (0.003291s)
[2018.09.04-10.55.56:832][902]LogInit: XAudio2 using 'Speakers (Realtek High Definition Audio)' : 2 channels at 48 kHz using 32 bits per sample (channel mask 0x3)
[2018.09.04-10.55.56:846][902]LogInit: FAudioDevice initialized.
[2018.09.04-10.55.56:873][902]LogLoad: Game class is 'GameModeBase'
[2018.09.04-10.55.56:875][902]LogWorld: Bringing World /Game/Maps/UEDPIE_0_NewMap.NewMap up for play (max tick rate 0) at 2018.09.04-12.55.56
[2018.09.04-10.55.56:875][902]LogWorld: Bringing up level for play took: 0.000815
[2018.09.04-10.55.56:887][902]LogTemp: Warning: SM_Chair_17 is at X=463.000 Y=838.000 Z=32.516
[2018.09.04-10.55.56:888][902]PIE: Play in editor start time for /Game/Maps/UEDPIE_0_NewMap -0,25
[2018.09.04-10.57.05:454][944]LogHotReload: New module detected: UE4Editor-BuildingEscape-374.dll
[2018.09.04-10.57.07:921][ 44]LogSlate: FSceneViewport::OnFocusLost() reason 0
[2018.09.04-10.57.08:022][ 56]LogSlate: Updating window title bar state: overlay mode, drag disabled, window buttons hidden, title bar hidden
[2018.09.04-10.57.08:050][ 56]LogPlayLevel: Display: Shutting down PIE online subsystems
[2018.09.04-10.57.08:071][ 56]LogSlate: Updating window title bar state: overlay mode, drag disabled, window buttons hidden, title bar hidden
[2018.09.04-10.57.08:090][ 57]LogHotReload: Starting Hot-Reload from IDE
[2018.09.04-10.57.08:134][ 57]LogContentBrowser: Native class hierarchy updated for 'BuildingEscape' in 0.0004 seconds. Added 2 classes and 2 folders.
[2018.09.04-10.57.08:135][ 57]Display: HotReload successful (0 functions remapped  0 scriptstructs remapped)
[2018.09.04-10.57.08:175][ 57]LogContentBrowser: Native class hierarchy populated in 0.0068 seconds. Added 2575 classes and 607 folders.
[2018.09.04-10.57.08:184][ 57]Display: HotReload took  0.1s.
[2018.09.04-10.57.08:187][ 57]LogPlayLevel: Display: Destroying online subsystem :Context_7
[2018.09.04-10.57.08:737][123]LogTemp: Repeating last play command: Selected Viewport
[2018.09.04-10.57.08:747][123]LogPlayLevel: PlayLevel: No blueprints needed recompiling
[2018.09.04-10.57.08:747][123]PIE: New page: PIE session: NewMap (04 Sep 2018, 2:57:08 PM)
[2018.09.04-10.57.08:747][123]LogPlayLevel: Creating play world package: /Game/Maps/UEDPIE_0_NewMap
[2018.09.04-10.57.08:750][123]LogPlayLevel: PIE: StaticDuplicateObject took: (0.002235s)
[2018.09.04-10.57.08:750][123]LogAIModule: Creating AISystem for world NewMap
[2018.09.04-10.57.08:750][123]LogPlayLevel: PIE: World Init took: (0.000653s)
[2018.09.04-10.57.08:750][123]LogPlayLevel: PIE: Created PIE world by copying editor world from /Game/Maps/NewMap.NewMap to /Game/Maps/UEDPIE_0_NewMap.NewMap (0.003202s)
[2018.09.04-10.57.08:780][123]LogInit: XAudio2 using 'Speakers (Realtek High Definition Audio)' : 2 channels at 48 kHz using 32 bits per sample (channel mask 0x3)
[2018.09.04-10.57.08:793][123]LogInit: FAudioDevice initialized.
[2018.09.04-10.57.08:826][123]LogLoad: Game class is 'GameModeBase'
[2018.09.04-10.57.08:828][123]LogWorld: Bringing World /Game/Maps/UEDPIE_0_NewMap.NewMap up for play (max tick rate 0) at 2018.09.04-12.57.08
[2018.09.04-10.57.08:828][123]LogWorld: Bringing up level for play took: 0.000840
[2018.09.04-10.57.08:840][123]LogTemp: Warning: SM_Chair_17 is at X=463.000 Y=838.000 Z=32.516
[2018.09.04-10.57.08:841][123]PIE: Play in editor start time for /Game/Maps/UEDPIE_0_NewMap -0,297
[2018.09.04-10.57.15:888][847]LogSlate: FSceneViewport::OnFocusLost() reason 0
[2018.09.04-10.57.18:126][110]LogEditorViewport: Clicking on Actor (LMB): StaticMeshActor (SM_Door)
[2018.09.04-10.57.20:270][357]LogSlate: FSceneViewport::OnFocusLost() reason 0
[2018.09.04-10.57.34:267][ 27]LogSlate: Updating window title bar state: overlay mode, drag disabled, window buttons hidden, title bar hidden
[2018.09.04-10.57.34:297][ 27]LogPlayLevel: Display: Shutting down PIE online subsystems
[2018.09.04-10.57.34:321][ 27]LogSlate: Updating window title bar state: overlay mode, drag disabled, window buttons hidden, title bar hidden
[2018.09.04-10.57.34:373][ 32]LogPlayLevel: Display: Destroying online subsystem :Context_8
[2018.09.04-10.57.35:222][134]LogEditorViewport: Clicking on Actor (LMB): StaticMeshActor (SM_Door)
[2018.09.04-10.57.37:674][419]LogSlate: FSceneViewport::OnFocusLost() reason 0
[2018.09.04-10.58.46:441][960]LogTemp: Repeating last play command: Selected Viewport
[2018.09.04-10.58.46:447][960]LogPlayLevel: PlayLevel: No blueprints needed recompiling
[2018.09.04-10.58.46:448][960]PIE: New page: PIE session: NewMap (04 Sep 2018, 2:58:46 PM)
[2018.09.04-10.58.46:448][960]LogPlayLevel: Creating play world package: /Game/Maps/UEDPIE_0_NewMap
[2018.09.04-10.58.46:450][960]LogPlayLevel: PIE: StaticDuplicateObject took: (0.002193s)
[2018.09.04-10.58.46:451][960]LogAIModule: Creating AISystem for world NewMap
[2018.09.04-10.58.46:451][960]LogPlayLevel: PIE: World Init took: (0.000587s)
[2018.09.04-10.58.46:451][960]LogPlayLevel: PIE: Created PIE world by copying editor world from /Game/Maps/NewMap.NewMap to /Game/Maps/UEDPIE_0_NewMap.NewMap (0.003085s)
[2018.09.04-10.58.46:483][960]LogInit: XAudio2 using 'Speakers (Realtek High Definition Audio)' : 2 channels at 48 kHz using 32 bits per sample (channel mask 0x3)
[2018.09.04-10.58.46:497][960]LogInit: FAudioDevice initialized.
[2018.09.04-10.58.46:524][960]LogLoad: Game class is 'GameModeBase'
[2018.09.04-10.58.46:526][960]LogWorld: Bringing World /Game/Maps/UEDPIE_0_NewMap.NewMap up for play (max tick rate 0) at 2018.09.04-12.58.46
[2018.09.04-10.58.46:526][960]LogWorld: Bringing up level for play took: 0.000764
[2018.09.04-10.58.46:538][960]LogTemp: Warning: SM_Chair_17 is at X=463.000 Y=838.000 Z=32.516
[2018.09.04-10.58.46:539][960]PIE: Play in editor start time for /Game/Maps/UEDPIE_0_NewMap -0,599
[2018.09.04-10.58.53:231][643]LogSlate: FSceneViewport::OnFocusLost() reason 0
[2018.09.04-10.58.53:315][653]LogSlate: Updating window title bar state: overlay mode, drag disabled, window buttons hidden, title bar hidden
[2018.09.04-10.58.53:349][653]LogPlayLevel: Display: Shutting down PIE online subsystems
[2018.09.04-10.58.53:370][653]LogSlate: Updating window title bar state: overlay mode, drag disabled, window buttons hidden, title bar hidden
[2018.09.04-10.58.53:417][658]LogPlayLevel: Display: Destroying online subsystem :Context_9
[2018.09.04-10.58.59:984][701]LogHotReload: New module detected: UE4Editor-BuildingEscape-8811.dll
[2018.09.04-10.59.00:332][703]LogHotReload: Starting Hot-Reload from IDE
[2018.09.04-10.59.00:373][703]LogContentBrowser: Native class hierarchy updated for 'BuildingEscape' in 0.0003 seconds. Added 2 classes and 2 folders.
[2018.09.04-10.59.00:375][703]Display: HotReload successful (0 functions remapped  0 scriptstructs remapped)
[2018.09.04-10.59.00:418][703]LogContentBrowser: Native class hierarchy populated in 0.0073 seconds. Added 2575 classes and 607 folders.
[2018.09.04-10.59.00:427][703]Display: HotReload took  0.1s.
[2018.09.04-10.59.02:190][770]LogTemp: Repeating last play command: Selected Viewport
[2018.09.04-10.59.02:198][770]LogPlayLevel: PlayLevel: No blueprints needed recompiling
[2018.09.04-10.59.02:199][770]PIE: New page: PIE session: NewMap (04 Sep 2018, 2:59:02 PM)
[2018.09.04-10.59.02:199][770]LogPlayLevel: Creating play world package: /Game/Maps/UEDPIE_0_NewMap
[2018.09.04-10.59.02:201][770]LogPlayLevel: PIE: StaticDuplicateObject took: (0.002234s)
[2018.09.04-10.59.02:202][770]LogAIModule: Creating AISystem for world NewMap
[2018.09.04-10.59.02:202][770]LogPlayLevel: PIE: World Init took: (0.000578s)
[2018.09.04-10.59.02:202][770]LogPlayLevel: PIE: Created PIE world by copying editor world from /Game/Maps/NewMap.NewMap to /Game/Maps/UEDPIE_0_NewMap.NewMap (0.003118s)
[2018.09.04-10.59.02:232][770]LogInit: XAudio2 using 'Speakers (Realtek High Definition Audio)' : 2 channels at 48 kHz using 32 bits per sample (channel mask 0x3)
[2018.09.04-10.59.02:244][770]LogInit: FAudioDevice initialized.
[2018.09.04-10.59.02:285][770]LogLoad: Game class is 'GameModeBase'
[2018.09.04-10.59.02:289][770]LogWorld: Bringing World /Game/Maps/UEDPIE_0_NewMap.NewMap up for play (max tick rate 0) at 2018.09.04-12.59.02
[2018.09.04-10.59.02:290][770]LogWorld: Bringing up level for play took: 0.002738
[2018.09.04-10.59.02:304][770]LogTemp: Warning: SM_Chair_17 is at X=463.000 Y=838.000 Z=32.516
[2018.09.04-10.59.02:305][770]PIE: Play in editor start time for /Game/Maps/UEDPIE_0_NewMap -0,832
[2018.09.04-10.59.08:545][398]LogSlate: FSceneViewport::OnFocusLost() reason 0
[2018.09.04-10.59.09:968][562]LogEditorViewport: Clicking on Actor (LMB): StaticMeshActor (SM_Door)
[2018.09.04-10.59.14:139][ 48]LogSlate: FSceneViewport::OnFocusLost() reason 0
[2018.09.04-10.59.25:228][370]LogSlate: Updating window title bar state: overlay mode, drag disabled, window buttons hidden, title bar hidden
[2018.09.04-10.59.25:263][370]LogPlayLevel: Display: Shutting down PIE online subsystems
[2018.09.04-10.59.25:288][370]LogSlate: Updating window title bar state: overlay mode, drag disabled, window buttons hidden, title bar hidden
[2018.09.04-10.59.25:331][374]LogPlayLevel: Display: Destroying online subsystem :Context_10
[2018.09.04-10.59.25:982][452]LogSlate: FSceneViewport::OnFocusLost() reason 0
[2018.09.04-10.59.26:098][466]LogTemp: Repeating last play command: Selected Viewport
[2018.09.04-10.59.26:104][466]LogPlayLevel: PlayLevel: No blueprints needed recompiling
[2018.09.04-10.59.26:104][466]PIE: New page: PIE session: NewMap (04 Sep 2018, 2:59:26 PM)
[2018.09.04-10.59.26:104][466]LogPlayLevel: Creating play world package: /Game/Maps/UEDPIE_0_NewMap
[2018.09.04-10.59.26:107][466]LogPlayLevel: PIE: StaticDuplicateObject took: (0.002349s)
[2018.09.04-10.59.26:108][466]LogAIModule: Creating AISystem for world NewMap
[2018.09.04-10.59.26:108][466]LogPlayLevel: PIE: World Init took: (0.001043s)
[2018.09.04-10.59.26:108][466]LogPlayLevel: PIE: Created PIE world by copying editor world from /Game/Maps/NewMap.NewMap to /Game/Maps/UEDPIE_0_NewMap.NewMap (0.003902s)
[2018.09.04-10.59.26:138][466]LogInit: XAudio2 using 'Speakers (Realtek High Definition Audio)' : 2 channels at 48 kHz using 32 bits per sample (channel mask 0x3)
[2018.09.04-10.59.26:152][466]LogInit: FAudioDevice initialized.
[2018.09.04-10.59.26:182][466]LogLoad: Game class is 'GameModeBase'
[2018.09.04-10.59.26:183][466]LogWorld: Bringing World /Game/Maps/UEDPIE_0_NewMap.NewMap up for play (max tick rate 0) at 2018.09.04-12.59.26
[2018.09.04-10.59.26:183][466]LogWorld: Bringing up level for play took: 0.000767
[2018.09.04-10.59.26:195][466]LogTemp: Warning: SM_Chair_17 is at X=463.000 Y=838.000 Z=32.516
[2018.09.04-10.59.26:196][466]PIE: Play in editor start time for /Game/Maps/UEDPIE_0_NewMap 1,057
[2018.09.04-10.59.30:882][ 26]LogSlate: Updating window title bar state: overlay mode, drag disabled, window buttons hidden, title bar hidden
[2018.09.04-10.59.30:919][ 26]LogPlayLevel: Display: Shutting down PIE online subsystems
[2018.09.04-10.59.30:941][ 26]LogSlate: Updating window title bar state: overlay mode, drag disabled, window buttons hidden, title bar hidden
[2018.09.04-10.59.30:986][ 30]LogPlayLevel: Display: Destroying online subsystem :Context_11
[2018.09.04-11.00.14:718][220]LogSlate: FSceneViewport::OnFocusLost() reason 0
[2018.09.04-11.05.56:883][930]LogSavePackage: Moving '../../../../../../../GithubRepositories/BuildingEscape/BuildingEscape/Saved/NewMap_Auto1D283D0964B59FD8CCD5263AAA2E27461.tmp' to '../../../../../../../GithubRepositories/BuildingEscape/BuildingEscape/Saved/Autosaves/Game/Maps/NewMap_Auto1.umap'
[2018.09.04-11.05.56:885][930]LogFileHelpers: Editor autosave (incl. sublevels) for '/Game/Maps/NewMap' took 0.056
[2018.09.04-11.05.56:885][930]LogFileHelpers: Editor autosave (incl. sublevels) for all levels took 0.056
[2018.09.04-11.55.44:271][216]LogSlate: FSceneViewport::OnFocusLost() reason 0
[2018.09.04-11.55.44:355][226]LogTemp: Repeating last play command: Selected Viewport
[2018.09.04-11.55.44:362][226]LogPlayLevel: PlayLevel: No blueprints needed recompiling
[2018.09.04-11.55.44:362][226]PIE: New page: PIE session: NewMap (04 Sep 2018, 3:55:44 PM)
[2018.09.04-11.55.44:362][226]LogPlayLevel: Creating play world package: /Game/Maps/UEDPIE_0_NewMap
[2018.09.04-11.55.44:365][226]LogPlayLevel: PIE: StaticDuplicateObject took: (0.002400s)
[2018.09.04-11.55.44:366][226]LogAIModule: Creating AISystem for world NewMap
[2018.09.04-11.55.44:366][226]LogPlayLevel: PIE: World Init took: (0.001003s)
[2018.09.04-11.55.44:366][226]LogPlayLevel: PIE: Created PIE world by copying editor world from /Game/Maps/NewMap.NewMap to /Game/Maps/UEDPIE_0_NewMap.NewMap (0.003785s)
[2018.09.04-11.55.44:398][226]LogInit: XAudio2 using 'Speakers (Realtek High Definition Audio)' : 2 channels at 48 kHz using 32 bits per sample (channel mask 0x3)
[2018.09.04-11.55.44:411][226]LogInit: FAudioDevice initialized.
[2018.09.04-11.55.44:442][226]LogLoad: Game class is 'GameModeBase'
[2018.09.04-11.55.44:443][226]LogWorld: Bringing World /Game/Maps/UEDPIE_0_NewMap.NewMap up for play (max tick rate 0) at 2018.09.04-13.55.44
[2018.09.04-11.55.44:443][226]LogWorld: Bringing up level for play took: 0.000842
[2018.09.04-11.55.44:456][226]LogTemp: Warning: SM_Chair_17 is at X=463.000 Y=838.000 Z=32.516
[2018.09.04-11.55.44:457][226]PIE: Play in editor start time for /Game/Maps/UEDPIE_0_NewMap -0,68
[2018.09.04-11.55.47:832][623]LogEditorViewport: Clicking on Actor (LMB): DefaultPawn (DefaultPawn)
[2018.09.04-11.55.51:779][ 54]LogSlate: FSceneViewport::OnFocusLost() reason 0
[2018.09.04-11.55.51:880][ 66]LogSlate: Updating window title bar state: overlay mode, drag disabled, window buttons hidden, title bar hidden
[2018.09.04-11.55.51:915][ 66]LogPlayLevel: Display: Shutting down PIE online subsystems
[2018.09.04-11.55.51:941][ 66]LogSlate: Updating window title bar state: overlay mode, drag disabled, window buttons hidden, title bar hidden
[2018.09.04-11.55.51:981][ 70]LogPlayLevel: Display: Destroying online subsystem :Context_12
[2018.09.04-11.55.55:672][501]LogSlate: FSceneViewport::OnFocusLost() reason 2
[2018.09.04-11.56.02:848][139]LogTemp: Executing iPhonePackager certificates Engine -bundlename com.YourCompany.BuildingEscape
[2018.09.04-11.56.02:848][139]LogTemp: CWD: D:\Tools\Engines\Unreal\UE_4.20\Engine\Binaries\DotNET\IOS
[2018.09.04-11.56.02:848][139]LogTemp: Initial Dir: D:\Tools\Engines\Unreal\UE_4.20
[2018.09.04-11.56.02:848][139]LogTemp: Env CWD: D:\Tools\Engines\Unreal\UE_4.20\Engine\Binaries\DotNET\IOS
[2018.09.04-11.56.02:848][139]LogTemp: BranchPath = DESKTOP-G8IDVO9/D/Tools/Engines/Unreal/UE_4.20/Engine/Binaries --- GameBranchPath = DESKTOP-G8IDVO9/D/Tools/Engines/Unreal/UE_4.20/Engine/Binaries
[2018.09.04-11.56.02:848][139]LogSlate: Only BGRA pngs, bmps or icos are supported in by External Image Picker
[2018.09.04-11.56.02:930][140]LogTemp: IPP ERROR: Could not find provision directory 'C:\Users\kchin\AppData\Local/Apple Computer/MobileDevice/Provisioning Profiles/'.
[2018.09.04-11.56.31:466][561]LogSlate: Window 'Project Settings' being destroyed
[2018.09.04-11.56.31:469][561]LogSlate: Window 'Project Settings' being destroyed
[2018.09.04-12.04.09:848][555]LogHotReload: New module detected: UE4Editor-BuildingEscape-7859.dll
[2018.09.04-12.04.10:192][557]LogHotReload: Starting Hot-Reload from IDE
[2018.09.04-12.04.10:235][557]LogClass: Could not find existing class OpenDoor in package /Script/BuildingEscape for HotReload, assuming new class
[2018.09.04-12.04.10:238][557]LogHotReload: Re-instancing OpenDoor after hot-reload.
[2018.09.04-12.04.10:273][557]LogContentBrowser: Native class hierarchy updated for 'BuildingEscape' in 0.0003 seconds. Added 2 classes and 2 folders.
[2018.09.04-12.04.10:274][557]Display: HotReload successful (0 functions remapped  0 scriptstructs remapped)
[2018.09.04-12.04.10:316][557]LogContentBrowser: Native class hierarchy populated in 0.0069 seconds. Added 2575 classes and 607 folders.
[2018.09.04-12.04.10:326][557]Display: HotReload took  0.1s.
[2018.09.04-12.04.31:065][527]LogSlate: FSceneViewport::OnFocusLost() reason 2
[2018.09.04-12.04.42:885][945]LogTemp: Repeating last play command: Selected Viewport
[2018.09.04-12.04.42:895][945]LogPlayLevel: PlayLevel: No blueprints needed recompiling
[2018.09.04-12.04.42:895][945]PIE: New page: PIE session: NewMap (04 Sep 2018, 4:04:42 PM)
[2018.09.04-12.04.42:895][945]LogPlayLevel: Creating play world package: /Game/Maps/UEDPIE_0_NewMap
[2018.09.04-12.04.42:898][945]LogPlayLevel: PIE: StaticDuplicateObject took: (0.002735s)
[2018.09.04-12.04.42:899][945]LogAIModule: Creating AISystem for world NewMap
[2018.09.04-12.04.42:899][945]LogPlayLevel: PIE: World Init took: (0.000882s)
[2018.09.04-12.04.42:899][945]LogPlayLevel: PIE: Created PIE world by copying editor world from /Game/Maps/NewMap.NewMap to /Game/Maps/UEDPIE_0_NewMap.NewMap (0.004098s)
[2018.09.04-12.04.42:931][945]LogInit: XAudio2 using 'Speakers (Realtek High Definition Audio)' : 2 channels at 48 kHz using 32 bits per sample (channel mask 0x3)
[2018.09.04-12.04.42:944][945]LogInit: FAudioDevice initialized.
[2018.09.04-12.04.42:975][945]LogLoad: Game class is 'GameModeBase'
[2018.09.04-12.04.42:977][945]LogWorld: Bringing World /Game/Maps/UEDPIE_0_NewMap.NewMap up for play (max tick rate 0) at 2018.09.04-14.04.42
[2018.09.04-12.04.42:977][945]LogWorld: Bringing up level for play took: 0.000870
[2018.09.04-12.04.42:990][945]LogTemp: Warning: SM_Chair_17 is at X=463.000 Y=838.000 Z=32.516
[2018.09.04-12.04.42:990][945]PIE: Play in editor start time for /Game/Maps/UEDPIE_0_NewMap -0,148
[2018.09.04-12.04.48:886][650]LogSlate: Updating window title bar state: overlay mode, drag disabled, window buttons hidden, title bar hidden
[2018.09.04-12.04.48:918][650]LogPlayLevel: Display: Shutting down PIE online subsystems
[2018.09.04-12.04.48:942][650]LogSlate: Updating window title bar state: overlay mode, drag disabled, window buttons hidden, title bar hidden
[2018.09.04-12.04.48:986][654]LogPlayLevel: Display: Destroying online subsystem :Context_13
[2018.09.04-12.04.50:892][880]LogEditorViewport: Clicking on Actor (LMB): TriggerVolume (TriggerVolume)
[2018.09.04-12.04.53:093][133]LogSlate: FSceneViewport::OnFocusLost() reason 0
[2018.09.04-12.04.53:183][144]LogTemp: Repeating last play command: Selected Viewport
[2018.09.04-12.04.53:192][144]LogPlayLevel: PlayLevel: No blueprints needed recompiling
[2018.09.04-12.04.53:193][144]PIE: New page: PIE session: NewMap (04 Sep 2018, 4:04:53 PM)
[2018.09.04-12.04.53:193][144]LogPlayLevel: Creating play world package: /Game/Maps/UEDPIE_0_NewMap
[2018.09.04-12.04.53:195][144]LogPlayLevel: PIE: StaticDuplicateObject took: (0.002157s)
[2018.09.04-12.04.53:196][144]LogAIModule: Creating AISystem for world NewMap
[2018.09.04-12.04.53:196][144]LogPlayLevel: PIE: World Init took: (0.000695s)
[2018.09.04-12.04.53:196][144]LogPlayLevel: PIE: Created PIE world by copying editor world from /Game/Maps/NewMap.NewMap to /Game/Maps/UEDPIE_0_NewMap.NewMap (0.003196s)
[2018.09.04-12.04.53:226][144]LogInit: XAudio2 using 'Speakers (Realtek High Definition Audio)' : 2 channels at 48 kHz using 32 bits per sample (channel mask 0x3)
[2018.09.04-12.04.53:240][144]LogInit: FAudioDevice initialized.
[2018.09.04-12.04.53:272][144]LogLoad: Game class is 'GameModeBase'
[2018.09.04-12.04.53:274][144]LogWorld: Bringing World /Game/Maps/UEDPIE_0_NewMap.NewMap up for play (max tick rate 0) at 2018.09.04-14.04.53
[2018.09.04-12.04.53:274][144]LogWorld: Bringing up level for play took: 0.000812
[2018.09.04-12.04.53:286][144]LogTemp: Warning: SM_Chair_17 is at X=463.000 Y=838.000 Z=32.516
[2018.09.04-12.04.53:287][144]PIE: Play in editor start time for /Game/Maps/UEDPIE_0_NewMap 0,149
[2018.09.04-12.04.55:618][421]LogSlate: Updating window title bar state: overlay mode, drag disabled, window buttons hidden, title bar hidden
[2018.09.04-12.04.55:648][421]LogPlayLevel: Display: Shutting down PIE online subsystems
[2018.09.04-12.04.55:688][421]LogSlate: Updating window title bar state: overlay mode, drag disabled, window buttons hidden, title bar hidden
[2018.09.04-12.04.55:722][424]LogPlayLevel: Display: Destroying online subsystem :Context_14
[2018.09.04-12.04.57:075][586]LogSlate: FSceneViewport::OnFocusLost() reason 0
[2018.09.04-12.04.57:167][597]LogTemp: Repeating last play command: Selected Viewport
[2018.09.04-12.04.57:176][597]LogPlayLevel: PlayLevel: No blueprints needed recompiling
[2018.09.04-12.04.57:176][597]PIE: New page: PIE session: NewMap (04 Sep 2018, 4:04:57 PM)
[2018.09.04-12.04.57:177][597]LogPlayLevel: Creating play world package: /Game/Maps/UEDPIE_0_NewMap
[2018.09.04-12.04.57:179][597]LogPlayLevel: PIE: StaticDuplicateObject took: (0.002150s)
[2018.09.04-12.04.57:179][597]LogAIModule: Creating AISystem for world NewMap
[2018.09.04-12.04.57:180][597]LogPlayLevel: PIE: World Init took: (0.000601s)
[2018.09.04-12.04.57:180][597]LogPlayLevel: PIE: Created PIE world by copying editor world from /Game/Maps/NewMap.NewMap to /Game/Maps/UEDPIE_0_NewMap.NewMap (0.003080s)
[2018.09.04-12.04.57:212][597]LogInit: XAudio2 using 'Speakers (Realtek High Definition Audio)' : 2 channels at 48 kHz using 32 bits per sample (channel mask 0x3)
[2018.09.04-12.04.57:227][597]LogInit: FAudioDevice initialized.
[2018.09.04-12.04.57:259][597]LogLoad: Game class is 'GameModeBase'
[2018.09.04-12.04.57:263][597]LogWorld: Bringing World /Game/Maps/UEDPIE_0_NewMap.NewMap up for play (max tick rate 0) at 2018.09.04-14.04.57
[2018.09.04-12.04.57:264][597]LogWorld: Bringing up level for play took: 0.002483
[2018.09.04-12.04.57:279][597]LogTemp: Warning: SM_Chair_17 is at X=463.000 Y=838.000 Z=32.516
[2018.09.04-12.04.57:280][597]PIE: Play in editor start time for /Game/Maps/UEDPIE_0_NewMap 0,142
[2018.09.04-12.04.59:098][810]LogEditorViewport: Clicking on Actor (LMB): StaticMeshActor (Wall_400x208)
[2018.09.04-12.05.02:209][133]LogEditorViewport: Clicking on Actor (LMB): DefaultPawn (DefaultPawn)
[2018.09.04-12.05.03:823][302]LogEditorViewport: Clicking on Actor (LMB): StaticMeshActor (SM_Door)
[2018.09.04-12.05.05:623][498]LogSlate: FSceneViewport::OnFocusLost() reason 0
[2018.09.04-12.05.10:941][113]LogSlate: Updating window title bar state: overlay mode, drag disabled, window buttons hidden, title bar hidden
[2018.09.04-12.05.10:971][113]LogPlayLevel: Display: Shutting down PIE online subsystems
[2018.09.04-12.05.10:991][113]LogSlate: Updating window title bar state: overlay mode, drag disabled, window buttons hidden, title bar hidden
[2018.09.04-12.05.11:047][119]LogPlayLevel: Display: Destroying online subsystem :Context_15
[2018.09.04-12.05.36:774][290]LogSavePackage: Moving '../../../../../../../GithubRepositories/BuildingEscape/BuildingEscape/Saved/NewMap_Auto2B68A8D5B471A34A98C3473B10F1D0A3E.tmp' to '../../../../../../../GithubRepositories/BuildingEscape/BuildingEscape/Saved/Autosaves/Game/Maps/NewMap_Auto2.umap'
[2018.09.04-12.05.36:777][290]LogFileHelpers: Editor autosave (incl. sublevels) for '/Game/Maps/NewMap' took 0.063
[2018.09.04-12.05.36:777][290]LogFileHelpers: Editor autosave (incl. sublevels) for all levels took 0.063
[2018.09.04-12.13.09:363][364]LogSlate: FSceneViewport::OnFocusLost() reason 2
[2018.09.04-12.13.09:367][364]Cmd: OBJ SAVEPACKAGE PACKAGE="/Game/Maps/NewMap" FILE="../../../../../../../GithubRepositories/BuildingEscape/BuildingEscape/Content/Maps/NewMap.umap" SILENT=true AUTOSAVING=false KEEPDIRTY=false
[2018.09.04-12.13.09:417][364]LogSavePackage: Moving '../../../../../../../GithubRepositories/BuildingEscape/BuildingEscape/Saved/NewMap45843118461B4804F145CC9E778D7AF8.tmp' to '../../../../../../../GithubRepositories/BuildingEscape/BuildingEscape/Content/Maps/NewMap.umap'
[2018.09.04-12.13.09:433][364]Cmd: OBJ SAVEPACKAGE PACKAGE="/Game/Maps/NewMap_BuiltData" FILE="../../../../../../../GithubRepositories/BuildingEscape/BuildingEscape/Content/Maps/NewMap_BuiltData.uasset" SILENT=true
[2018.09.04-12.13.09:507][364]LogSavePackage: Moving '../../../../../../../GithubRepositories/BuildingEscape/BuildingEscape/Saved/NewMap_BuiltData6FD0CCF6436858239CA4BAA809056763.tmp' to '../../../../../../../GithubRepositories/BuildingEscape/BuildingEscape/Content/Maps/NewMap_BuiltData.uasset'
[2018.09.04-12.13.09:959][418]LogSlate: FSceneViewport::OnFocusLost() reason 0
[2018.09.04-12.13.10:122][431]LogSlate: Window 'BuildingEscape - Unreal Editor' being destroyed
[2018.09.04-12.13.10:289][432]Cmd: QUIT_EDITOR
[2018.09.04-12.13.11:115][432]LogWindowsTextInputMethodSystem: Display: IME system now deactivated.
[2018.09.04-12.13.11:128][432]LogExit: Preparing to exit.
[2018.09.04-12.13.11:953][432]LogExit: Editor shut down
[2018.09.04-12.13.11:953][432]LogExit: Transaction tracking system shut down
[2018.09.04-12.13.12:627][432]LogExit: Object subsystem successfully closed.
[2018.09.04-12.13.12:645][432]LogShaderCompilers: Display: Shaders left to compile 0
[2018.09.04-12.13.12:647][432]LogD3D11RHI: Shutdown
[2018.09.04-12.13.12:647][432]LogD3D11RHI: CleanupD3DDevice
[2018.09.04-12.13.12:648][432]LogD3D11RHI: ~FD3D11DynamicRHI
[2018.09.04-12.13.12:658][432]LogModuleManager: Shutting down and abandoning module BuildingEscape (622)
[2018.09.04-12.13.12:658][432]LogModuleManager: Shutting down and abandoning module ExternalImagePicker (621)
[2018.09.04-12.13.12:658][432]LogModuleManager: Shutting down and abandoning module MovieSceneCapture (617)
[2018.09.04-12.13.12:658][432]LogModuleManager: Shutting down and abandoning module Voice (615)
[2018.09.04-12.13.12:658][432]LogModuleManager: Shutting down and abandoning module HierarchicalLODOutliner (612)
[2018.09.04-12.13.12:658][432]LogModuleManager: Shutting down and abandoning module AddContentDialog (610)
[2018.09.04-12.13.12:659][432]LogModuleManager: Shutting down and abandoning module WidgetCarousel (609)
[2018.09.04-12.13.12:659][432]LogModuleManager: Shutting down and abandoning module EditorWidgets (606)
[2018.09.04-12.13.12:659][432]LogModuleManager: Shutting down and abandoning module CollectionManager (604)
[2018.09.04-12.13.12:659][432]LogModuleManager: Shutting down and abandoning module SceneOutliner (602)
[2018.09.04-12.13.12:659][432]LogModuleManager: Shutting down and abandoning module StatsViewer (600)
[2018.09.04-12.13.12:659][432]LogModuleManager: Shutting down and abandoning module FoliageEdit (598)
[2018.09.04-12.13.12:659][432]LogModuleManager: Shutting down and abandoning module LandscapeEditor (596)
[2018.09.04-12.13.12:659][432]LogModuleManager: Shutting down and abandoning module MeshPaintMode (594)
[2018.09.04-12.13.12:659][432]LogModuleManager: Shutting down and abandoning module SceneDepthPickerMode (592)
[2018.09.04-12.13.12:659][432]LogModuleManager: Shutting down and abandoning module ActorPickerMode (590)
[2018.09.04-12.13.12:659][432]LogModuleManager: Shutting down and abandoning module GeometryMode (588)
[2018.09.04-12.13.12:659][432]LogModuleManager: Shutting down and abandoning module TextureAlignMode (586)
[2018.09.04-12.13.12:659][432]LogModuleManager: Shutting down and abandoning module BspMode (584)
[2018.09.04-12.13.12:659][432]LogModuleManager: Shutting down and abandoning module PIEPreviewDeviceProfileSelector (582)
[2018.09.04-12.13.12:659][432]LogModuleManager: Shutting down and abandoning module SequenceRecorderSections (580)
[2018.09.04-12.13.12:659][432]LogModuleManager: Shutting down and abandoning module AutomationWorker (578)
[2018.09.04-12.13.12:659][432]LogModuleManager: Shutting down and abandoning module AudioCaptureEditor (576)
[2018.09.04-12.13.12:659][432]LogModuleManager: Shutting down and abandoning module SequenceRecorder (575)
[2018.09.04-12.13.12:659][432]LogModuleManager: Shutting down and abandoning module MatineeToLevelSequence (572)
[2018.09.04-12.13.12:659][432]LogModuleManager: Shutting down and abandoning module LevelSequenceEditor (570)
[2018.09.04-12.13.12:659][432]LogModuleManager: Shutting down and abandoning module PlacementMode (569)
[2018.09.04-12.13.12:659][432]LogModuleManager: Shutting down and abandoning module MaterialEditor (568)
[2018.09.04-12.13.12:659][432]LogModuleManager: Shutting down and abandoning module WmfMediaFactory (564)
[2018.09.04-12.13.12:659][432]LogModuleManager: Shutting down and abandoning module WmfMediaEditor (562)
[2018.09.04-12.13.12:659][432]LogModuleManager: Shutting down and abandoning module MediaPlayerEditor (560)
[2018.09.04-12.13.12:659][432]LogModuleManager: Shutting down and abandoning module OpenExrWrapper (558)
[2018.09.04-12.13.12:659][432]LogModuleManager: Shutting down and abandoning module ImgMediaFactory (556)
[2018.09.04-12.13.12:659][432]LogModuleManager: Shutting down and abandoning module ImgMediaEditor (554)
[2018.09.04-12.13.12:659][432]LogModuleManager: Shutting down and abandoning module AvfMediaFactory (552)
[2018.09.04-12.13.12:659][432]LogModuleManager: Shutting down and abandoning module AvfMediaEditor (550)
[2018.09.04-12.13.12:659][432]LogModuleManager: Shutting down and abandoning module AndroidMediaFactory (548)
[2018.09.04-12.13.12:659][432]LogModuleManager: Shutting down and abandoning module AndroidMediaEditor (546)
[2018.09.04-12.13.12:659][432]LogModuleManager: Shutting down and abandoning module MagicLeapCameraPreviewFactory (544)
[2018.09.04-12.13.12:659][432]LogModuleManager: Shutting down and abandoning module MagicLeapMediaFactory (542)
[2018.09.04-12.13.12:659][432]LogModuleManager: Shutting down and abandoning module MagicLeapMediaEditor (540)
[2018.09.04-12.13.12:659][432]LogModuleManager: Shutting down and abandoning module CharacterAI (538)
[2018.09.04-12.13.12:659][432]LogModuleManager: Shutting down and abandoning module SmartSnapping (536)
[2018.09.04-12.13.12:659][432]LogModuleManager: Shutting down and abandoning module SessionServices (534)
[2018.09.04-12.13.12:659][432]LogModuleManager: Shutting down and abandoning module ViewportSnapping (532)
[2018.09.04-12.13.12:659][432]LogModuleManager: Shutting down and abandoning module ViewportInteraction (530)
[2018.09.04-12.13.12:659][432]LogModuleManager: Shutting down and abandoning module ClothPainter (528)
[2018.09.04-12.13.12:659][432]LogModuleManager: Shutting down and abandoning module SkeletalMeshEditor (527)
[2018.09.04-12.13.12:659][432]LogModuleManager: Shutting down and abandoning module LogVisualizer (524)
[2018.09.04-12.13.12:659][432]LogModuleManager: Shutting down and abandoning module IntroTutorials (522)
[2018.09.04-12.13.12:660][432]LogModuleManager: Shutting down and abandoning module GameProjectGeneration (521)
[2018.09.04-12.13.12:660][432]LogModuleManager: Shutting down and abandoning module LuminPlatformEditor (518)
[2018.09.04-12.13.12:660][432]LogModuleManager: Shutting down and abandoning module IOSPlatformEditor (516)
[2018.09.04-12.13.12:660][432]LogModuleManager: Shutting down and abandoning module HTML5PlatformEditor (514)
[2018.09.04-12.13.12:660][432]LogModuleManager: Shutting down and abandoning module AndroidPlatformEditor (512)
[2018.09.04-12.13.12:660][432]LogModuleManager: Shutting down and abandoning module AndroidDeviceDetection (511)
[2018.09.04-12.13.12:949][432]LogModuleManager: Shutting down and abandoning module WindowsPlatformEditor (508)
[2018.09.04-12.13.12:949][432]LogModuleManager: Shutting down and abandoning module LuminRuntimeSettings (506)
[2018.09.04-12.13.12:949][432]LogModuleManager: Shutting down and abandoning module IOSRuntimeSettings (504)
[2018.09.04-12.13.12:949][432]LogModuleManager: Shutting down and abandoning module AndroidRuntimeSettings (502)
[2018.09.04-12.13.12:949][432]LogModuleManager: Shutting down and abandoning module InputBindingEditor (500)
[2018.09.04-12.13.12:949][432]LogModuleManager: Shutting down and abandoning module MergeActors (498)
[2018.09.04-12.13.12:949][432]LogModuleManager: Shutting down and abandoning module LocalizationDashboard (496)
[2018.09.04-12.13.12:949][432]LogModuleManager: Shutting down and abandoning module LocalizationService (495)
[2018.09.04-12.13.12:949][432]LogModuleManager: Shutting down and abandoning module HardwareTargeting (492)
[2018.09.04-12.13.12:949][432]LogModuleManager: Shutting down and abandoning module DeviceProfileEditor (490)
[2018.09.04-12.13.12:949][432]LogModuleManager: Shutting down and abandoning module UndoHistory (488)
[2018.09.04-12.13.12:949][432]LogModuleManager: Shutting down and abandoning module XmlParser (486)
[2018.09.04-12.13.12:949][432]LogModuleManager: Shutting down and abandoning module Blutility (484)
[2018.09.04-12.13.12:949][432]LogModuleManager: Shutting down and abandoning module ProjectSettingsViewer (482)
[2018.09.04-12.13.12:949][432]LogModuleManager: Shutting down and abandoning module ProjectTargetPlatformEditor (481)
[2018.09.04-12.13.12:949][432]LogModuleManager: Shutting down and abandoning module EditorSettingsViewer (478)
[2018.09.04-12.13.12:949][432]LogModuleManager: Shutting down and abandoning module SettingsEditor (476)
[2018.09.04-12.13.12:949][432]LogModuleManager: Shutting down and abandoning module ProjectLauncher (474)
[2018.09.04-12.13.12:949][432]LogModuleManager: Shutting down and abandoning module SessionFrontend (472)
[2018.09.04-12.13.12:949][432]LogModuleManager: Shutting down and abandoning module ProfilerClient (470)
[2018.09.04-12.13.12:949][432]LogModuleManager: Shutting down and abandoning module DeviceManager (468)
[2018.09.04-12.13.12:949][432]LogModuleManager: Shutting down and abandoning module TargetDeviceServices (467)
[2018.09.04-12.13.13:013][432]LogModuleManager: Shutting down and abandoning module AutomationController (464)
[2018.09.04-12.13.13:013][432]LogModuleManager: Shutting down and abandoning module AutomationWindow (462)
[2018.09.04-12.13.13:013][432]LogModuleManager: Shutting down and abandoning module Layers (460)
[2018.09.04-12.13.13:013][432]LogModuleManager: Shutting down and abandoning module ComponentVisualizers (458)
[2018.09.04-12.13.13:013][432]LogModuleManager: Shutting down and abandoning module DetailCustomizations (456)
[2018.09.04-12.13.13:013][432]LogModuleManager: Shutting down and abandoning module PackagesDialog (454)
[2018.09.04-12.13.13:013][432]LogModuleManager: Shutting down and abandoning module Persona (452)
[2018.09.04-12.13.13:013][432]LogModuleManager: Shutting down and abandoning module AdvancedPreviewScene (451)
[2018.09.04-12.13.13:013][432]LogModuleManager: Shutting down and abandoning module AnimGraph (449)
[2018.09.04-12.13.13:013][432]LogModuleManager: Shutting down and abandoning module Kismet (446)
[2018.09.04-12.13.13:013][432]LogModuleManager: Shutting down and abandoning module GraphEditor (444)
[2018.09.04-12.13.13:013][432]LogModuleManager: Shutting down and abandoning module ClassViewer (442)
[2018.09.04-12.13.13:013][432]LogModuleManager: Shutting down and abandoning module Toolbox (440)
[2018.09.04-12.13.13:013][432]LogModuleManager: Shutting down and abandoning module DesktopPlatform (439)
[2018.09.04-12.13.13:013][432]LogModuleManager: Shutting down and abandoning module ModuleUI (436)
[2018.09.04-12.13.13:013][432]LogModuleManager: Shutting down and abandoning module MovieSceneTools (434)
[2018.09.04-12.13.13:013][432]LogModuleManager: Shutting down and abandoning module OutputLog (432)
[2018.09.04-12.13.13:013][432]LogModuleManager: Shutting down and abandoning module GammaUI (430)
[2018.09.04-12.13.13:013][432]LogModuleManager: Shutting down and abandoning module Documentation (428)
[2018.09.04-12.13.13:014][432]LogModuleManager: Shutting down and abandoning module MovieSceneTracks (426)
[2018.09.04-12.13.13:014][432]LogModuleManager: Shutting down and abandoning module MovieScene (424)
[2018.09.04-12.13.13:014][432]LogModuleManager: Shutting down and abandoning module StreamingPauseRendering (422)
[2018.09.04-12.13.13:014][432]LogModuleManager: Shutting down and abandoning module LauncherPlatform (420)
[2018.09.04-12.13.13:014][432]LogModuleManager: Shutting down and abandoning module AnalyticsET (418)
[2018.09.04-12.13.13:014][432]LogModuleManager: Shutting down and abandoning module PortalServices (416)
[2018.09.04-12.13.13:014][432]LogModuleManager: Shutting down and abandoning module PortalRpc (414)
[2018.09.04-12.13.13:014][432]LogModuleManager: Shutting down and abandoning module MessagingRpc (412)
[2018.09.04-12.13.13:014][432]LogModuleManager: Shutting down and abandoning module AIModule (410)
[2018.09.04-12.13.13:014][432]LogModuleManager: Shutting down and abandoning module GameplayDebugger (409)
[2018.09.04-12.13.13:014][432]LogModuleManager: Shutting down and abandoning module AITestSuite (407)
[2018.09.04-12.13.13:014][432]LogModuleManager: Shutting down and abandoning module NavigationSystem (405)
[2018.09.04-12.13.13:014][432]LogModuleManager: Shutting down and abandoning module ProfilerService (402)
[2018.09.04-12.13.13:019][432]LogModuleManager: Shutting down and abandoning module TaskGraph (400)
[2018.09.04-12.13.13:019][432]LogModuleManager: Shutting down and abandoning module SteamVRController (398)
[2018.09.04-12.13.13:019][432]LogModuleManager: Shutting down and abandoning module ProceduralMeshComponentEditor (396)
[2018.09.04-12.13.13:019][432]LogModuleManager: Shutting down and abandoning module ProceduralMeshComponent (394)
[2018.09.04-12.13.13:019][432]LogModuleManager: Shutting down and abandoning module OculusInput (392)
[2018.09.04-12.13.13:019][432]LogModuleManager: Shutting down and abandoning module MobilePatchingUtils (390)
[2018.09.04-12.13.13:019][432]LogModuleManager: Shutting down and abandoning module EditableMesh (388)
[2018.09.04-12.13.13:019][432]LogModuleManager: Shutting down and abandoning module CustomMeshComponent (386)
[2018.09.04-12.13.13:019][432]LogModuleManager: Shutting down and abandoning module CableComponent (384)
[2018.09.04-12.13.13:019][432]LogModuleManager: Shutting down and abandoning module AudioCapture (382)
[2018.09.04-12.13.13:019][432]LogModuleManager: Shutting down and abandoning module ArchVisCharacter (380)
[2018.09.04-12.13.13:019][432]LogModuleManager: Shutting down and abandoning module AndroidPermission (378)
[2018.09.04-12.13.13:019][432]LogModuleManager: Shutting down and abandoning module NUTUnrealEngine4 (376)
[2018.09.04-12.13.13:019][432]LogModuleManager: Shutting down and abandoning module NetcodeUnitTest (374)
[2018.09.04-12.13.13:019][432]LogModuleManager: Shutting down and abandoning module MediaCompositingEditor (372)
[2018.09.04-12.13.13:019][432]LogModuleManager: Shutting down and abandoning module MediaCompositing (370)
[2018.09.04-12.13.13:019][432]LogModuleManager: Shutting down and abandoning module LinearTimecode (368)
[2018.09.04-12.13.13:019][432]LogModuleManager: Shutting down and abandoning module ImgMedia (366)
[2018.09.04-12.13.13:022][432]LogModuleManager: Shutting down and abandoning module HTML5Networking (364)
[2018.09.04-12.13.13:022][432]LogModuleManager: Shutting down and abandoning module GeometryCacheTracks (362)
[2018.09.04-12.13.13:022][432]LogModuleManager: Shutting down and abandoning module GeometryCacheSequencer (360)
[2018.09.04-12.13.13:022][432]LogModuleManager: Shutting down and abandoning module BackChannel (358)
[2018.09.04-12.13.13:022][432]LogModuleManager: Shutting down and abandoning module AppleVision (356)
[2018.09.04-12.13.13:022][432]LogModuleManager: Shutting down and abandoning module AppleImageUtils (354)
[2018.09.04-12.13.13:022][432]LogModuleManager: Shutting down and abandoning module AlembicImporter (352)
[2018.09.04-12.13.13:022][432]LogModuleManager: Shutting down and abandoning module AlembicLibrary (351)
[2018.09.04-12.13.13:022][432]LogModuleManager: Shutting down and abandoning module GeometryCache (350)
[2018.09.04-12.13.13:022][432]LogModuleManager: Shutting down and abandoning module GeometryCacheEd (349)
[2018.09.04-12.13.13:022][432]LogModuleManager: Shutting down and abandoning module DatasmithContentEditor (344)
[2018.09.04-12.13.13:022][432]LogModuleManager: Shutting down and abandoning module DatasmithContent (342)
[2018.09.04-12.13.13:022][432]LogModuleManager: Shutting down and abandoning module SpeedTreeImporter (340)
[2018.09.04-12.13.13:022][432]LogModuleManager: Shutting down and abandoning module PluginBrowser (338)
[2018.09.04-12.13.13:022][432]LogModuleManager: Shutting down and abandoning module MobileLauncherProfileWizard (336)
[2018.09.04-12.13.13:022][432]LogModuleManager: Shutting down and abandoning module PolygonModeling (334)
[2018.09.04-12.13.13:022][432]LogModuleManager: Shutting down and abandoning module MeshEditor (332)
[2018.09.04-12.13.13:022][432]LogModuleManager: Shutting down and abandoning module CryptoKeysOpenSSL (330)
[2018.09.04-12.13.13:022][432]LogModuleManager: Shutting down and abandoning module CryptoKeys (328)
[2018.09.04-12.13.13:022][432]LogModuleManager: Shutting down and abandoning module VisualStudioSourceCodeAccess (326)
[2018.09.04-12.13.13:022][432]LogModuleManager: Shutting down and abandoning module VisualStudioCodeSourceCodeAccess (324)
[2018.09.04-12.13.13:022][432]LogModuleManager: Shutting down and abandoning module UObjectPlugin (322)
[2018.09.04-12.13.13:022][432]LogModuleManager: Shutting down and abandoning module SubversionSourceControl (320)
[2018.09.04-12.13.13:022][432]LogModuleManager: Shutting down and abandoning module PerforceSourceControl (318)
[2018.09.04-12.13.13:022][432]LogModuleManager: Shutting down and abandoning module GitSourceControl (316)
[2018.09.04-12.13.13:022][432]LogModuleManager: Shutting down and abandoning module SourceControl (315)
[2018.09.04-12.13.13:022][432]LogModuleManager: Shutting down and abandoning module CLionSourceCodeAccess (312)
[2018.09.04-12.13.13:022][432]LogModuleManager: Shutting down and abandoning module LightPropagationVolumeEditor (310)
[2018.09.04-12.13.13:022][432]LogModuleManager: Shutting down and abandoning module PaperTiledImporter (308)
[2018.09.04-12.13.13:022][432]LogModuleManager: Shutting down and abandoning module PaperSpriteSheetImporter (306)
[2018.09.04-12.13.13:022][432]LogModuleManager: Shutting down and abandoning module Paper2DEditor (304)
[2018.09.04-12.13.13:022][432]LogModuleManager: Shutting down and abandoning module MeshPaint (303)
[2018.09.04-12.13.13:022][432]LogModuleManager: Shutting down and abandoning module RuntimePhysXCooking (298)
[2018.09.04-12.13.13:022][432]LogModuleManager: Shutting down and abandoning module PhysXVehiclesEditor (296)
[2018.09.04-12.13.13:023][432]LogModuleManager: Shutting down and abandoning module PhysXVehicles (294)
[2018.09.04-12.13.13:023][432]LogModuleManager: Shutting down and abandoning module OculusEditor (292)
[2018.09.04-12.13.13:023][432]LogModuleManager: Shutting down and abandoning module LocationServicesBPLibrary (290)
[2018.09.04-12.13.13:023][432]LogModuleManager: Shutting down and abandoning module ImmediatePhysicsEditor (288)
[2018.09.04-12.13.13:023][432]LogModuleManager: Shutting down and abandoning module ImmediatePhysics (286)
[2018.09.04-12.13.13:023][432]LogModuleManager: Shutting down and abandoning module ActorSequence (284)
[2018.09.04-12.13.13:023][432]LogModuleManager: Shutting down and abandoning module UdpMessaging (282)
[2018.09.04-12.13.13:124][432]LogModuleManager: Shutting down and abandoning module TcpMessaging (280)
[2018.09.04-12.13.13:224][432]LogModuleManager: Shutting down and abandoning module MagicLeapAudio (278)
[2018.09.04-12.13.13:224][432]LogModuleManager: Shutting down and abandoning module GameplayTagsEditor (276)
[2018.09.04-12.13.13:224][432]LogModuleManager: Shutting down and abandoning module FacialAnimationEditor (274)
[2018.09.04-12.13.13:224][432]LogModuleManager: Shutting down and abandoning module FacialAnimation (272)
[2018.09.04-12.13.13:224][432]LogModuleManager: Shutting down and abandoning module DataValidation (270)
[2018.09.04-12.13.13:224][432]LogModuleManager: Shutting down and abandoning module AssetManagerEditor (268)
[2018.09.04-12.13.13:224][432]LogModuleManager: Shutting down and abandoning module LevelEditor (267)
[2018.09.04-12.13.13:224][432]LogModuleManager: Shutting down and abandoning module PixelInspectorModule (266)
[2018.09.04-12.13.13:224][432]LogModuleManager: Shutting down and abandoning module CommonMenuExtensions (264)
[2018.09.04-12.13.13:224][432]LogModuleManager: Shutting down and abandoning module MainFrame (262)
[2018.09.04-12.13.13:225][432]LogModuleManager: Shutting down and abandoning module HotReload (261)
[2018.09.04-12.13.13:225][432]LogModuleManager: Shutting down and abandoning module ContentBrowser (257)
[2018.09.04-12.13.13:226][432]LogModuleManager: Shutting down and abandoning module TreeMap (255)
[2018.09.04-12.13.13:226][432]LogModuleManager: Shutting down and abandoning module LightPropagationVolumeRuntime (252)
[2018.09.04-12.13.13:226][432]LogModuleManager: Shutting down and abandoning module AISupportModule (250)
[2018.09.04-12.13.13:226][432]LogModuleManager: Shutting down and abandoning module Paper2D (248)
[2018.09.04-12.13.13:226][432]LogModuleManager: Shutting down and abandoning module WindowsMoviePlayer (246)
[2018.09.04-12.13.13:226][432]LogModuleManager: Shutting down and abandoning module WmfMedia (244)
[2018.09.04-12.13.13:227][432]LogModuleManager: Shutting down and abandoning module Media (243)
[2018.09.04-12.13.13:233][432]LogModuleManager: Shutting down and abandoning module PacketHandler (240)
[2018.09.04-12.13.13:233][432]LogModuleManager: Shutting down and abandoning module ClothingSystemEditor (238)
[2018.09.04-12.13.13:233][432]LogModuleManager: Shutting down and abandoning module ClothingSystemRuntime (236)
[2018.09.04-12.13.13:233][432]LogModuleManager: Shutting down and abandoning module MediaAssets (234)
[2018.09.04-12.13.13:233][432]LogModuleManager: Shutting down and abandoning module Overlay (232)
[2018.09.04-12.13.13:233][432]LogModuleManager: Shutting down and abandoning module OverlayEditor (231)
[2018.09.04-12.13.13:233][432]LogModuleManager: Shutting down and abandoning module VREditor (228)
[2018.09.04-12.13.13:233][432]LogModuleManager: Shutting down and abandoning module StringTableEditor (226)
[2018.09.04-12.13.13:233][432]LogModuleManager: Shutting down and abandoning module GameplayTasksEditor (224)
[2018.09.04-12.13.13:233][432]LogModuleManager: Shutting down and abandoning module BehaviorTreeEditor (222)
[2018.09.04-12.13.13:233][432]LogModuleManager: Shutting down and abandoning module FunctionalTesting (220)
[2018.09.04-12.13.13:233][432]LogModuleManager: Shutting down and abandoning module CollisionAnalyzer (218)
[2018.09.04-12.13.13:233][432]LogModuleManager: Shutting down and abandoning module WorkspaceMenuStructure (217)
[2018.09.04-12.13.13:233][432]LogModuleManager: Shutting down and abandoning module UMG (214)
[2018.09.04-12.13.13:233][432]LogModuleManager: Shutting down and abandoning module UMGEditor (213)
[2018.09.04-12.13.13:233][432]LogModuleManager: Shutting down and abandoning module Sequencer (212)
[2018.09.04-12.13.13:233][432]LogModuleManager: Shutting down and abandoning module MessageLog (209)
[2018.09.04-12.13.13:233][432]LogModuleManager: Shutting down and abandoning module SlateReflector (204)
[2018.09.04-12.13.13:233][432]LogModuleManager: Shutting down and abandoning module Slate (202)
[2018.09.04-12.13.13:233][432]LogModuleManager: Shutting down and abandoning module EditorStyle (200)
[2018.09.04-12.13.13:234][432]LogModuleManager: Shutting down and abandoning module MRMesh (198)
[2018.09.04-12.13.13:234][432]LogModuleManager: Shutting down and abandoning module SourceCodeAccess (196)
[2018.09.04-12.13.13:234][432]LogModuleManager: Shutting down and abandoning module HeadMountedDisplay (194)
[2018.09.04-12.13.13:234][432]LogModuleManager: Shutting down and abandoning module XAudio2 (192)
[2018.09.04-12.13.13:234][432]LogModuleManager: Shutting down and abandoning module Networking (190)
[2018.09.04-12.13.13:234][432]LogModuleManager: Shutting down and abandoning module Core (188)
[2018.09.04-12.13.13:234][432]LogModuleManager: Shutting down and abandoning module LevelSequence (186)
[2018.09.04-12.13.13:235][432]LogModuleManager: Shutting down and abandoning module KismetCompiler (184)
[2018.09.04-12.13.13:235][432]LogModuleManager: Shutting down and abandoning module MeshUtilities (182)
[2018.09.04-12.13.13:235][432]LogModuleManager: Shutting down and abandoning module MeshMergeUtilities (181)
[2018.09.04-12.13.13:235][432]LogModuleManager: Shutting down and abandoning module MeshReductionInterface (180)
[2018.09.04-12.13.13:235][432]LogModuleManager: Shutting down and abandoning module SimplygonSwarm (179)
[2018.09.04-12.13.13:235][432]LogModuleManager: Shutting down and abandoning module ProxyLODMeshReduction (177)
[2018.09.04-12.13.13:235][432]LogModuleManager: Shutting down and abandoning module SimplygonMeshReduction (175)
[2018.09.04-12.13.13:235][432]LogModuleManager: Shutting down and abandoning module QuadricMeshReduction (173)
[2018.09.04-12.13.13:235][432]LogModuleManager: Shutting down and abandoning module MaterialBaking (169)
[2018.09.04-12.13.13:235][432]LogModuleManager: Shutting down and abandoning module DirectoryWatcher (165)
[2018.09.04-12.13.13:235][432]LogModuleManager: Shutting down and abandoning module DerivedDataCache (162)
[2018.09.04-12.13.13:325][432]LogDerivedDataCache: Shutdown
[2018.09.04-12.13.13:325][432]LogModuleManager: Shutting down and abandoning module XGEController (160)
[2018.09.04-12.13.13:325][432]LogXGEController: Cleaning working directory: C:/Users/kchin/AppData/Local/Temp/UnrealXGEWorkingDir/
[2018.09.04-12.13.13:326][432]LogModuleManager: Shutting down and abandoning module TargetPlatform (158)
[2018.09.04-12.13.13:326][432]LogModuleManager: Shutting down and abandoning module VulkanShaderFormat (157)
[2018.09.04-12.13.13:326][432]LogModuleManager: Shutting down and abandoning module ShaderFormatVectorVM (155)
[2018.09.04-12.13.13:326][432]LogModuleManager: Shutting down and abandoning module ShaderFormatOpenGL (153)
[2018.09.04-12.13.13:326][432]LogModuleManager: Shutting down and abandoning module ShaderFormatD3D (151)
[2018.09.04-12.13.13:326][432]LogModuleManager: Shutting down and abandoning module MetalShaderFormat (149)
[2018.09.04-12.13.13:326][432]LogModuleManager: Shutting down and abandoning module TextureFormatUncompressed (147)
[2018.09.04-12.13.13:326][432]LogModuleManager: Shutting down and abandoning module TextureFormatPVR (145)
[2018.09.04-12.13.13:326][432]LogModuleManager: Shutting down and abandoning module TextureFormatDXT (143)
[2018.09.04-12.13.13:326][432]LogModuleManager: Shutting down and abandoning module TextureFormatIntelISPCTexComp (141)
[2018.09.04-12.13.13:327][432]LogModuleManager: Shutting down and abandoning module TextureFormatASTC (139)
[2018.09.04-12.13.13:327][432]LogModuleManager: Shutting down and abandoning module ImageWrapper (138)
[2018.09.04-12.13.13:327][432]LogModuleManager: Shutting down and abandoning module TextureFormatAndroid (135)
[2018.09.04-12.13.13:327][432]LogModuleManager: Shutting down and abandoning module AudioFormatOpus (133)
[2018.09.04-12.13.13:327][432]LogModuleManager: Shutting down and abandoning module AudioFormatOgg (131)
[2018.09.04-12.13.13:327][432]LogModuleManager: Shutting down and abandoning module AudioFormatADPCM (129)
[2018.09.04-12.13.13:327][432]LogModuleManager: Shutting down and abandoning module LuminTargetPlatform (127)
[2018.09.04-12.13.13:327][432]LogModuleManager: Shutting down and abandoning module LinuxTargetPlatform (125)
[2018.09.04-12.13.13:327][432]LogModuleManager: Shutting down and abandoning module LinuxServerTargetPlatform (123)
[2018.09.04-12.13.13:327][432]LogModuleManager: Shutting down and abandoning module LinuxNoEditorTargetPlatform (121)
[2018.09.04-12.13.13:328][432]LogModuleManager: Shutting down and abandoning module LinuxClientTargetPlatform (119)
[2018.09.04-12.13.13:328][432]LogModuleManager: Shutting down and abandoning module TVOSTargetPlatform (117)
[2018.09.04-12.13.13:330][432]LogModuleManager: Shutting down and abandoning module Messaging (115)
[2018.09.04-12.13.13:330][432]LogModuleManager: Shutting down and abandoning module IOSTargetPlatform (113)
[2018.09.04-12.13.13:330][432]LogModuleManager: Shutting down and abandoning module HTML5TargetPlatform (111)
[2018.09.04-12.13.13:330][432]LogModuleManager: Shutting down and abandoning module AndroidTargetPlatform (109)
[2018.09.04-12.13.13:335][432]LogModuleManager: Shutting down and abandoning module WindowsTargetPlatform (107)
[2018.09.04-12.13.13:335][432]LogModuleManager: Shutting down and abandoning module WindowsServerTargetPlatform (105)
[2018.09.04-12.13.13:335][432]LogModuleManager: Shutting down and abandoning module WindowsNoEditorTargetPlatform (103)
[2018.09.04-12.13.13:335][432]LogModuleManager: Shutting down and abandoning module WindowsClientTargetPlatform (101)
[2018.09.04-12.13.13:335][432]LogModuleManager: Shutting down and abandoning module MacTargetPlatform (99)
[2018.09.04-12.13.13:335][432]LogModuleManager: Shutting down and abandoning module MacServerTargetPlatform (97)
[2018.09.04-12.13.13:335][432]LogModuleManager: Shutting down and abandoning module MacNoEditorTargetPlatform (95)
[2018.09.04-12.13.13:335][432]LogModuleManager: Shutting down and abandoning module MacClientTargetPlatform (93)
[2018.09.04-12.13.13:335][432]LogModuleManager: Shutting down and abandoning module AllDesktopTargetPlatform (91)
[2018.09.04-12.13.13:335][432]LogModuleManager: Shutting down and abandoning module InputCore (88)
[2018.09.04-12.13.13:335][432]LogModuleManager: Shutting down and abandoning module Settings (86)
[2018.09.04-12.13.13:335][432]LogModuleManager: Shutting down and abandoning module PhysXCooking (84)
[2018.09.04-12.13.13:335][432]LogModuleManager: Shutting down and abandoning module SteamVR (82)
[2018.09.04-12.13.13:335][432]LogModuleManager: Shutting down and abandoning module OculusHMD (80)
[2018.09.04-12.13.13:335][432]LogModuleManager: Shutting down and abandoning module ExampleDeviceProfileSelector (78)
[2018.09.04-12.13.13:335][432]LogModuleManager: Shutting down and abandoning module LauncherChunkInstaller (76)
[2018.09.04-12.13.13:335][432]LogModuleManager: Shutting down and abandoning module OnlineBlueprintSupport (74)
[2018.09.04-12.13.13:335][432]LogModuleManager: Shutting down and abandoning module OnlineSubsystem (70)
[2018.09.04-12.13.13:335][432]LogModuleManager: Shutting down and abandoning module XMPP (65)
[2018.09.04-12.13.13:335][432]LogModuleManager: Shutting down and abandoning module WebSockets (64)
[2018.09.04-12.13.13:345][432]LogModuleManager: Shutting down and abandoning module HTTP (61)
[2018.09.04-12.13.13:345][432]LogHttp: Display: Http module shutting down, but needs to wait on 1 outstanding Http requests:
[2018.09.04-12.13.13:345][432]LogHttp: Display: 	verb=[POST] url=[https://datarouter.ol.epicgames.com/datarouter/api/v1/public/data?SessionID=%7BC8B1393B-4EDF-06AE-E787-75A160C50B02%7D&AppID=UEEditor.Rocket.Release&AppVersion=4.20.0-4212847%2B%2B%2BUE4%2BRelease-4.20&UserID=e6cdddeb4d1fe6585cdfa0b018a9346f%7Cac78c61df7a74771a3495830ed0875c9%7C2173f9d3-495d-4a1f-bcf2-54c0729477a4&AppEnvironment=datacollector-binary&UploadType=eteventstream] status=Processing
[2018.09.04-12.13.13:354][432]LogModuleManager: Shutting down and abandoning module SSL (60)
[2018.09.04-12.13.13:355][432]LogModuleManager: Shutting down and abandoning module MagicLeapEmulator (56)
[2018.09.04-12.13.13:355][432]LogModuleManager: Shutting down and abandoning module MagicLeapPrivileges (54)
[2018.09.04-12.13.13:355][432]LogModuleManager: Shutting down and abandoning module MagicLeapIdentity (52)
[2018.09.04-12.13.13:355][432]LogModuleManager: Shutting down and abandoning module MagicLeapHelperVulkan (50)
[2018.09.04-12.13.13:355][432]LogModuleManager: Shutting down and abandoning module MagicLeapHelperOpenGL (48)
[2018.09.04-12.13.13:355][432]LogModuleManager: Shutting down and abandoning module MagicLeapSecureStorage (46)
[2018.09.04-12.13.13:355][432]LogModuleManager: Shutting down and abandoning module MagicLeapGestures (44)
[2018.09.04-12.13.13:355][432]LogModuleManager: Shutting down and abandoning module MagicLeapEyeTracker (42)
[2018.09.04-12.13.13:355][432]LogModuleManager: Shutting down and abandoning module MagicLeapController (40)
[2018.09.04-12.13.13:355][432]LogSlate: Slate User Destroyed.  User Index 0, Is Virtual User: 0
[2018.09.04-12.13.13:355][432]LogModuleManager: Shutting down and abandoning module MagicLeap (38)
[2018.09.04-12.13.13:355][432]LogModuleManager: Shutting down and abandoning module AnimationModifiers (36)
[2018.09.04-12.13.13:355][432]LogModuleManager: Shutting down and abandoning module PropertyEditor (35)
[2018.09.04-12.13.13:355][432]LogModuleManager: Shutting down and abandoning module AudioEditor (32)
[2018.09.04-12.13.13:355][432]LogModuleManager: Shutting down and abandoning module TextureCompressor (30)
[2018.09.04-12.13.13:355][432]LogModuleManager: Shutting down and abandoning module ShaderCore (28)
[2018.09.04-12.13.13:355][432]LogModuleManager: Shutting down and abandoning module Landscape (26)
[2018.09.04-12.13.13:355][432]LogModuleManager: Shutting down and abandoning module SlateRHIRenderer (24)
[2018.09.04-12.13.13:356][432]LogModuleManager: Shutting down and abandoning module OpenGLDrv (22)
[2018.09.04-12.13.13:356][432]LogModuleManager: Shutting down and abandoning module D3D11RHI (20)
[2018.09.04-12.13.13:356][432]LogModuleManager: Shutting down and abandoning module AnimGraphRuntime (18)
[2018.09.04-12.13.13:356][432]LogModuleManager: Shutting down and abandoning module Renderer (16)
[2018.09.04-12.13.13:356][432]LogModuleManager: Shutting down and abandoning module Engine (14)
[2018.09.04-12.13.13:356][432]LogModuleManager: Shutting down and abandoning module CoreUObject (12)
[2018.09.04-12.13.13:356][432]LogModuleManager: Shutting down and abandoning module NetworkFile (10)
[2018.09.04-12.13.13:356][432]LogModuleManager: Shutting down and abandoning module CookedIterativeFile (8)
[2018.09.04-12.13.13:356][432]LogModuleManager: Shutting down and abandoning module StreamingFile (6)
[2018.09.04-12.13.13:356][432]LogModuleManager: Shutting down and abandoning module SandboxFile (4)
[2018.09.04-12.13.13:356][432]LogModuleManager: Shutting down and abandoning module PakFile (2)
[2018.09.04-12.13.13:362][432]LogExit: Exiting.
[2018.09.04-12.13.13:388][432]Log file closed, 09/04/18 14:13:13
